mode: set
github.com/ekhvalov/bank-chat-service/bloodhound/bloodhound.go:14.42,16.37 2 1
github.com/ekhvalov/bank-chat-service/bloodhound/bloodhound.go:16.37,18.3 1 1
github.com/ekhvalov/bank-chat-service/bloodhound/bloodhound.go:19.2,19.40 1 1
github.com/ekhvalov/bank-chat-service/bloodhound/bloodhound.go:19.40,21.3 1 1
github.com/ekhvalov/bank-chat-service/bloodhound/bloodhound.go:22.2,22.38 1 1
github.com/ekhvalov/bank-chat-service/bloodhound/bloodhound.go:22.38,24.3 1 1
github.com/ekhvalov/bank-chat-service/bloodhound/bloodhound.go:25.2,25.37 1 1
github.com/ekhvalov/bank-chat-service/bloodhound/bloodhound.go:25.37,27.3 1 1
github.com/ekhvalov/bank-chat-service/bloodhound/bloodhound.go:28.2,28.44 1 1
github.com/ekhvalov/bank-chat-service/bloodhound/bloodhound.go:28.44,30.3 1 1
github.com/ekhvalov/bank-chat-service/bloodhound/bloodhound.go:31.2,31.34 1 1
github.com/ekhvalov/bank-chat-service/bloodhound/verdict.go:21.40,23.2 1 1
github.com/ekhvalov/bank-chat-service/bloodhound/verdict.go:25.34,27.2 1 0
github.com/ekhvalov/bank-chat-service/bloodhound/verdict.go:29.43,30.42 1 1
github.com/ekhvalov/bank-chat-service/bloodhound/verdict.go:30.42,32.3 1 1
github.com/ekhvalov/bank-chat-service/bloodhound/verdict.go:33.2,33.31 1 1
github.com/ekhvalov/bank-chat-service/bloodhound/verdict.go:33.31,34.25 1 1
github.com/ekhvalov/bank-chat-service/bloodhound/verdict.go:34.25,36.4 1 0
github.com/ekhvalov/bank-chat-service/bloodhound/verdict.go:38.2,38.33 1 1
github.com/ekhvalov/bank-chat-service/bloodhound/verdict.go:38.33,39.23 1 1
github.com/ekhvalov/bank-chat-service/bloodhound/verdict.go:39.23,41.4 1 0
github.com/ekhvalov/bank-chat-service/bloodhound/verdict.go:43.2,43.13 1 1
github.com/ekhvalov/bank-chat-service/bloodhound/verdict.go:46.35,47.19 1 1
github.com/ekhvalov/bank-chat-service/bloodhound/verdict.go:47.19,49.3 1 1
github.com/ekhvalov/bank-chat-service/bloodhound/verdict.go:52.39,53.31 1 1
github.com/ekhvalov/bank-chat-service/bloodhound/verdict.go:53.31,54.16 1 1
github.com/ekhvalov/bank-chat-service/bloodhound/verdict.go:54.16,56.4 1 1
github.com/ekhvalov/bank-chat-service/bloodhound/verdict.go:58.2,58.14 1 1
github.com/ekhvalov/bank-chat-service/bloodhound/verdict.go:61.36,63.2 1 1
github.com/ekhvalov/bank-chat-service/cmd/chat-service/main.go:51.13,52.30 1 1
github.com/ekhvalov/bank-chat-service/cmd/chat-service/main.go:52.30,54.3 1 0
github.com/ekhvalov/bank-chat-service/cmd/chat-service/main.go:57.32,64.16 5 1
github.com/ekhvalov/bank-chat-service/cmd/chat-service/main.go:64.16,66.3 1 0
github.com/ekhvalov/bank-chat-service/cmd/chat-service/main.go:68.2,72.16 4 1
github.com/ekhvalov/bank-chat-service/cmd/chat-service/main.go:72.16,74.3 1 0
github.com/ekhvalov/bank-chat-service/cmd/chat-service/main.go:76.2,77.65 2 1
github.com/ekhvalov/bank-chat-service/cmd/chat-service/main.go:77.65,79.3 1 0
github.com/ekhvalov/bank-chat-service/cmd/chat-service/main.go:80.2,80.65 1 1
github.com/ekhvalov/bank-chat-service/cmd/chat-service/main.go:80.65,82.3 1 0
github.com/ekhvalov/bank-chat-service/cmd/chat-service/main.go:83.2,84.16 2 1
github.com/ekhvalov/bank-chat-service/cmd/chat-service/main.go:84.16,86.3 1 0
github.com/ekhvalov/bank-chat-service/cmd/chat-service/main.go:87.2,87.15 1 1
github.com/ekhvalov/bank-chat-service/cmd/chat-service/main.go:87.15,88.50 1 1
github.com/ekhvalov/bank-chat-service/cmd/chat-service/main.go:88.50,89.41 1 1
github.com/ekhvalov/bank-chat-service/cmd/chat-service/main.go:89.41,91.5 1 0
github.com/ekhvalov/bank-chat-service/cmd/chat-service/main.go:95.2,98.16 3 1
github.com/ekhvalov/bank-chat-service/cmd/chat-service/main.go:98.16,100.3 1 0
github.com/ekhvalov/bank-chat-service/cmd/chat-service/main.go:102.2,105.16 3 1
github.com/ekhvalov/bank-chat-service/cmd/chat-service/main.go:105.16,107.3 1 0
github.com/ekhvalov/bank-chat-service/cmd/chat-service/main.go:109.2,110.16 2 1
github.com/ekhvalov/bank-chat-service/cmd/chat-service/main.go:110.16,112.3 1 0
github.com/ekhvalov/bank-chat-service/cmd/chat-service/main.go:114.2,115.16 2 1
github.com/ekhvalov/bank-chat-service/cmd/chat-service/main.go:115.16,117.3 1 0
github.com/ekhvalov/bank-chat-service/cmd/chat-service/main.go:119.2,120.16 2 1
github.com/ekhvalov/bank-chat-service/cmd/chat-service/main.go:120.16,122.3 1 0
github.com/ekhvalov/bank-chat-service/cmd/chat-service/main.go:124.2,134.16 2 1
github.com/ekhvalov/bank-chat-service/cmd/chat-service/main.go:134.16,136.3 1 0
github.com/ekhvalov/bank-chat-service/cmd/chat-service/main.go:138.2,139.16 2 1
github.com/ekhvalov/bank-chat-service/cmd/chat-service/main.go:139.16,141.3 1 0
github.com/ekhvalov/bank-chat-service/cmd/chat-service/main.go:143.2,155.16 3 1
github.com/ekhvalov/bank-chat-service/cmd/chat-service/main.go:155.16,157.3 1 0
github.com/ekhvalov/bank-chat-service/cmd/chat-service/main.go:159.2,160.16 2 1
github.com/ekhvalov/bank-chat-service/cmd/chat-service/main.go:160.16,162.3 1 0
github.com/ekhvalov/bank-chat-service/cmd/chat-service/main.go:164.2,173.16 2 1
github.com/ekhvalov/bank-chat-service/cmd/chat-service/main.go:173.16,175.3 1 0
github.com/ekhvalov/bank-chat-service/cmd/chat-service/main.go:177.2,180.21 2 1
github.com/ekhvalov/bank-chat-service/cmd/chat-service/main.go:180.21,180.49 1 1
github.com/ekhvalov/bank-chat-service/cmd/chat-service/main.go:181.2,181.21 1 1
github.com/ekhvalov/bank-chat-service/cmd/chat-service/main.go:181.21,181.53 1 1
github.com/ekhvalov/bank-chat-service/cmd/chat-service/main.go:182.2,182.21 1 1
github.com/ekhvalov/bank-chat-service/cmd/chat-service/main.go:182.21,182.54 1 1
github.com/ekhvalov/bank-chat-service/cmd/chat-service/main.go:185.2,185.21 1 1
github.com/ekhvalov/bank-chat-service/cmd/chat-service/main.go:185.21,185.50 1 1
github.com/ekhvalov/bank-chat-service/cmd/chat-service/main.go:186.2,186.21 1 1
github.com/ekhvalov/bank-chat-service/cmd/chat-service/main.go:186.21,186.53 1 1
github.com/ekhvalov/bank-chat-service/cmd/chat-service/main.go:187.2,187.21 1 1
github.com/ekhvalov/bank-chat-service/cmd/chat-service/main.go:187.21,187.57 1 1
github.com/ekhvalov/bank-chat-service/cmd/chat-service/main.go:189.2,189.70 1 1
github.com/ekhvalov/bank-chat-service/cmd/chat-service/main.go:189.70,191.3 1 0
github.com/ekhvalov/bank-chat-service/cmd/chat-service/main.go:193.2,193.12 1 1
github.com/ekhvalov/bank-chat-service/cmd/chat-service/main.go:204.38,208.2 1 1
github.com/ekhvalov/bank-chat-service/cmd/chat-service/main.go:210.46,217.2 1 1
github.com/ekhvalov/bank-chat-service/cmd/chat-service/main.go:219.102,227.16 2 1
github.com/ekhvalov/bank-chat-service/cmd/chat-service/main.go:227.16,229.3 1 0
github.com/ekhvalov/bank-chat-service/cmd/chat-service/main.go:231.2,231.49 1 1
github.com/ekhvalov/bank-chat-service/cmd/chat-service/main.go:231.49,233.3 1 0
github.com/ekhvalov/bank-chat-service/cmd/chat-service/main.go:235.2,235.36 1 1
github.com/ekhvalov/bank-chat-service/cmd/chat-service/main.go:235.36,236.40 1 1
github.com/ekhvalov/bank-chat-service/cmd/chat-service/main.go:236.40,238.4 1 0
github.com/ekhvalov/bank-chat-service/cmd/chat-service/main.go:239.3,239.13 1 1
github.com/ekhvalov/bank-chat-service/cmd/chat-service/main.go:242.2,242.20 1 1
github.com/ekhvalov/bank-chat-service/cmd/chat-service/main.go:254.28,256.16 2 1
github.com/ekhvalov/bank-chat-service/cmd/chat-service/main.go:256.16,258.3 1 0
github.com/ekhvalov/bank-chat-service/cmd/chat-service/main.go:259.2,261.16 3 1
github.com/ekhvalov/bank-chat-service/cmd/chat-service/main.go:261.16,263.3 1 0
github.com/ekhvalov/bank-chat-service/cmd/chat-service/main.go:265.2,266.16 2 1
github.com/ekhvalov/bank-chat-service/cmd/chat-service/main.go:266.16,268.3 1 0
github.com/ekhvalov/bank-chat-service/cmd/chat-service/main.go:269.2,269.27 1 1
github.com/ekhvalov/bank-chat-service/cmd/chat-service/main.go:269.27,271.17 2 1
github.com/ekhvalov/bank-chat-service/cmd/chat-service/main.go:271.17,273.4 1 0
github.com/ekhvalov/bank-chat-service/cmd/chat-service/main.go:276.2,276.23 1 1
github.com/ekhvalov/bank-chat-service/cmd/chat-service/main.go:279.96,283.16 4 1
github.com/ekhvalov/bank-chat-service/cmd/chat-service/main.go:283.16,285.3 1 0
github.com/ekhvalov/bank-chat-service/cmd/chat-service/main.go:286.2,286.25 1 1
github.com/ekhvalov/bank-chat-service/cmd/chat-service/main.go:298.3,308.36 3 1
github.com/ekhvalov/bank-chat-service/cmd/chat-service/main.go:308.36,311.3 2 1
github.com/ekhvalov/bank-chat-service/cmd/chat-service/main.go:312.2,312.23 1 1
github.com/ekhvalov/bank-chat-service/cmd/chat-service/main.go:320.42,334.2 1 1
github.com/ekhvalov/bank-chat-service/cmd/chat-service/main.go:344.25,352.16 3 1
github.com/ekhvalov/bank-chat-service/cmd/chat-service/main.go:352.16,354.3 1 0
github.com/ekhvalov/bank-chat-service/cmd/chat-service/main.go:355.2,360.16 3 1
github.com/ekhvalov/bank-chat-service/cmd/chat-service/main.go:360.16,362.3 1 0
github.com/ekhvalov/bank-chat-service/cmd/chat-service/main.go:363.2,366.16 3 1
github.com/ekhvalov/bank-chat-service/cmd/chat-service/main.go:366.16,368.3 1 0
github.com/ekhvalov/bank-chat-service/cmd/chat-service/main.go:369.2,374.16 3 1
github.com/ekhvalov/bank-chat-service/cmd/chat-service/main.go:374.16,376.3 1 0
github.com/ekhvalov/bank-chat-service/cmd/chat-service/main.go:377.2,382.16 3 1
github.com/ekhvalov/bank-chat-service/cmd/chat-service/main.go:382.16,384.3 1 0
github.com/ekhvalov/bank-chat-service/cmd/chat-service/main.go:385.2,388.16 3 1
github.com/ekhvalov/bank-chat-service/cmd/chat-service/main.go:388.16,390.3 1 0
github.com/ekhvalov/bank-chat-service/cmd/chat-service/main.go:391.2,393.18 2 1
github.com/ekhvalov/bank-chat-service/cmd/chat-service/server_client.go:36.27,40.16 3 1
github.com/ekhvalov/bank-chat-service/cmd/chat-service/server_client.go:40.16,42.3 1 0
github.com/ekhvalov/bank-chat-service/cmd/chat-service/server_client.go:43.2,44.16 2 1
github.com/ekhvalov/bank-chat-service/cmd/chat-service/server_client.go:44.16,46.3 1 0
github.com/ekhvalov/bank-chat-service/cmd/chat-service/server_client.go:47.2,48.16 2 1
github.com/ekhvalov/bank-chat-service/cmd/chat-service/server_client.go:48.16,50.3 1 0
github.com/ekhvalov/bank-chat-service/cmd/chat-service/server_client.go:52.2,53.16 2 1
github.com/ekhvalov/bank-chat-service/cmd/chat-service/server_client.go:53.16,55.3 1 0
github.com/ekhvalov/bank-chat-service/cmd/chat-service/server_client.go:57.2,58.16 2 1
github.com/ekhvalov/bank-chat-service/cmd/chat-service/server_client.go:58.16,60.3 1 0
github.com/ekhvalov/bank-chat-service/cmd/chat-service/server_client.go:62.2,69.16 2 1
github.com/ekhvalov/bank-chat-service/cmd/chat-service/server_client.go:69.16,71.3 1 0
github.com/ekhvalov/bank-chat-service/cmd/chat-service/server_client.go:73.2,84.16 2 1
github.com/ekhvalov/bank-chat-service/cmd/chat-service/server_client.go:84.16,86.3 1 0
github.com/ekhvalov/bank-chat-service/cmd/chat-service/server_client.go:88.2,88.15 1 1
github.com/ekhvalov/bank-chat-service/cmd/chat-service/server_client.go:91.76,100.2 1 1
github.com/ekhvalov/bank-chat-service/cmd/chat-service/server_client.go:102.125,104.16 2 1
github.com/ekhvalov/bank-chat-service/cmd/chat-service/server_client.go:104.16,106.3 1 0
github.com/ekhvalov/bank-chat-service/cmd/chat-service/server_client.go:108.2,109.16 2 1
github.com/ekhvalov/bank-chat-service/cmd/chat-service/server_client.go:109.16,111.3 1 0
github.com/ekhvalov/bank-chat-service/cmd/chat-service/server_client.go:113.2,114.16 2 1
github.com/ekhvalov/bank-chat-service/cmd/chat-service/server_client.go:114.16,116.3 1 0
github.com/ekhvalov/bank-chat-service/cmd/chat-service/server_client.go:118.2,120.16 3 1
github.com/ekhvalov/bank-chat-service/cmd/chat-service/server_client.go:120.16,122.3 1 0
github.com/ekhvalov/bank-chat-service/cmd/chat-service/server_client.go:124.2,125.16 2 1
github.com/ekhvalov/bank-chat-service/cmd/chat-service/server_client.go:125.16,127.3 1 0
github.com/ekhvalov/bank-chat-service/cmd/chat-service/server_client.go:129.2,129.93 1 1
github.com/ekhvalov/bank-chat-service/cmd/chat-service/server_manager.go:44.27,48.16 3 1
github.com/ekhvalov/bank-chat-service/cmd/chat-service/server_manager.go:48.16,50.3 1 0
github.com/ekhvalov/bank-chat-service/cmd/chat-service/server_manager.go:52.2,62.16 2 1
github.com/ekhvalov/bank-chat-service/cmd/chat-service/server_manager.go:62.16,64.3 1 0
github.com/ekhvalov/bank-chat-service/cmd/chat-service/server_manager.go:66.2,67.16 2 1
github.com/ekhvalov/bank-chat-service/cmd/chat-service/server_manager.go:67.16,69.3 1 0
github.com/ekhvalov/bank-chat-service/cmd/chat-service/server_manager.go:71.2,72.16 2 1
github.com/ekhvalov/bank-chat-service/cmd/chat-service/server_manager.go:72.16,74.3 1 0
github.com/ekhvalov/bank-chat-service/cmd/chat-service/server_manager.go:76.2,77.16 2 1
github.com/ekhvalov/bank-chat-service/cmd/chat-service/server_manager.go:77.16,79.3 1 0
github.com/ekhvalov/bank-chat-service/cmd/chat-service/server_manager.go:81.2,87.16 2 1
github.com/ekhvalov/bank-chat-service/cmd/chat-service/server_manager.go:87.16,89.3 1 0
github.com/ekhvalov/bank-chat-service/cmd/chat-service/server_manager.go:91.2,102.16 2 1
github.com/ekhvalov/bank-chat-service/cmd/chat-service/server_manager.go:102.16,104.3 1 0
github.com/ekhvalov/bank-chat-service/cmd/chat-service/server_manager.go:106.2,106.15 1 1
github.com/ekhvalov/bank-chat-service/cmd/chat-service/server_manager.go:118.31,120.16 2 1
github.com/ekhvalov/bank-chat-service/cmd/chat-service/server_manager.go:120.16,122.3 1 0
github.com/ekhvalov/bank-chat-service/cmd/chat-service/server_manager.go:124.2,125.16 2 1
github.com/ekhvalov/bank-chat-service/cmd/chat-service/server_manager.go:125.16,127.3 1 0
github.com/ekhvalov/bank-chat-service/cmd/chat-service/server_manager.go:129.2,130.16 2 1
github.com/ekhvalov/bank-chat-service/cmd/chat-service/server_manager.go:130.16,132.3 1 0
github.com/ekhvalov/bank-chat-service/cmd/chat-service/server_manager.go:134.2,135.16 2 1
github.com/ekhvalov/bank-chat-service/cmd/chat-service/server_manager.go:135.16,137.3 1 0
github.com/ekhvalov/bank-chat-service/cmd/chat-service/server_manager.go:139.2,140.16 2 1
github.com/ekhvalov/bank-chat-service/cmd/chat-service/server_manager.go:140.16,142.3 1 0
github.com/ekhvalov/bank-chat-service/cmd/chat-service/server_manager.go:144.2,145.16 2 1
github.com/ekhvalov/bank-chat-service/cmd/chat-service/server_manager.go:145.16,147.3 1 0
github.com/ekhvalov/bank-chat-service/cmd/chat-service/server_manager.go:149.2,152.16 2 1
github.com/ekhvalov/bank-chat-service/cmd/chat-service/server_manager.go:152.16,154.3 1 0
github.com/ekhvalov/bank-chat-service/cmd/chat-service/server_manager.go:156.2,164.4 1 1
github.com/ekhvalov/bank-chat-service/cmd/chat-service/shutdown.go:5.43,7.2 1 1
github.com/ekhvalov/bank-chat-service/internal/buildinfo/build_info.go:7.13,10.9 3 1
github.com/ekhvalov/bank-chat-service/internal/buildinfo/build_info.go:10.9,11.34 1 0
github.com/ekhvalov/bank-chat-service/internal/clients/keycloak/api_auth.go:22.85,36.16 4 1
github.com/ekhvalov/bank-chat-service/internal/clients/keycloak/api_auth.go:36.16,38.3 1 0
github.com/ekhvalov/bank-chat-service/internal/clients/keycloak/api_auth.go:39.2,39.40 1 1
github.com/ekhvalov/bank-chat-service/internal/clients/keycloak/api_auth.go:39.40,41.3 1 0
github.com/ekhvalov/bank-chat-service/internal/clients/keycloak/api_auth.go:43.2,43.20 1 1
github.com/ekhvalov/bank-chat-service/internal/clients/keycloak/api_introspect.go:21.53,23.37 2 1
github.com/ekhvalov/bank-chat-service/internal/clients/keycloak/api_introspect.go:23.37,26.3 2 1
github.com/ekhvalov/bank-chat-service/internal/clients/keycloak/api_introspect.go:27.2,28.50 2 1
github.com/ekhvalov/bank-chat-service/internal/clients/keycloak/api_introspect.go:28.50,30.3 1 0
github.com/ekhvalov/bank-chat-service/internal/clients/keycloak/api_introspect.go:31.2,32.12 2 1
github.com/ekhvalov/bank-chat-service/internal/clients/keycloak/api_introspect.go:37.101,50.16 4 1
github.com/ekhvalov/bank-chat-service/internal/clients/keycloak/api_introspect.go:50.16,52.3 1 0
github.com/ekhvalov/bank-chat-service/internal/clients/keycloak/api_introspect.go:53.2,53.40 1 1
github.com/ekhvalov/bank-chat-service/internal/clients/keycloak/api_introspect.go:53.40,55.3 1 0
github.com/ekhvalov/bank-chat-service/internal/clients/keycloak/api_introspect.go:57.2,57.21 1 1
github.com/ekhvalov/bank-chat-service/internal/clients/keycloak/api_introspect.go:60.59,64.2 1 1
github.com/ekhvalov/bank-chat-service/internal/clients/keycloak/client.go:29.41,30.40 1 1
github.com/ekhvalov/bank-chat-service/internal/clients/keycloak/client.go:30.40,32.3 1 0
github.com/ekhvalov/bank-chat-service/internal/clients/keycloak/client.go:34.2,37.26 4 1
github.com/ekhvalov/bank-chat-service/internal/clients/keycloak/client.go:37.26,39.3 1 1
github.com/ekhvalov/bank-chat-service/internal/clients/keycloak/client.go:41.2,46.8 1 1
github.com/ekhvalov/bank-chat-service/internal/clients/keycloak/client_options.gen.go:19.11,29.30 6 1
github.com/ekhvalov/bank-chat-service/internal/clients/keycloak/client_options.gen.go:29.30,31.3 1 1
github.com/ekhvalov/bank-chat-service/internal/clients/keycloak/client_options.gen.go:32.2,32.10 1 1
github.com/ekhvalov/bank-chat-service/internal/clients/keycloak/client_options.gen.go:35.49,36.26 1 1
github.com/ekhvalov/bank-chat-service/internal/clients/keycloak/client_options.gen.go:36.26,38.3 1 1
github.com/ekhvalov/bank-chat-service/internal/clients/keycloak/client_options.gen.go:41.47,42.26 1 1
github.com/ekhvalov/bank-chat-service/internal/clients/keycloak/client_options.gen.go:42.26,44.3 1 1
github.com/ekhvalov/bank-chat-service/internal/clients/keycloak/client_options.gen.go:47.36,54.2 6 1
github.com/ekhvalov/bank-chat-service/internal/clients/keycloak/client_options.gen.go:56.51,57.102 1 1
github.com/ekhvalov/bank-chat-service/internal/clients/keycloak/client_options.gen.go:57.102,59.3 1 0
github.com/ekhvalov/bank-chat-service/internal/clients/keycloak/client_options.gen.go:60.2,60.12 1 1
github.com/ekhvalov/bank-chat-service/internal/clients/keycloak/client_options.gen.go:63.48,64.90 1 1
github.com/ekhvalov/bank-chat-service/internal/clients/keycloak/client_options.gen.go:64.90,66.3 1 0
github.com/ekhvalov/bank-chat-service/internal/clients/keycloak/client_options.gen.go:67.2,67.12 1 1
github.com/ekhvalov/bank-chat-service/internal/clients/keycloak/client_options.gen.go:70.51,71.93 1 1
github.com/ekhvalov/bank-chat-service/internal/clients/keycloak/client_options.gen.go:71.93,73.3 1 0
github.com/ekhvalov/bank-chat-service/internal/clients/keycloak/client_options.gen.go:74.2,74.12 1 1
github.com/ekhvalov/bank-chat-service/internal/clients/keycloak/client_options.gen.go:77.51,78.93 1 1
github.com/ekhvalov/bank-chat-service/internal/clients/keycloak/client_options.gen.go:78.93,80.3 1 0
github.com/ekhvalov/bank-chat-service/internal/clients/keycloak/client_options.gen.go:81.2,81.12 1 1
github.com/ekhvalov/bank-chat-service/internal/config/config.go:20.44,22.2 1 1
github.com/ekhvalov/bank-chat-service/internal/config/parse.go:11.56,13.62 2 1
github.com/ekhvalov/bank-chat-service/internal/config/parse.go:13.62,15.3 1 0
github.com/ekhvalov/bank-chat-service/internal/config/parse.go:17.2,17.59 1 1
github.com/ekhvalov/bank-chat-service/internal/config/parse.go:17.59,19.3 1 0
github.com/ekhvalov/bank-chat-service/internal/config/parse.go:20.2,20.20 1 1
github.com/ekhvalov/bank-chat-service/internal/cursor/cursor.go:9.39,11.16 2 1
github.com/ekhvalov/bank-chat-service/internal/cursor/cursor.go:11.16,13.3 1 1
github.com/ekhvalov/bank-chat-service/internal/cursor/cursor.go:14.2,14.51 1 1
github.com/ekhvalov/bank-chat-service/internal/cursor/cursor.go:17.38,19.16 2 1
github.com/ekhvalov/bank-chat-service/internal/cursor/cursor.go:19.16,21.3 1 1
github.com/ekhvalov/bank-chat-service/internal/cursor/cursor.go:22.2,22.47 1 1
github.com/ekhvalov/bank-chat-service/internal/cursor/cursor.go:22.47,24.3 1 1
github.com/ekhvalov/bank-chat-service/internal/cursor/cursor.go:25.2,25.12 1 1
github.com/ekhvalov/bank-chat-service/internal/errors/server.go:22.67,24.2 1 1
github.com/ekhvalov/bank-chat-service/internal/errors/server.go:26.38,28.2 1 1
github.com/ekhvalov/bank-chat-service/internal/errors/server.go:30.38,32.2 1 1
github.com/ekhvalov/bank-chat-service/internal/errors/server.go:34.40,37.2 2 1
github.com/ekhvalov/bank-chat-service/internal/errors/server.go:41.75,42.63 1 1
github.com/ekhvalov/bank-chat-service/internal/errors/server.go:42.63,44.3 1 1
github.com/ekhvalov/bank-chat-service/internal/errors/server.go:45.2,45.62 1 1
github.com/ekhvalov/bank-chat-service/internal/errors/server.go:45.62,47.3 1 1
github.com/ekhvalov/bank-chat-service/internal/errors/server.go:49.2,49.49 1 1
github.com/ekhvalov/bank-chat-service/internal/errors/stack_trace.go:14.29,16.2 1 0
github.com/ekhvalov/bank-chat-service/internal/errors/stack_trace.go:18.32,20.15 2 0
github.com/ekhvalov/bank-chat-service/internal/errors/stack_trace.go:20.15,22.3 1 0
github.com/ekhvalov/bank-chat-service/internal/errors/stack_trace.go:23.2,24.92 2 0
github.com/ekhvalov/bank-chat-service/internal/errors/stack_trace.go:29.37,31.26 2 0
github.com/ekhvalov/bank-chat-service/internal/errors/stack_trace.go:31.26,34.3 2 0
github.com/ekhvalov/bank-chat-service/internal/errors/stack_trace.go:35.2,35.20 1 0
github.com/ekhvalov/bank-chat-service/internal/errors/stack_trace.go:40.25,44.25 4 0
github.com/ekhvalov/bank-chat-service/internal/errors/stack_trace.go:44.25,46.3 1 0
github.com/ekhvalov/bank-chat-service/internal/errors/stack_trace.go:47.2,47.11 1 0
github.com/ekhvalov/bank-chat-service/internal/errors/stack_trace.go:50.43,52.2 1 0
github.com/ekhvalov/bank-chat-service/internal/errors/stack_trace.go:54.43,56.2 1 0
github.com/ekhvalov/bank-chat-service/internal/errors/stack_trace.go:58.63,60.11 2 0
github.com/ekhvalov/bank-chat-service/internal/errors/stack_trace.go:60.11,62.3 1 0
github.com/ekhvalov/bank-chat-service/internal/errors/stack_trace.go:63.2,63.19 1 0
github.com/ekhvalov/bank-chat-service/internal/errors/stack_trace.go:66.52,67.35 1 0
github.com/ekhvalov/bank-chat-service/internal/errors/stack_trace.go:67.35,68.16 1 0
github.com/ekhvalov/bank-chat-service/internal/errors/stack_trace.go:68.16,70.16 2 0
github.com/ekhvalov/bank-chat-service/internal/errors/stack_trace.go:70.16,72.5 1 0
github.com/ekhvalov/bank-chat-service/internal/errors/stack_trace.go:75.2,75.11 1 0
github.com/ekhvalov/bank-chat-service/internal/logger/kafka.go:11.60,12.2 0 1
github.com/ekhvalov/bank-chat-service/internal/logger/kafka.go:14.38,16.2 1 1
github.com/ekhvalov/bank-chat-service/internal/logger/kafka.go:18.64,20.2 1 1
github.com/ekhvalov/bank-chat-service/internal/logger/kafka.go:22.50,24.2 1 1
github.com/ekhvalov/bank-chat-service/internal/logger/logger.go:37.29,38.35 1 1
github.com/ekhvalov/bank-chat-service/internal/logger/logger.go:38.35,39.13 1 0
github.com/ekhvalov/bank-chat-service/internal/logger/logger.go:43.31,44.40 1 1
github.com/ekhvalov/bank-chat-service/internal/logger/logger.go:44.40,46.3 1 0
github.com/ekhvalov/bank-chat-service/internal/logger/logger.go:47.2,52.25 6 1
github.com/ekhvalov/bank-chat-service/internal/logger/logger.go:52.25,55.3 2 1
github.com/ekhvalov/bank-chat-service/internal/logger/logger.go:55.8,58.3 2 1
github.com/ekhvalov/bank-chat-service/internal/logger/logger.go:60.2,61.16 2 1
github.com/ekhvalov/bank-chat-service/internal/logger/logger.go:61.16,63.3 1 0
github.com/ekhvalov/bank-chat-service/internal/logger/logger.go:64.2,68.26 3 1
github.com/ekhvalov/bank-chat-service/internal/logger/logger.go:68.26,73.23 3 0
github.com/ekhvalov/bank-chat-service/internal/logger/logger.go:73.23,75.4 1 0
github.com/ekhvalov/bank-chat-service/internal/logger/logger.go:76.3,77.21 2 0
github.com/ekhvalov/bank-chat-service/internal/logger/logger.go:77.21,79.4 1 0
github.com/ekhvalov/bank-chat-service/internal/logger/logger.go:80.3,80.30 1 0
github.com/ekhvalov/bank-chat-service/internal/logger/logger.go:82.2,85.12 3 1
github.com/ekhvalov/bank-chat-service/internal/logger/logger.go:88.13,89.110 1 1
github.com/ekhvalov/bank-chat-service/internal/logger/logger.go:89.110,91.3 1 0
github.com/ekhvalov/bank-chat-service/internal/logger/logger.go:94.38,96.16 2 0
github.com/ekhvalov/bank-chat-service/internal/logger/logger.go:96.16,98.3 1 0
github.com/ekhvalov/bank-chat-service/internal/logger/logger.go:99.2,100.12 2 0
github.com/ekhvalov/bank-chat-service/internal/logger/logger_options.gen.go:17.11,25.30 4 1
github.com/ekhvalov/bank-chat-service/internal/logger/logger_options.gen.go:25.30,27.3 1 1
github.com/ekhvalov/bank-chat-service/internal/logger/logger_options.gen.go:28.2,28.10 1 1
github.com/ekhvalov/bank-chat-service/internal/logger/logger_options.gen.go:31.49,32.26 1 1
github.com/ekhvalov/bank-chat-service/internal/logger/logger_options.gen.go:32.26,34.3 1 1
github.com/ekhvalov/bank-chat-service/internal/logger/logger_options.gen.go:37.52,38.26 1 1
github.com/ekhvalov/bank-chat-service/internal/logger/logger_options.gen.go:38.26,40.3 1 1
github.com/ekhvalov/bank-chat-service/internal/logger/logger_options.gen.go:43.36,49.2 5 1
github.com/ekhvalov/bank-chat-service/internal/logger/logger_options.gen.go:51.48,52.118 1 1
github.com/ekhvalov/bank-chat-service/internal/logger/logger_options.gen.go:52.118,54.3 1 0
github.com/ekhvalov/bank-chat-service/internal/logger/logger_options.gen.go:55.2,55.12 1 1
github.com/ekhvalov/bank-chat-service/internal/logger/logger_options.gen.go:58.46,59.109 1 1
github.com/ekhvalov/bank-chat-service/internal/logger/logger_options.gen.go:59.109,61.3 1 0
github.com/ekhvalov/bank-chat-service/internal/logger/logger_options.gen.go:62.2,62.12 1 1
github.com/ekhvalov/bank-chat-service/internal/logger/logger_options.gen.go:65.52,66.104 1 1
github.com/ekhvalov/bank-chat-service/internal/logger/logger_options.gen.go:66.104,68.3 1 0
github.com/ekhvalov/bank-chat-service/internal/logger/logger_options.gen.go:69.2,69.12 1 1
github.com/ekhvalov/bank-chat-service/internal/logger/sentry.go:10.72,21.2 1 0
github.com/ekhvalov/bank-chat-service/internal/middlewares/keycloak_claims.go:27.65,28.59 1 1
github.com/ekhvalov/bank-chat-service/internal/middlewares/keycloak_claims.go:28.59,30.3 1 0
github.com/ekhvalov/bank-chat-service/internal/middlewares/keycloak_claims.go:31.2,31.45 1 1
github.com/ekhvalov/bank-chat-service/internal/middlewares/keycloak_claims.go:31.45,33.3 1 1
github.com/ekhvalov/bank-chat-service/internal/middlewares/keycloak_claims.go:34.2,34.14 1 1
github.com/ekhvalov/bank-chat-service/internal/middlewares/keycloak_claims.go:41.43,42.31 1 1
github.com/ekhvalov/bank-chat-service/internal/middlewares/keycloak_claims.go:42.31,43.19 1 1
github.com/ekhvalov/bank-chat-service/internal/middlewares/keycloak_claims.go:43.19,45.4 1 1
github.com/ekhvalov/bank-chat-service/internal/middlewares/keycloak_claims.go:47.2,47.14 1 1
github.com/ekhvalov/bank-chat-service/internal/middlewares/keycloak_claims.go:54.31,55.49 1 1
github.com/ekhvalov/bank-chat-service/internal/middlewares/keycloak_claims.go:55.49,57.3 1 1
github.com/ekhvalov/bank-chat-service/internal/middlewares/keycloak_claims.go:58.2,58.59 1 1
github.com/ekhvalov/bank-chat-service/internal/middlewares/keycloak_claims.go:58.59,60.3 1 1
github.com/ekhvalov/bank-chat-service/internal/middlewares/keycloak_claims.go:61.2,61.24 1 1
github.com/ekhvalov/bank-chat-service/internal/middlewares/keycloak_claims.go:61.24,63.3 1 1
github.com/ekhvalov/bank-chat-service/internal/middlewares/keycloak_claims.go:64.2,64.18 1 1
github.com/ekhvalov/bank-chat-service/internal/middlewares/keycloak_claims.go:64.18,66.3 1 0
github.com/ekhvalov/bank-chat-service/internal/middlewares/keycloak_claims.go:67.2,67.12 1 1
github.com/ekhvalov/bank-chat-service/internal/middlewares/keycloak_claims.go:70.39,72.2 1 1
github.com/ekhvalov/bank-chat-service/internal/middlewares/keycloak_claims.go:74.72,77.16 3 1
github.com/ekhvalov/bank-chat-service/internal/middlewares/keycloak_claims.go:77.16,79.3 1 0
github.com/ekhvalov/bank-chat-service/internal/middlewares/keycloak_claims.go:80.2,80.19 1 1
github.com/ekhvalov/bank-chat-service/internal/middlewares/keycloak_token_auth.go:28.112,33.65 1 1
github.com/ekhvalov/bank-chat-service/internal/middlewares/keycloak_token_auth.go:33.65,35.99 2 1
github.com/ekhvalov/bank-chat-service/internal/middlewares/keycloak_token_auth.go:35.99,37.5 1 1
github.com/ekhvalov/bank-chat-service/internal/middlewares/keycloak_token_auth.go:37.10,37.29 1 1
github.com/ekhvalov/bank-chat-service/internal/middlewares/keycloak_token_auth.go:37.29,39.5 1 1
github.com/ekhvalov/bank-chat-service/internal/middlewares/keycloak_token_auth.go:40.4,41.18 2 1
github.com/ekhvalov/bank-chat-service/internal/middlewares/keycloak_token_auth.go:41.18,43.5 1 0
github.com/ekhvalov/bank-chat-service/internal/middlewares/keycloak_token_auth.go:44.4,44.36 1 1
github.com/ekhvalov/bank-chat-service/internal/middlewares/keycloak_token_auth.go:44.36,46.5 1 1
github.com/ekhvalov/bank-chat-service/internal/middlewares/keycloak_token_auth.go:47.4,47.46 1 1
github.com/ekhvalov/bank-chat-service/internal/middlewares/keycloak_token_auth.go:47.46,49.5 1 1
github.com/ekhvalov/bank-chat-service/internal/middlewares/keycloak_token_auth.go:50.4,51.20 2 1
github.com/ekhvalov/bank-chat-service/internal/middlewares/keycloak_token_auth.go:56.49,58.9 2 1
github.com/ekhvalov/bank-chat-service/internal/middlewares/keycloak_token_auth.go:58.9,59.44 1 1
github.com/ekhvalov/bank-chat-service/internal/middlewares/keycloak_token_auth.go:61.2,61.12 1 1
github.com/ekhvalov/bank-chat-service/internal/middlewares/keycloak_token_auth.go:64.53,66.14 2 1
github.com/ekhvalov/bank-chat-service/internal/middlewares/keycloak_token_auth.go:66.14,68.3 1 1
github.com/ekhvalov/bank-chat-service/internal/middlewares/keycloak_token_auth.go:70.2,71.9 2 1
github.com/ekhvalov/bank-chat-service/internal/middlewares/keycloak_token_auth.go:71.9,73.3 1 0
github.com/ekhvalov/bank-chat-service/internal/middlewares/keycloak_token_auth.go:75.2,76.9 2 1
github.com/ekhvalov/bank-chat-service/internal/middlewares/keycloak_token_auth.go:76.9,78.3 1 0
github.com/ekhvalov/bank-chat-service/internal/middlewares/keycloak_token_auth.go:79.2,79.38 1 1
github.com/ekhvalov/bank-chat-service/internal/middlewares/keycloak_token_auth.go:82.52,83.44 1 1
github.com/ekhvalov/bank-chat-service/internal/middlewares/keycloak_token_auth.go:83.44,85.3 1 1
github.com/ekhvalov/bank-chat-service/internal/middlewares/keycloak_token_auth.go:86.2,86.13 1 1
github.com/ekhvalov/bank-chat-service/internal/middlewares/logger.go:18.56,20.38 1 1
github.com/ekhvalov/bank-chat-service/internal/middlewares/logger.go:20.38,22.4 1 1
github.com/ekhvalov/bank-chat-service/internal/middlewares/logger.go:23.79,26.41 3 1
github.com/ekhvalov/bank-chat-service/internal/middlewares/logger.go:26.41,29.5 2 1
github.com/ekhvalov/bank-chat-service/internal/middlewares/logger.go:30.4,31.31 2 1
github.com/ekhvalov/bank-chat-service/internal/middlewares/logger.go:31.31,33.5 1 1
github.com/ekhvalov/bank-chat-service/internal/middlewares/logger.go:34.4,36.14 3 1
github.com/ekhvalov/bank-chat-service/internal/middlewares/logger.go:49.69,51.20 2 1
github.com/ekhvalov/bank-chat-service/internal/middlewares/logger.go:51.20,53.3 1 1
github.com/ekhvalov/bank-chat-service/internal/middlewares/logger.go:54.2,63.3 1 1
github.com/ekhvalov/bank-chat-service/internal/middlewares/recover.go:9.57,12.69 1 1
github.com/ekhvalov/bank-chat-service/internal/middlewares/recover.go:12.69,18.4 2 0
github.com/ekhvalov/bank-chat-service/internal/middlewares/test_api.go:10.53,11.54 1 0
github.com/ekhvalov/bank-chat-service/internal/middlewares/test_api.go:11.54,12.37 1 0
github.com/ekhvalov/bank-chat-service/internal/middlewares/test_api.go:12.37,15.4 2 0
github.com/ekhvalov/bank-chat-service/internal/middlewares/test_api.go:19.49,21.2 1 0
github.com/ekhvalov/bank-chat-service/internal/middlewares/test_api.go:27.35,29.2 1 0
github.com/ekhvalov/bank-chat-service/internal/middlewares/test_api.go:31.43,33.2 1 0
github.com/ekhvalov/bank-chat-service/internal/repositories/chats/api.go:15.98,24.16 2 1
github.com/ekhvalov/bank-chat-service/internal/repositories/chats/api.go:24.16,26.3 1 0
github.com/ekhvalov/bank-chat-service/internal/repositories/chats/api.go:27.2,27.16 1 1
github.com/ekhvalov/bank-chat-service/internal/repositories/chats/api.go:30.107,40.16 2 1
github.com/ekhvalov/bank-chat-service/internal/repositories/chats/api.go:40.16,42.3 1 0
github.com/ekhvalov/bank-chat-service/internal/repositories/chats/api.go:44.2,44.36 1 1
github.com/ekhvalov/bank-chat-service/internal/repositories/chats/api.go:47.100,49.16 2 1
github.com/ekhvalov/bank-chat-service/internal/repositories/chats/api.go:49.16,50.28 1 0
github.com/ekhvalov/bank-chat-service/internal/repositories/chats/api.go:50.28,52.4 1 0
github.com/ekhvalov/bank-chat-service/internal/repositories/chats/api.go:53.3,53.58 1 0
github.com/ekhvalov/bank-chat-service/internal/repositories/chats/api.go:56.2,56.25 1 1
github.com/ekhvalov/bank-chat-service/internal/repositories/chats/chat.go:13.41,18.2 1 1
github.com/ekhvalov/bank-chat-service/internal/repositories/chats/chat.go:20.46,22.25 2 1
github.com/ekhvalov/bank-chat-service/internal/repositories/chats/chat.go:22.25,24.3 1 1
github.com/ekhvalov/bank-chat-service/internal/repositories/chats/chat.go:25.2,25.14 1 1
github.com/ekhvalov/bank-chat-service/internal/repositories/chats/repo.go:18.39,19.40 1 1
github.com/ekhvalov/bank-chat-service/internal/repositories/chats/repo.go:19.40,21.3 1 0
github.com/ekhvalov/bank-chat-service/internal/repositories/chats/repo.go:22.2,22.34 1 1
github.com/ekhvalov/bank-chat-service/internal/repositories/chats/repo_options.gen.go:17.11,24.30 3 1
github.com/ekhvalov/bank-chat-service/internal/repositories/chats/repo_options.gen.go:24.30,26.3 1 0
github.com/ekhvalov/bank-chat-service/internal/repositories/chats/repo_options.gen.go:27.2,27.10 1 1
github.com/ekhvalov/bank-chat-service/internal/repositories/chats/repo_options.gen.go:30.36,34.2 3 1
github.com/ekhvalov/bank-chat-service/internal/repositories/chats/repo_options.gen.go:36.45,37.87 1 1
github.com/ekhvalov/bank-chat-service/internal/repositories/chats/repo_options.gen.go:37.87,39.3 1 0
github.com/ekhvalov/bank-chat-service/internal/repositories/chats/repo_options.gen.go:40.2,40.12 1 1
github.com/ekhvalov/bank-chat-service/internal/repositories/jobs/api.go:19.85,37.16 3 1
github.com/ekhvalov/bank-chat-service/internal/repositories/jobs/api.go:37.16,39.3 1 0
github.com/ekhvalov/bank-chat-service/internal/repositories/jobs/api.go:40.2,42.18 2 1
github.com/ekhvalov/bank-chat-service/internal/repositories/jobs/api.go:42.18,43.36 1 1
github.com/ekhvalov/bank-chat-service/internal/repositories/jobs/api.go:43.36,45.4 1 0
github.com/ekhvalov/bank-chat-service/internal/repositories/jobs/api.go:46.3,46.26 1 1
github.com/ekhvalov/bank-chat-service/internal/repositories/jobs/api.go:49.2,50.75 2 1
github.com/ekhvalov/bank-chat-service/internal/repositories/jobs/api.go:50.75,52.3 1 0
github.com/ekhvalov/bank-chat-service/internal/repositories/jobs/api.go:53.2,53.15 1 1
github.com/ekhvalov/bank-chat-service/internal/repositories/jobs/api.go:56.113,63.16 2 1
github.com/ekhvalov/bank-chat-service/internal/repositories/jobs/api.go:63.16,65.3 1 0
github.com/ekhvalov/bank-chat-service/internal/repositories/jobs/api.go:66.2,66.18 1 1
github.com/ekhvalov/bank-chat-service/internal/repositories/jobs/api.go:69.89,76.16 2 1
github.com/ekhvalov/bank-chat-service/internal/repositories/jobs/api.go:76.16,78.3 1 0
github.com/ekhvalov/bank-chat-service/internal/repositories/jobs/api.go:79.2,79.12 1 1
github.com/ekhvalov/bank-chat-service/internal/repositories/jobs/api.go:82.72,84.16 2 1
github.com/ekhvalov/bank-chat-service/internal/repositories/jobs/api.go:84.16,86.3 1 0
github.com/ekhvalov/bank-chat-service/internal/repositories/jobs/api.go:87.2,87.16 1 1
github.com/ekhvalov/bank-chat-service/internal/repositories/jobs/api.go:87.16,89.3 1 1
github.com/ekhvalov/bank-chat-service/internal/repositories/jobs/api.go:90.2,90.12 1 1
github.com/ekhvalov/bank-chat-service/internal/repositories/jobs/repo.go:18.39,19.40 1 1
github.com/ekhvalov/bank-chat-service/internal/repositories/jobs/repo.go:19.40,21.3 1 0
github.com/ekhvalov/bank-chat-service/internal/repositories/jobs/repo.go:22.2,22.34 1 1
github.com/ekhvalov/bank-chat-service/internal/repositories/jobs/repo_options.gen.go:17.11,24.30 3 1
github.com/ekhvalov/bank-chat-service/internal/repositories/jobs/repo_options.gen.go:24.30,26.3 1 0
github.com/ekhvalov/bank-chat-service/internal/repositories/jobs/repo_options.gen.go:27.2,27.10 1 1
github.com/ekhvalov/bank-chat-service/internal/repositories/jobs/repo_options.gen.go:30.36,34.2 3 1
github.com/ekhvalov/bank-chat-service/internal/repositories/jobs/repo_options.gen.go:36.45,37.87 1 1
github.com/ekhvalov/bank-chat-service/internal/repositories/jobs/repo_options.gen.go:37.87,39.3 1 0
github.com/ekhvalov/bank-chat-service/internal/repositories/jobs/repo_options.gen.go:40.2,40.12 1 1
github.com/ekhvalov/bank-chat-service/internal/repositories/messages/api.go:18.90,20.16 2 1
github.com/ekhvalov/bank-chat-service/internal/repositories/messages/api.go:20.16,21.28 1 1
github.com/ekhvalov/bank-chat-service/internal/repositories/messages/api.go:21.28,23.4 1 1
github.com/ekhvalov/bank-chat-service/internal/repositories/messages/api.go:24.3,24.49 1 0
github.com/ekhvalov/bank-chat-service/internal/repositories/messages/api.go:26.2,26.49 1 1
github.com/ekhvalov/bank-chat-service/internal/repositories/messages/api.go:29.111,37.16 2 1
github.com/ekhvalov/bank-chat-service/internal/repositories/messages/api.go:37.16,39.3 1 0
github.com/ekhvalov/bank-chat-service/internal/repositories/messages/api.go:41.2,41.49 1 1
github.com/ekhvalov/bank-chat-service/internal/repositories/messages/api.go:44.100,46.16 2 1
github.com/ekhvalov/bank-chat-service/internal/repositories/messages/api.go:46.16,47.28 1 1
github.com/ekhvalov/bank-chat-service/internal/repositories/messages/api.go:47.28,49.4 1 1
github.com/ekhvalov/bank-chat-service/internal/repositories/messages/api.go:50.3,50.57 1 0
github.com/ekhvalov/bank-chat-service/internal/repositories/messages/api.go:52.2,52.49 1 1
github.com/ekhvalov/bank-chat-service/internal/repositories/messages/api.go:63.21,74.16 2 1
github.com/ekhvalov/bank-chat-service/internal/repositories/messages/api.go:74.16,76.3 1 1
github.com/ekhvalov/bank-chat-service/internal/repositories/messages/api.go:77.2,77.49 1 1
github.com/ekhvalov/bank-chat-service/internal/repositories/messages/api.go:86.21,97.16 2 1
github.com/ekhvalov/bank-chat-service/internal/repositories/messages/api.go:97.16,99.3 1 0
github.com/ekhvalov/bank-chat-service/internal/repositories/messages/api.go:100.2,100.49 1 1
github.com/ekhvalov/bank-chat-service/internal/repositories/messages/api.go:110.21,122.16 2 1
github.com/ekhvalov/bank-chat-service/internal/repositories/messages/api.go:122.16,124.3 1 0
github.com/ekhvalov/bank-chat-service/internal/repositories/messages/api.go:126.2,126.49 1 1
github.com/ekhvalov/bank-chat-service/internal/repositories/messages/api_afc.go:10.90,16.2 1 1
github.com/ekhvalov/bank-chat-service/internal/repositories/messages/api_afc.go:18.79,25.2 1 1
github.com/ekhvalov/bank-chat-service/internal/repositories/messages/api_history.go:41.31,46.16 4 1
github.com/ekhvalov/bank-chat-service/internal/repositories/messages/api_history.go:46.16,48.3 1 1
github.com/ekhvalov/bank-chat-service/internal/repositories/messages/api_history.go:50.2,50.30 1 1
github.com/ekhvalov/bank-chat-service/internal/repositories/messages/api_history.go:59.31,67.16 4 1
github.com/ekhvalov/bank-chat-service/internal/repositories/messages/api_history.go:67.16,69.3 1 1
github.com/ekhvalov/bank-chat-service/internal/repositories/messages/api_history.go:71.2,71.30 1 1
github.com/ekhvalov/bank-chat-service/internal/repositories/messages/api_history.go:80.31,82.19 2 1
github.com/ekhvalov/bank-chat-service/internal/repositories/messages/api_history.go:82.19,83.49 1 1
github.com/ekhvalov/bank-chat-service/internal/repositories/messages/api_history.go:83.49,85.4 1 1
github.com/ekhvalov/bank-chat-service/internal/repositories/messages/api_history.go:86.3,87.91 2 1
github.com/ekhvalov/bank-chat-service/internal/repositories/messages/api_history.go:88.8,89.52 1 1
github.com/ekhvalov/bank-chat-service/internal/repositories/messages/api_history.go:89.52,91.4 1 1
github.com/ekhvalov/bank-chat-service/internal/repositories/messages/api_history.go:92.3,92.19 1 1
github.com/ekhvalov/bank-chat-service/internal/repositories/messages/api_history.go:95.2,103.16 2 1
github.com/ekhvalov/bank-chat-service/internal/repositories/messages/api_history.go:103.16,105.3 1 0
github.com/ekhvalov/bank-chat-service/internal/repositories/messages/api_history.go:107.2,108.51 2 1
github.com/ekhvalov/bank-chat-service/internal/repositories/messages/api_history.go:108.51,110.3 1 1
github.com/ekhvalov/bank-chat-service/internal/repositories/messages/api_history.go:112.2,113.48 2 1
github.com/ekhvalov/bank-chat-service/internal/repositories/messages/api_history.go:113.48,114.23 1 1
github.com/ekhvalov/bank-chat-service/internal/repositories/messages/api_history.go:114.23,116.4 1 1
github.com/ekhvalov/bank-chat-service/internal/repositories/messages/api_history.go:119.2,119.27 1 1
github.com/ekhvalov/bank-chat-service/internal/repositories/messages/api_history.go:122.43,123.64 1 1
github.com/ekhvalov/bank-chat-service/internal/repositories/messages/api_history.go:123.64,125.3 1 1
github.com/ekhvalov/bank-chat-service/internal/repositories/messages/api_history.go:126.2,126.12 1 1
github.com/ekhvalov/bank-chat-service/internal/repositories/messages/api_history.go:129.42,130.58 1 1
github.com/ekhvalov/bank-chat-service/internal/repositories/messages/api_history.go:130.58,132.3 1 1
github.com/ekhvalov/bank-chat-service/internal/repositories/messages/api_history.go:133.2,133.59 1 1
github.com/ekhvalov/bank-chat-service/internal/repositories/messages/api_history.go:133.59,135.3 1 1
github.com/ekhvalov/bank-chat-service/internal/repositories/messages/api_history.go:136.2,136.12 1 1
github.com/ekhvalov/bank-chat-service/internal/repositories/messages/api_history_cursor_matcher.go:17.47,19.2 1 0
github.com/ekhvalov/bank-chat-service/internal/repositories/messages/api_history_cursor_matcher.go:21.53,23.9 2 0
github.com/ekhvalov/bank-chat-service/internal/repositories/messages/api_history_cursor_matcher.go:23.9,25.3 1 0
github.com/ekhvalov/bank-chat-service/internal/repositories/messages/api_history_cursor_matcher.go:27.2,28.92 1 0
github.com/ekhvalov/bank-chat-service/internal/repositories/messages/api_history_cursor_matcher.go:31.41,33.2 1 0
github.com/ekhvalov/bank-chat-service/internal/repositories/messages/api_history_cursor_matcher.go:35.52,37.2 1 0
github.com/ekhvalov/bank-chat-service/internal/repositories/messages/message.go:25.50,40.2 1 1
github.com/ekhvalov/bank-chat-service/internal/repositories/messages/repo.go:18.39,19.40 1 1
github.com/ekhvalov/bank-chat-service/internal/repositories/messages/repo.go:19.40,21.3 1 0
github.com/ekhvalov/bank-chat-service/internal/repositories/messages/repo.go:22.2,22.34 1 1
github.com/ekhvalov/bank-chat-service/internal/repositories/messages/repo_options.gen.go:17.11,24.30 3 1
github.com/ekhvalov/bank-chat-service/internal/repositories/messages/repo_options.gen.go:24.30,26.3 1 0
github.com/ekhvalov/bank-chat-service/internal/repositories/messages/repo_options.gen.go:27.2,27.10 1 1
github.com/ekhvalov/bank-chat-service/internal/repositories/messages/repo_options.gen.go:30.36,34.2 3 1
github.com/ekhvalov/bank-chat-service/internal/repositories/messages/repo_options.gen.go:36.45,37.87 1 1
github.com/ekhvalov/bank-chat-service/internal/repositories/messages/repo_options.gen.go:37.87,39.3 1 0
github.com/ekhvalov/bank-chat-service/internal/repositories/messages/repo_options.gen.go:40.2,40.12 1 1
github.com/ekhvalov/bank-chat-service/internal/repositories/problems/api.go:17.101,19.16 2 1
github.com/ekhvalov/bank-chat-service/internal/repositories/problems/api.go:19.16,21.3 1 1
github.com/ekhvalov/bank-chat-service/internal/repositories/problems/api.go:23.2,23.28 1 1
github.com/ekhvalov/bank-chat-service/internal/repositories/problems/api.go:23.28,25.3 1 0
github.com/ekhvalov/bank-chat-service/internal/repositories/problems/api.go:27.2,28.16 2 1
github.com/ekhvalov/bank-chat-service/internal/repositories/problems/api.go:28.16,30.3 1 0
github.com/ekhvalov/bank-chat-service/internal/repositories/problems/api.go:31.2,31.18 1 1
github.com/ekhvalov/bank-chat-service/internal/repositories/problems/api.go:34.99,37.16 3 1
github.com/ekhvalov/bank-chat-service/internal/repositories/problems/api.go:37.16,39.3 1 0
github.com/ekhvalov/bank-chat-service/internal/repositories/problems/api.go:40.2,40.19 1 1
github.com/ekhvalov/bank-chat-service/internal/repositories/problems/api.go:43.104,45.16 2 1
github.com/ekhvalov/bank-chat-service/internal/repositories/problems/api.go:45.16,47.3 1 0
github.com/ekhvalov/bank-chat-service/internal/repositories/problems/api.go:48.2,48.14 1 1
github.com/ekhvalov/bank-chat-service/internal/repositories/problems/api.go:48.14,50.3 1 0
github.com/ekhvalov/bank-chat-service/internal/repositories/problems/api.go:52.2,52.47 1 1
github.com/ekhvalov/bank-chat-service/internal/repositories/problems/api.go:55.121,64.16 2 1
github.com/ekhvalov/bank-chat-service/internal/repositories/problems/api.go:64.16,66.3 1 0
github.com/ekhvalov/bank-chat-service/internal/repositories/problems/api.go:67.2,67.14 1 1
github.com/ekhvalov/bank-chat-service/internal/repositories/problems/api.go:67.14,69.3 1 0
github.com/ekhvalov/bank-chat-service/internal/repositories/problems/api.go:71.2,71.47 1 1
github.com/ekhvalov/bank-chat-service/internal/repositories/problems/api.go:74.128,83.16 2 1
github.com/ekhvalov/bank-chat-service/internal/repositories/problems/api.go:83.16,84.28 1 0
github.com/ekhvalov/bank-chat-service/internal/repositories/problems/api.go:84.28,86.4 1 0
github.com/ekhvalov/bank-chat-service/internal/repositories/problems/api.go:87.3,87.68 1 0
github.com/ekhvalov/bank-chat-service/internal/repositories/problems/api.go:90.2,90.23 1 1
github.com/ekhvalov/bank-chat-service/internal/repositories/problems/api.go:93.123,102.16 2 1
github.com/ekhvalov/bank-chat-service/internal/repositories/problems/api.go:102.16,103.28 1 1
github.com/ekhvalov/bank-chat-service/internal/repositories/problems/api.go:103.28,105.4 1 1
github.com/ekhvalov/bank-chat-service/internal/repositories/problems/api.go:106.3,106.58 1 0
github.com/ekhvalov/bank-chat-service/internal/repositories/problems/api.go:109.2,110.16 2 1
github.com/ekhvalov/bank-chat-service/internal/repositories/problems/api.go:110.16,112.3 1 0
github.com/ekhvalov/bank-chat-service/internal/repositories/problems/api.go:114.2,114.47 1 1
github.com/ekhvalov/bank-chat-service/internal/repositories/problems/api_schedule.go:17.98,30.16 2 1
github.com/ekhvalov/bank-chat-service/internal/repositories/problems/api_schedule.go:30.16,32.3 1 0
github.com/ekhvalov/bank-chat-service/internal/repositories/problems/api_schedule.go:34.2,34.17 1 1
github.com/ekhvalov/bank-chat-service/internal/repositories/problems/api_schedule.go:37.129,39.16 2 1
github.com/ekhvalov/bank-chat-service/internal/repositories/problems/api_schedule.go:39.16,40.28 1 1
github.com/ekhvalov/bank-chat-service/internal/repositories/problems/api_schedule.go:40.28,42.4 1 1
github.com/ekhvalov/bank-chat-service/internal/repositories/problems/api_schedule.go:43.3,43.52 1 0
github.com/ekhvalov/bank-chat-service/internal/repositories/problems/api_schedule.go:46.2,46.47 1 1
github.com/ekhvalov/bank-chat-service/internal/repositories/problems/api_schedule.go:49.120,57.16 2 1
github.com/ekhvalov/bank-chat-service/internal/repositories/problems/api_schedule.go:57.16,59.3 1 0
github.com/ekhvalov/bank-chat-service/internal/repositories/problems/api_schedule.go:61.2,61.34 1 1
github.com/ekhvalov/bank-chat-service/internal/repositories/problems/api_schedule.go:64.90,66.16 2 0
github.com/ekhvalov/bank-chat-service/internal/repositories/problems/api_schedule.go:66.16,67.28 1 0
github.com/ekhvalov/bank-chat-service/internal/repositories/problems/api_schedule.go:67.28,69.4 1 0
github.com/ekhvalov/bank-chat-service/internal/repositories/problems/api_schedule.go:70.3,70.49 1 0
github.com/ekhvalov/bank-chat-service/internal/repositories/problems/api_schedule.go:73.2,73.49 1 0
github.com/ekhvalov/bank-chat-service/internal/repositories/problems/problem.go:18.50,26.2 1 1
github.com/ekhvalov/bank-chat-service/internal/repositories/problems/repo.go:18.39,19.40 1 1
github.com/ekhvalov/bank-chat-service/internal/repositories/problems/repo.go:19.40,21.3 1 0
github.com/ekhvalov/bank-chat-service/internal/repositories/problems/repo.go:22.2,22.34 1 1
github.com/ekhvalov/bank-chat-service/internal/repositories/problems/repo_options.gen.go:17.11,24.30 3 1
github.com/ekhvalov/bank-chat-service/internal/repositories/problems/repo_options.gen.go:24.30,26.3 1 0
github.com/ekhvalov/bank-chat-service/internal/repositories/problems/repo_options.gen.go:27.2,27.10 1 1
github.com/ekhvalov/bank-chat-service/internal/repositories/problems/repo_options.gen.go:30.36,34.2 3 1
github.com/ekhvalov/bank-chat-service/internal/repositories/problems/repo_options.gen.go:36.45,37.87 1 1
github.com/ekhvalov/bank-chat-service/internal/repositories/problems/repo_options.gen.go:37.87,39.3 1 0
github.com/ekhvalov/bank-chat-service/internal/repositories/problems/repo_options.gen.go:40.2,40.12 1 1
github.com/ekhvalov/bank-chat-service/internal/server/server.go:58.75,59.40 1 1
github.com/ekhvalov/bank-chat-service/internal/server/server.go:59.40,61.3 1 0
github.com/ekhvalov/bank-chat-service/internal/server/server.go:62.2,62.22 1 1
github.com/ekhvalov/bank-chat-service/internal/server/server.go:62.22,64.3 1 0
github.com/ekhvalov/bank-chat-service/internal/server/server.go:66.2,95.15 7 1
github.com/ekhvalov/bank-chat-service/internal/server/server.go:98.49,101.21 2 1
github.com/ekhvalov/bank-chat-service/internal/server/server.go:101.21,108.3 4 1
github.com/ekhvalov/bank-chat-service/internal/server/server.go:110.2,110.21 1 1
github.com/ekhvalov/bank-chat-service/internal/server/server.go:110.21,113.89 2 1
github.com/ekhvalov/bank-chat-service/internal/server/server.go:113.89,115.4 1 0
github.com/ekhvalov/bank-chat-service/internal/server/server.go:116.3,116.13 1 1
github.com/ekhvalov/bank-chat-service/internal/server/server.go:119.2,119.18 1 1
github.com/ekhvalov/bank-chat-service/internal/server/server_options.gen.go:28.11,43.30 11 1
github.com/ekhvalov/bank-chat-service/internal/server/server_options.gen.go:43.30,45.3 1 0
github.com/ekhvalov/bank-chat-service/internal/server/server_options.gen.go:46.2,46.10 1 1
github.com/ekhvalov/bank-chat-service/internal/server/server_options.gen.go:49.36,61.2 11 1
github.com/ekhvalov/bank-chat-service/internal/server/server_options.gen.go:63.47,64.103 1 1
github.com/ekhvalov/bank-chat-service/internal/server/server_options.gen.go:64.103,66.3 1 0
github.com/ekhvalov/bank-chat-service/internal/server/server_options.gen.go:67.2,67.12 1 1
github.com/ekhvalov/bank-chat-service/internal/server/server_options.gen.go:70.55,71.94 1 1
github.com/ekhvalov/bank-chat-service/internal/server/server_options.gen.go:71.94,73.3 1 0
github.com/ekhvalov/bank-chat-service/internal/server/server_options.gen.go:74.2,74.12 1 1
github.com/ekhvalov/bank-chat-service/internal/server/server_options.gen.go:77.57,78.99 1 1
github.com/ekhvalov/bank-chat-service/internal/server/server_options.gen.go:78.99,80.3 1 0
github.com/ekhvalov/bank-chat-service/internal/server/server_options.gen.go:81.2,81.12 1 1
github.com/ekhvalov/bank-chat-service/internal/server/server_options.gen.go:84.53,85.95 1 1
github.com/ekhvalov/bank-chat-service/internal/server/server_options.gen.go:85.95,87.3 1 0
github.com/ekhvalov/bank-chat-service/internal/server/server_options.gen.go:88.2,88.12 1 1
github.com/ekhvalov/bank-chat-service/internal/server/server_options.gen.go:91.56,92.98 1 1
github.com/ekhvalov/bank-chat-service/internal/server/server_options.gen.go:92.98,94.3 1 0
github.com/ekhvalov/bank-chat-service/internal/server/server_options.gen.go:95.2,95.12 1 1
github.com/ekhvalov/bank-chat-service/internal/server/server_options.gen.go:98.49,99.91 1 1
github.com/ekhvalov/bank-chat-service/internal/server/server_options.gen.go:99.91,101.3 1 0
github.com/ekhvalov/bank-chat-service/internal/server/server_options.gen.go:102.2,102.12 1 1
github.com/ekhvalov/bank-chat-service/internal/server/server_options.gen.go:105.55,106.97 1 1
github.com/ekhvalov/bank-chat-service/internal/server/server_options.gen.go:106.97,108.3 1 0
github.com/ekhvalov/bank-chat-service/internal/server/server_options.gen.go:109.2,109.12 1 1
github.com/ekhvalov/bank-chat-service/internal/server/server_options.gen.go:112.55,113.97 1 1
github.com/ekhvalov/bank-chat-service/internal/server/server_options.gen.go:113.97,115.3 1 0
github.com/ekhvalov/bank-chat-service/internal/server/server_options.gen.go:116.2,116.12 1 1
github.com/ekhvalov/bank-chat-service/internal/server/server_options.gen.go:119.52,120.94 1 1
github.com/ekhvalov/bank-chat-service/internal/server/server_options.gen.go:120.94,122.3 1 0
github.com/ekhvalov/bank-chat-service/internal/server/server_options.gen.go:123.2,123.12 1 1
github.com/ekhvalov/bank-chat-service/internal/server-client/server.go:20.41,21.40 1 1
github.com/ekhvalov/bank-chat-service/internal/server-client/server.go:21.40,23.3 1 0
github.com/ekhvalov/bank-chat-service/internal/server-client/server.go:24.2,24.36 1 1
github.com/ekhvalov/bank-chat-service/internal/server-client/server.go:31.49,40.2 2 1
github.com/ekhvalov/bank-chat-service/internal/server-client/server_options.gen.go:19.11,27.30 4 1
github.com/ekhvalov/bank-chat-service/internal/server-client/server_options.gen.go:27.30,29.3 1 0
github.com/ekhvalov/bank-chat-service/internal/server-client/server_options.gen.go:30.2,30.10 1 1
github.com/ekhvalov/bank-chat-service/internal/server-client/server_options.gen.go:33.36,38.2 4 1
github.com/ekhvalov/bank-chat-service/internal/server-client/server_options.gen.go:40.52,41.94 1 1
github.com/ekhvalov/bank-chat-service/internal/server-client/server_options.gen.go:41.94,43.3 1 0
github.com/ekhvalov/bank-chat-service/internal/server-client/server_options.gen.go:44.2,44.12 1 1
github.com/ekhvalov/bank-chat-service/internal/server-client/server_options.gen.go:47.53,48.95 1 1
github.com/ekhvalov/bank-chat-service/internal/server-client/server_options.gen.go:48.95,50.3 1 0
github.com/ekhvalov/bank-chat-service/internal/server-client/server_options.gen.go:51.2,51.12 1 1
github.com/ekhvalov/bank-chat-service/internal/server-client/errhandler/response_builder.go:12.70,18.2 1 1
github.com/ekhvalov/bank-chat-service/internal/server-client/events/adapter.go:15.57,16.38 1 1
github.com/ekhvalov/bank-chat-service/internal/server-client/events/adapter.go:16.38,18.3 1 0
github.com/ekhvalov/bank-chat-service/internal/server-client/events/adapter.go:19.2,19.24 1 1
github.com/ekhvalov/bank-chat-service/internal/server-client/events/adapter.go:20.36,30.9 1 1
github.com/ekhvalov/bank-chat-service/internal/server-client/events/adapter.go:31.37,37.9 1 1
github.com/ekhvalov/bank-chat-service/internal/server-client/events/adapter.go:38.40,44.9 1 1
github.com/ekhvalov/bank-chat-service/internal/server-client/events/adapter.go:45.10,46.54 1 0
github.com/ekhvalov/bank-chat-service/internal/server-client/events/events.gen.go:79.61,83.2 3 0
github.com/ekhvalov/bank-chat-service/internal/server-client/events/events.gen.go:86.62,91.2 4 0
github.com/ekhvalov/bank-chat-service/internal/server-client/events/events.gen.go:94.63,97.16 3 0
github.com/ekhvalov/bank-chat-service/internal/server-client/events/events.gen.go:97.16,99.3 1 0
github.com/ekhvalov/bank-chat-service/internal/server-client/events/events.gen.go:101.2,103.12 3 0
github.com/ekhvalov/bank-chat-service/internal/server-client/events/events.gen.go:107.63,111.2 3 0
github.com/ekhvalov/bank-chat-service/internal/server-client/events/events.gen.go:114.64,119.2 4 0
github.com/ekhvalov/bank-chat-service/internal/server-client/events/events.gen.go:122.65,125.16 3 0
github.com/ekhvalov/bank-chat-service/internal/server-client/events/events.gen.go:125.16,127.3 1 0
github.com/ekhvalov/bank-chat-service/internal/server-client/events/events.gen.go:129.2,131.12 3 0
github.com/ekhvalov/bank-chat-service/internal/server-client/events/events.gen.go:135.69,139.2 3 0
github.com/ekhvalov/bank-chat-service/internal/server-client/events/events.gen.go:142.70,147.2 4 0
github.com/ekhvalov/bank-chat-service/internal/server-client/events/events.gen.go:150.71,153.16 3 0
github.com/ekhvalov/bank-chat-service/internal/server-client/events/events.gen.go:153.16,155.3 1 0
github.com/ekhvalov/bank-chat-service/internal/server-client/events/events.gen.go:157.2,159.12 3 0
github.com/ekhvalov/bank-chat-service/internal/server-client/events/events.gen.go:162.48,168.2 3 0
github.com/ekhvalov/bank-chat-service/internal/server-client/events/events.gen.go:170.60,172.16 2 0
github.com/ekhvalov/bank-chat-service/internal/server-client/events/events.gen.go:172.16,174.3 1 0
github.com/ekhvalov/bank-chat-service/internal/server-client/events/events.gen.go:175.2,175.23 1 0
github.com/ekhvalov/bank-chat-service/internal/server-client/events/events.gen.go:176.29,177.35 1 0
github.com/ekhvalov/bank-chat-service/internal/server-client/events/events.gen.go:178.26,179.32 1 0
github.com/ekhvalov/bank-chat-service/internal/server-client/events/events.gen.go:180.25,181.31 1 0
github.com/ekhvalov/bank-chat-service/internal/server-client/events/events.gen.go:182.10,183.74 1 0
github.com/ekhvalov/bank-chat-service/internal/server-client/events/events.gen.go:187.46,190.2 2 0
github.com/ekhvalov/bank-chat-service/internal/server-client/events/events.gen.go:192.47,195.2 2 0
github.com/ekhvalov/bank-chat-service/internal/server-client/events/events.gen.go:216.35,218.16 2 1
github.com/ekhvalov/bank-chat-service/internal/server-client/events/events.gen.go:218.16,220.3 1 0
github.com/ekhvalov/bank-chat-service/internal/server-client/events/events.gen.go:221.2,222.16 2 1
github.com/ekhvalov/bank-chat-service/internal/server-client/events/events.gen.go:222.16,224.3 1 0
github.com/ekhvalov/bank-chat-service/internal/server-client/events/events.gen.go:225.2,227.16 3 1
github.com/ekhvalov/bank-chat-service/internal/server-client/events/events.gen.go:227.16,229.3 1 0
github.com/ekhvalov/bank-chat-service/internal/server-client/events/events.gen.go:231.2,231.25 1 1
github.com/ekhvalov/bank-chat-service/internal/server-client/events/events.gen.go:237.48,239.32 2 1
github.com/ekhvalov/bank-chat-service/internal/server-client/events/events.gen.go:239.32,241.3 1 0
github.com/ekhvalov/bank-chat-service/internal/server-client/events/events.gen.go:245.73,247.25 2 0
github.com/ekhvalov/bank-chat-service/internal/server-client/events/events.gen.go:247.25,249.3 1 0
github.com/ekhvalov/bank-chat-service/internal/server-client/events/events.gen.go:251.2,251.12 1 0
github.com/ekhvalov/bank-chat-service/internal/server-client/events/events.gen.go:259.52,264.87 4 0
github.com/ekhvalov/bank-chat-service/internal/server-client/events/events.gen.go:264.87,268.10 4 0
github.com/ekhvalov/bank-chat-service/internal/server-client/events/events.gen.go:268.10,271.4 2 0
github.com/ekhvalov/bank-chat-service/internal/server-client/events/events.gen.go:272.3,272.19 1 0
github.com/ekhvalov/bank-chat-service/internal/server-client/events/events.gen.go:274.2,276.16 3 0
github.com/ekhvalov/bank-chat-service/internal/server-client/events/events.gen.go:276.16,278.3 1 0
github.com/ekhvalov/bank-chat-service/internal/server-client/events/events.gen.go:279.2,280.16 2 0
github.com/ekhvalov/bank-chat-service/internal/server-client/events/events.gen.go:280.16,282.3 1 0
github.com/ekhvalov/bank-chat-service/internal/server-client/events/events.gen.go:283.2,283.8 1 0
github.com/ekhvalov/bank-chat-service/internal/server-client/v1/handlers.go:36.50,37.40 1 1
github.com/ekhvalov/bank-chat-service/internal/server-client/v1/handlers.go:37.40,39.3 1 0
github.com/ekhvalov/bank-chat-service/internal/server-client/v1/handlers.go:40.2,40.37 1 1
github.com/ekhvalov/bank-chat-service/internal/server-client/v1/handlers_get_history.go:17.88,21.40 4 1
github.com/ekhvalov/bank-chat-service/internal/server-client/v1/handlers_get_history.go:21.40,23.3 1 1
github.com/ekhvalov/bank-chat-service/internal/server-client/v1/handlers_get_history.go:25.2,32.16 3 1
github.com/ekhvalov/bank-chat-service/internal/server-client/v1/handlers_get_history.go:32.16,33.10 1 1
github.com/ekhvalov/bank-chat-service/internal/server-client/v1/handlers_get_history.go:34.53,35.87 1 1
github.com/ekhvalov/bank-chat-service/internal/server-client/v1/handlers_get_history.go:36.52,37.86 1 1
github.com/ekhvalov/bank-chat-service/internal/server-client/v1/handlers_get_history.go:39.3,39.64 1 1
github.com/ekhvalov/bank-chat-service/internal/server-client/v1/handlers_get_history.go:42.2,43.38 2 1
github.com/ekhvalov/bank-chat-service/internal/server-client/v1/handlers_get_history.go:43.38,53.3 1 1
github.com/ekhvalov/bank-chat-service/internal/server-client/v1/handlers_get_history.go:54.2,58.16 2 1
github.com/ekhvalov/bank-chat-service/internal/server-client/v1/handlers_get_history.go:58.16,60.3 1 0
github.com/ekhvalov/bank-chat-service/internal/server-client/v1/handlers_get_history.go:61.2,61.12 1 1
github.com/ekhvalov/bank-chat-service/internal/server-client/v1/handlers_options.gen.go:19.11,28.30 5 1
github.com/ekhvalov/bank-chat-service/internal/server-client/v1/handlers_options.gen.go:28.30,30.3 1 0
github.com/ekhvalov/bank-chat-service/internal/server-client/v1/handlers_options.gen.go:31.2,31.10 1 1
github.com/ekhvalov/bank-chat-service/internal/server-client/v1/handlers_options.gen.go:34.36,40.2 5 1
github.com/ekhvalov/bank-chat-service/internal/server-client/v1/handlers_options.gen.go:42.49,43.91 1 1
github.com/ekhvalov/bank-chat-service/internal/server-client/v1/handlers_options.gen.go:43.91,45.3 1 0
github.com/ekhvalov/bank-chat-service/internal/server-client/v1/handlers_options.gen.go:46.2,46.12 1 1
github.com/ekhvalov/bank-chat-service/internal/server-client/v1/handlers_options.gen.go:49.55,50.97 1 1
github.com/ekhvalov/bank-chat-service/internal/server-client/v1/handlers_options.gen.go:50.97,52.3 1 0
github.com/ekhvalov/bank-chat-service/internal/server-client/v1/handlers_options.gen.go:53.2,53.12 1 1
github.com/ekhvalov/bank-chat-service/internal/server-client/v1/handlers_options.gen.go:56.56,57.98 1 1
github.com/ekhvalov/bank-chat-service/internal/server-client/v1/handlers_options.gen.go:57.98,59.3 1 0
github.com/ekhvalov/bank-chat-service/internal/server-client/v1/handlers_options.gen.go:60.2,60.12 1 1
github.com/ekhvalov/bank-chat-service/internal/server-client/v1/handlers_send_message.go:17.90,21.48 4 1
github.com/ekhvalov/bank-chat-service/internal/server-client/v1/handlers_send_message.go:21.48,23.3 1 1
github.com/ekhvalov/bank-chat-service/internal/server-client/v1/handlers_send_message.go:25.2,31.16 3 1
github.com/ekhvalov/bank-chat-service/internal/server-client/v1/handlers_send_message.go:31.16,32.10 1 1
github.com/ekhvalov/bank-chat-service/internal/server-client/v1/handlers_send_message.go:33.54,34.64 1 1
github.com/ekhvalov/bank-chat-service/internal/server-client/v1/handlers_send_message.go:35.54,36.87 1 1
github.com/ekhvalov/bank-chat-service/internal/server-client/v1/handlers_send_message.go:37.57,38.93 1 1
github.com/ekhvalov/bank-chat-service/internal/server-client/v1/handlers_send_message.go:40.3,40.72 1 0
github.com/ekhvalov/bank-chat-service/internal/server-client/v1/handlers_send_message.go:43.2,51.16 2 1
github.com/ekhvalov/bank-chat-service/internal/server-client/v1/handlers_send_message.go:51.16,53.3 1 0
github.com/ekhvalov/bank-chat-service/internal/server-client/v1/handlers_send_message.go:55.2,55.12 1 1
github.com/ekhvalov/bank-chat-service/internal/server-client/v1/server.gen.go:126.73,136.81 5 1
github.com/ekhvalov/bank-chat-service/internal/server-client/v1/server.gen.go:136.81,139.13 3 1
github.com/ekhvalov/bank-chat-service/internal/server-client/v1/server.gen.go:139.13,141.4 1 0
github.com/ekhvalov/bank-chat-service/internal/server-client/v1/server.gen.go:143.3,144.17 2 1
github.com/ekhvalov/bank-chat-service/internal/server-client/v1/server.gen.go:144.17,146.4 1 0
github.com/ekhvalov/bank-chat-service/internal/server-client/v1/server.gen.go:148.3,148.33 1 1
github.com/ekhvalov/bank-chat-service/internal/server-client/v1/server.gen.go:149.8,151.3 1 0
github.com/ekhvalov/bank-chat-service/internal/server-client/v1/server.gen.go:154.2,155.12 2 1
github.com/ekhvalov/bank-chat-service/internal/server-client/v1/server.gen.go:159.74,169.81 5 1
github.com/ekhvalov/bank-chat-service/internal/server-client/v1/server.gen.go:169.81,172.13 3 1
github.com/ekhvalov/bank-chat-service/internal/server-client/v1/server.gen.go:172.13,174.4 1 0
github.com/ekhvalov/bank-chat-service/internal/server-client/v1/server.gen.go:176.3,177.17 2 1
github.com/ekhvalov/bank-chat-service/internal/server-client/v1/server.gen.go:177.17,179.4 1 0
github.com/ekhvalov/bank-chat-service/internal/server-client/v1/server.gen.go:181.3,181.33 1 1
github.com/ekhvalov/bank-chat-service/internal/server-client/v1/server.gen.go:182.8,184.3 1 0
github.com/ekhvalov/bank-chat-service/internal/server-client/v1/server.gen.go:187.2,188.12 2 1
github.com/ekhvalov/bank-chat-service/internal/server-client/v1/server.gen.go:207.62,209.2 1 1
github.com/ekhvalov/bank-chat-service/internal/server-client/v1/server.gen.go:213.89,222.2 3 1
github.com/ekhvalov/bank-chat-service/internal/server-client/v1/server.gen.go:248.35,250.16 2 1
github.com/ekhvalov/bank-chat-service/internal/server-client/v1/server.gen.go:250.16,252.3 1 0
github.com/ekhvalov/bank-chat-service/internal/server-client/v1/server.gen.go:253.2,254.16 2 1
github.com/ekhvalov/bank-chat-service/internal/server-client/v1/server.gen.go:254.16,256.3 1 0
github.com/ekhvalov/bank-chat-service/internal/server-client/v1/server.gen.go:257.2,259.16 3 1
github.com/ekhvalov/bank-chat-service/internal/server-client/v1/server.gen.go:259.16,261.3 1 0
github.com/ekhvalov/bank-chat-service/internal/server-client/v1/server.gen.go:263.2,263.25 1 1
github.com/ekhvalov/bank-chat-service/internal/server-client/v1/server.gen.go:269.48,271.32 2 1
github.com/ekhvalov/bank-chat-service/internal/server-client/v1/server.gen.go:271.32,273.3 1 1
github.com/ekhvalov/bank-chat-service/internal/server-client/v1/server.gen.go:277.73,279.25 2 1
github.com/ekhvalov/bank-chat-service/internal/server-client/v1/server.gen.go:279.25,281.3 1 0
github.com/ekhvalov/bank-chat-service/internal/server-client/v1/server.gen.go:283.2,283.12 1 1
github.com/ekhvalov/bank-chat-service/internal/server-client/v1/server.gen.go:291.52,296.87 4 1
github.com/ekhvalov/bank-chat-service/internal/server-client/v1/server.gen.go:296.87,300.10 4 0
github.com/ekhvalov/bank-chat-service/internal/server-client/v1/server.gen.go:300.10,303.4 2 0
github.com/ekhvalov/bank-chat-service/internal/server-client/v1/server.gen.go:304.3,304.19 1 0
github.com/ekhvalov/bank-chat-service/internal/server-client/v1/server.gen.go:306.2,308.16 3 1
github.com/ekhvalov/bank-chat-service/internal/server-client/v1/server.gen.go:308.16,310.3 1 0
github.com/ekhvalov/bank-chat-service/internal/server-client/v1/server.gen.go:311.2,312.16 2 1
github.com/ekhvalov/bank-chat-service/internal/server-client/v1/server.gen.go:312.16,314.3 1 0
github.com/ekhvalov/bank-chat-service/internal/server-client/v1/server.gen.go:315.2,315.8 1 1
github.com/ekhvalov/bank-chat-service/internal/server-debug/index.go:22.32,24.2 1 1
github.com/ekhvalov/bank-chat-service/internal/server-debug/index.go:26.62,31.2 1 1
github.com/ekhvalov/bank-chat-service/internal/server-debug/index.go:33.54,80.2 1 0
github.com/ekhvalov/bank-chat-service/internal/server-debug/index.go:82.24,84.2 1 0
github.com/ekhvalov/bank-chat-service/internal/server-debug/server.go:39.41,40.40 1 1
github.com/ekhvalov/bank-chat-service/internal/server-debug/server.go:40.40,42.3 1 0
github.com/ekhvalov/bank-chat-service/internal/server-debug/server.go:44.2,80.15 21 1
github.com/ekhvalov/bank-chat-service/internal/server-debug/server.go:83.49,86.21 2 1
github.com/ekhvalov/bank-chat-service/internal/server-debug/server.go:86.21,93.3 4 1
github.com/ekhvalov/bank-chat-service/internal/server-debug/server.go:95.2,95.21 1 1
github.com/ekhvalov/bank-chat-service/internal/server-debug/server.go:95.21,98.89 2 1
github.com/ekhvalov/bank-chat-service/internal/server-debug/server.go:98.89,100.4 1 0
github.com/ekhvalov/bank-chat-service/internal/server-debug/server.go:101.3,101.13 1 1
github.com/ekhvalov/bank-chat-service/internal/server-debug/server.go:104.2,104.18 1 1
github.com/ekhvalov/bank-chat-service/internal/server-debug/server.go:107.51,109.2 1 0
github.com/ekhvalov/bank-chat-service/internal/server-debug/server.go:111.52,113.21 2 0
github.com/ekhvalov/bank-chat-service/internal/server-debug/server.go:113.21,115.3 1 0
github.com/ekhvalov/bank-chat-service/internal/server-debug/server.go:116.2,116.50 1 0
github.com/ekhvalov/bank-chat-service/internal/server-debug/server.go:116.50,118.3 1 0
github.com/ekhvalov/bank-chat-service/internal/server-debug/server.go:119.2,119.41 1 0
github.com/ekhvalov/bank-chat-service/internal/server-debug/server.go:122.44,123.47 1 1
github.com/ekhvalov/bank-chat-service/internal/server-debug/server.go:123.47,126.3 2 0
github.com/ekhvalov/bank-chat-service/internal/server-debug/server.go:127.2,133.49 7 1
github.com/ekhvalov/bank-chat-service/internal/server-debug/server.go:133.49,136.3 2 0
github.com/ekhvalov/bank-chat-service/internal/server-debug/server.go:137.2,137.49 1 1
github.com/ekhvalov/bank-chat-service/internal/server-debug/server.go:137.49,140.3 2 0
github.com/ekhvalov/bank-chat-service/internal/server-debug/server.go:141.2,141.48 1 1
github.com/ekhvalov/bank-chat-service/internal/server-debug/server.go:141.48,144.3 2 0
github.com/ekhvalov/bank-chat-service/internal/server-debug/server.go:145.2,147.47 3 1
github.com/ekhvalov/bank-chat-service/internal/server-debug/server.go:147.47,150.3 2 0
github.com/ekhvalov/bank-chat-service/internal/server-debug/server.go:151.2,151.59 1 1
github.com/ekhvalov/bank-chat-service/internal/server-debug/server.go:154.54,157.2 2 0
github.com/ekhvalov/bank-chat-service/internal/server-debug/server.go:159.56,161.16 2 0
github.com/ekhvalov/bank-chat-service/internal/server-debug/server.go:161.16,163.3 1 0
github.com/ekhvalov/bank-chat-service/internal/server-debug/server.go:164.2,164.37 1 0
github.com/ekhvalov/bank-chat-service/internal/server-debug/server.go:167.62,169.16 2 0
github.com/ekhvalov/bank-chat-service/internal/server-debug/server.go:169.16,171.3 1 0
github.com/ekhvalov/bank-chat-service/internal/server-debug/server.go:172.2,172.37 1 0
github.com/ekhvalov/bank-chat-service/internal/server-debug/server.go:175.57,177.16 2 0
github.com/ekhvalov/bank-chat-service/internal/server-debug/server.go:177.16,179.3 1 0
github.com/ekhvalov/bank-chat-service/internal/server-debug/server.go:180.2,180.37 1 0
github.com/ekhvalov/bank-chat-service/internal/server-debug/server_options.gen.go:16.11,23.30 3 1
github.com/ekhvalov/bank-chat-service/internal/server-debug/server_options.gen.go:23.30,25.3 1 0
github.com/ekhvalov/bank-chat-service/internal/server-debug/server_options.gen.go:26.2,26.10 1 1
github.com/ekhvalov/bank-chat-service/internal/server-debug/server_options.gen.go:29.36,33.2 3 1
github.com/ekhvalov/bank-chat-service/internal/server-debug/server_options.gen.go:35.47,36.103 1 1
github.com/ekhvalov/bank-chat-service/internal/server-debug/server_options.gen.go:36.103,38.3 1 0
github.com/ekhvalov/bank-chat-service/internal/server-debug/server_options.gen.go:39.2,39.12 1 1
github.com/ekhvalov/bank-chat-service/internal/server-manager/server.go:20.41,21.40 1 1
github.com/ekhvalov/bank-chat-service/internal/server-manager/server.go:21.40,23.3 1 0
github.com/ekhvalov/bank-chat-service/internal/server-manager/server.go:24.2,24.36 1 1
github.com/ekhvalov/bank-chat-service/internal/server-manager/server.go:31.49,40.2 2 1
github.com/ekhvalov/bank-chat-service/internal/server-manager/server_options.gen.go:19.11,27.30 4 1
github.com/ekhvalov/bank-chat-service/internal/server-manager/server_options.gen.go:27.30,29.3 1 0
github.com/ekhvalov/bank-chat-service/internal/server-manager/server_options.gen.go:30.2,30.10 1 1
github.com/ekhvalov/bank-chat-service/internal/server-manager/server_options.gen.go:33.36,38.2 4 1
github.com/ekhvalov/bank-chat-service/internal/server-manager/server_options.gen.go:40.52,41.94 1 1
github.com/ekhvalov/bank-chat-service/internal/server-manager/server_options.gen.go:41.94,43.3 1 0
github.com/ekhvalov/bank-chat-service/internal/server-manager/server_options.gen.go:44.2,44.12 1 1
github.com/ekhvalov/bank-chat-service/internal/server-manager/server_options.gen.go:47.53,48.95 1 1
github.com/ekhvalov/bank-chat-service/internal/server-manager/server_options.gen.go:48.95,50.3 1 0
github.com/ekhvalov/bank-chat-service/internal/server-manager/server_options.gen.go:51.2,51.12 1 1
github.com/ekhvalov/bank-chat-service/internal/server-manager/errhandler/response_builder.go:12.70,18.2 1 1
github.com/ekhvalov/bank-chat-service/internal/server-manager/events/adapter.go:14.57,15.38 1 1
github.com/ekhvalov/bank-chat-service/internal/server-manager/events/adapter.go:15.38,17.3 1 0
github.com/ekhvalov/bank-chat-service/internal/server-manager/events/adapter.go:18.2,18.24 1 1
github.com/ekhvalov/bank-chat-service/internal/server-manager/events/adapter.go:19.33,27.9 1 1
github.com/ekhvalov/bank-chat-service/internal/server-manager/events/adapter.go:28.36,35.9 1 1
github.com/ekhvalov/bank-chat-service/internal/server-manager/events/adapter.go:36.36,46.9 1 1
github.com/ekhvalov/bank-chat-service/internal/server-manager/events/adapter.go:47.10,48.54 1 0
github.com/ekhvalov/bank-chat-service/internal/server-manager/events/events.gen.go:85.55,89.2 3 0
github.com/ekhvalov/bank-chat-service/internal/server-manager/events/events.gen.go:92.56,97.2 4 0
github.com/ekhvalov/bank-chat-service/internal/server-manager/events/events.gen.go:100.57,103.16 3 0
github.com/ekhvalov/bank-chat-service/internal/server-manager/events/events.gen.go:103.16,105.3 1 0
github.com/ekhvalov/bank-chat-service/internal/server-manager/events/events.gen.go:107.2,109.12 3 0
github.com/ekhvalov/bank-chat-service/internal/server-manager/events/events.gen.go:113.61,117.2 3 0
github.com/ekhvalov/bank-chat-service/internal/server-manager/events/events.gen.go:120.62,125.2 4 0
github.com/ekhvalov/bank-chat-service/internal/server-manager/events/events.gen.go:128.63,131.16 3 0
github.com/ekhvalov/bank-chat-service/internal/server-manager/events/events.gen.go:131.16,133.3 1 0
github.com/ekhvalov/bank-chat-service/internal/server-manager/events/events.gen.go:135.2,137.12 3 0
github.com/ekhvalov/bank-chat-service/internal/server-manager/events/events.gen.go:141.61,145.2 3 0
github.com/ekhvalov/bank-chat-service/internal/server-manager/events/events.gen.go:148.62,153.2 4 0
github.com/ekhvalov/bank-chat-service/internal/server-manager/events/events.gen.go:156.63,159.16 3 0
github.com/ekhvalov/bank-chat-service/internal/server-manager/events/events.gen.go:159.16,161.3 1 0
github.com/ekhvalov/bank-chat-service/internal/server-manager/events/events.gen.go:163.2,165.12 3 0
github.com/ekhvalov/bank-chat-service/internal/server-manager/events/events.gen.go:168.48,174.2 3 0
github.com/ekhvalov/bank-chat-service/internal/server-manager/events/events.gen.go:176.60,178.16 2 0
github.com/ekhvalov/bank-chat-service/internal/server-manager/events/events.gen.go:178.16,180.3 1 0
github.com/ekhvalov/bank-chat-service/internal/server-manager/events/events.gen.go:181.2,181.23 1 0
github.com/ekhvalov/bank-chat-service/internal/server-manager/events/events.gen.go:182.25,183.31 1 0
github.com/ekhvalov/bank-chat-service/internal/server-manager/events/events.gen.go:184.22,185.28 1 0
github.com/ekhvalov/bank-chat-service/internal/server-manager/events/events.gen.go:186.25,187.31 1 0
github.com/ekhvalov/bank-chat-service/internal/server-manager/events/events.gen.go:188.10,189.74 1 0
github.com/ekhvalov/bank-chat-service/internal/server-manager/events/events.gen.go:193.46,196.2 2 0
github.com/ekhvalov/bank-chat-service/internal/server-manager/events/events.gen.go:198.47,201.2 2 0
github.com/ekhvalov/bank-chat-service/internal/server-manager/events/events.gen.go:223.35,225.16 2 1
github.com/ekhvalov/bank-chat-service/internal/server-manager/events/events.gen.go:225.16,227.3 1 0
github.com/ekhvalov/bank-chat-service/internal/server-manager/events/events.gen.go:228.2,229.16 2 1
github.com/ekhvalov/bank-chat-service/internal/server-manager/events/events.gen.go:229.16,231.3 1 0
github.com/ekhvalov/bank-chat-service/internal/server-manager/events/events.gen.go:232.2,234.16 3 1
github.com/ekhvalov/bank-chat-service/internal/server-manager/events/events.gen.go:234.16,236.3 1 0
github.com/ekhvalov/bank-chat-service/internal/server-manager/events/events.gen.go:238.2,238.25 1 1
github.com/ekhvalov/bank-chat-service/internal/server-manager/events/events.gen.go:244.48,246.32 2 1
github.com/ekhvalov/bank-chat-service/internal/server-manager/events/events.gen.go:246.32,248.3 1 0
github.com/ekhvalov/bank-chat-service/internal/server-manager/events/events.gen.go:252.73,254.25 2 0
github.com/ekhvalov/bank-chat-service/internal/server-manager/events/events.gen.go:254.25,256.3 1 0
github.com/ekhvalov/bank-chat-service/internal/server-manager/events/events.gen.go:258.2,258.12 1 0
github.com/ekhvalov/bank-chat-service/internal/server-manager/events/events.gen.go:266.52,271.87 4 0
github.com/ekhvalov/bank-chat-service/internal/server-manager/events/events.gen.go:271.87,275.10 4 0
github.com/ekhvalov/bank-chat-service/internal/server-manager/events/events.gen.go:275.10,278.4 2 0
github.com/ekhvalov/bank-chat-service/internal/server-manager/events/events.gen.go:279.3,279.19 1 0
github.com/ekhvalov/bank-chat-service/internal/server-manager/events/events.gen.go:281.2,283.16 3 0
github.com/ekhvalov/bank-chat-service/internal/server-manager/events/events.gen.go:283.16,285.3 1 0
github.com/ekhvalov/bank-chat-service/internal/server-manager/events/events.gen.go:286.2,287.16 2 0
github.com/ekhvalov/bank-chat-service/internal/server-manager/events/events.gen.go:287.16,289.3 1 0
github.com/ekhvalov/bank-chat-service/internal/server-manager/events/events.gen.go:290.2,290.8 1 0
github.com/ekhvalov/bank-chat-service/internal/server-manager/v1/handlers.go:60.50,61.40 1 1
github.com/ekhvalov/bank-chat-service/internal/server-manager/v1/handlers.go:61.40,63.3 1 0
github.com/ekhvalov/bank-chat-service/internal/server-manager/v1/handlers.go:64.2,64.37 1 1
github.com/ekhvalov/bank-chat-service/internal/server-manager/v1/handlers_close_chat.go:16.86,18.48 2 1
github.com/ekhvalov/bank-chat-service/internal/server-manager/v1/handlers_close_chat.go:18.48,20.3 1 1
github.com/ekhvalov/bank-chat-service/internal/server-manager/v1/handlers_close_chat.go:22.2,25.16 3 1
github.com/ekhvalov/bank-chat-service/internal/server-manager/v1/handlers_close_chat.go:25.16,26.10 1 1
github.com/ekhvalov/bank-chat-service/internal/server-manager/v1/handlers_close_chat.go:27.59,28.95 1 1
github.com/ekhvalov/bank-chat-service/internal/server-manager/v1/handlers_close_chat.go:29.52,30.56 1 1
github.com/ekhvalov/bank-chat-service/internal/server-manager/v1/handlers_close_chat.go:32.3,32.64 1 1
github.com/ekhvalov/bank-chat-service/internal/server-manager/v1/handlers_close_chat.go:35.2,39.16 2 1
github.com/ekhvalov/bank-chat-service/internal/server-manager/v1/handlers_close_chat.go:39.16,41.3 1 0
[...]
github.com/ekhvalov/bank-chat-service/internal/usecases/manager/free-hands/usecase.go:57.2,58.16 2 1
github.com/ekhvalov/bank-chat-service/internal/usecases/manager/free-hands/usecase.go:58.16,60.3 1 1
github.com/ekhvalov/bank-chat-service/internal/usecases/manager/free-hands/usecase.go:61.2,61.21 1 1
github.com/ekhvalov/bank-chat-service/internal/usecases/manager/free-hands/usecase.go:61.21,63.3 1 1
github.com/ekhvalov/bank-chat-service/internal/usecases/manager/free-hands/usecase.go:65.2,65.54 1 1
github.com/ekhvalov/bank-chat-service/internal/usecases/manager/free-hands/usecase.go:65.54,67.3 1 1
github.com/ekhvalov/bank-chat-service/internal/usecases/manager/free-hands/usecase.go:68.2,68.12 1 1
github.com/ekhvalov/bank-chat-service/internal/usecases/manager/free-hands/usecase_options.gen.go:17.11,25.30 4 1
github.com/ekhvalov/bank-chat-service/internal/usecases/manager/free-hands/usecase_options.gen.go:25.30,27.3 1 0
github.com/ekhvalov/bank-chat-service/internal/usecases/manager/free-hands/usecase_options.gen.go:28.2,28.10 1 1
github.com/ekhvalov/bank-chat-service/internal/usecases/manager/free-hands/usecase_options.gen.go:31.36,36.2 4 1
github.com/ekhvalov/bank-chat-service/internal/usecases/manager/free-hands/usecase_options.gen.go:38.54,39.96 1 1
github.com/ekhvalov/bank-chat-service/internal/usecases/manager/free-hands/usecase_options.gen.go:39.96,41.3 1 1
github.com/ekhvalov/bank-chat-service/internal/usecases/manager/free-hands/usecase_options.gen.go:42.2,42.12 1 1
github.com/ekhvalov/bank-chat-service/internal/usecases/manager/free-hands/usecase_options.gen.go:45.47,46.89 1 1
github.com/ekhvalov/bank-chat-service/internal/usecases/manager/free-hands/usecase_options.gen.go:46.89,48.3 1 1
github.com/ekhvalov/bank-chat-service/internal/usecases/manager/free-hands/usecase_options.gen.go:49.2,49.12 1 1
github.com/ekhvalov/bank-chat-service/internal/usecases/manager/get-chat-history/dto.go:19.35,20.39 1 1
github.com/ekhvalov/bank-chat-service/internal/usecases/manager/get-chat-history/dto.go:20.39,22.3 1 1
github.com/ekhvalov/bank-chat-service/internal/usecases/manager/get-chat-history/dto.go:22.8,22.46 1 1
github.com/ekhvalov/bank-chat-service/internal/usecases/manager/get-chat-history/dto.go:22.46,24.3 1 0
github.com/ekhvalov/bank-chat-service/internal/usecases/manager/get-chat-history/dto.go:25.2,25.38 1 1
github.com/ekhvalov/bank-chat-service/internal/usecases/manager/get-chat-history/usecase.go:38.41,39.40 1 1
github.com/ekhvalov/bank-chat-service/internal/usecases/manager/get-chat-history/usecase.go:39.40,41.3 1 0
github.com/ekhvalov/bank-chat-service/internal/usecases/manager/get-chat-history/usecase.go:42.2,42.36 1 1
github.com/ekhvalov/bank-chat-service/internal/usecases/manager/get-chat-history/usecase.go:45.81,46.43 1 1
github.com/ekhvalov/bank-chat-service/internal/usecases/manager/get-chat-history/usecase.go:46.43,48.3 1 1
github.com/ekhvalov/bank-chat-service/internal/usecases/manager/get-chat-history/usecase.go:50.2,51.26 2 1
github.com/ekhvalov/bank-chat-service/internal/usecases/manager/get-chat-history/usecase.go:51.26,52.61 1 1
github.com/ekhvalov/bank-chat-service/internal/usecases/manager/get-chat-history/usecase.go:52.61,54.4 1 1
github.com/ekhvalov/bank-chat-service/internal/usecases/manager/get-chat-history/usecase.go:57.2,58.16 2 1
github.com/ekhvalov/bank-chat-service/internal/usecases/manager/get-chat-history/usecase.go:58.16,60.3 1 1
github.com/ekhvalov/bank-chat-service/internal/usecases/manager/get-chat-history/usecase.go:62.2,63.16 2 1
github.com/ekhvalov/bank-chat-service/internal/usecases/manager/get-chat-history/usecase.go:63.16,65.3 1 1
github.com/ekhvalov/bank-chat-service/internal/usecases/manager/get-chat-history/usecase.go:67.2,68.20 2 1
github.com/ekhvalov/bank-chat-service/internal/usecases/manager/get-chat-history/usecase.go:68.20,69.64 1 0
github.com/ekhvalov/bank-chat-service/internal/usecases/manager/get-chat-history/usecase.go:69.64,71.4 1 0
github.com/ekhvalov/bank-chat-service/internal/usecases/manager/get-chat-history/usecase.go:74.2,75.29 2 1
github.com/ekhvalov/bank-chat-service/internal/usecases/manager/get-chat-history/usecase.go:75.29,82.3 1 1
github.com/ekhvalov/bank-chat-service/internal/usecases/manager/get-chat-history/usecase.go:83.2,83.18 1 1
github.com/ekhvalov/bank-chat-service/internal/usecases/manager/get-chat-history/usecase_options.gen.go:17.11,25.30 4 1
github.com/ekhvalov/bank-chat-service/internal/usecases/manager/get-chat-history/usecase_options.gen.go:25.30,27.3 1 0
github.com/ekhvalov/bank-chat-service/internal/usecases/manager/get-chat-history/usecase_options.gen.go:28.2,28.10 1 1
github.com/ekhvalov/bank-chat-service/internal/usecases/manager/get-chat-history/usecase_options.gen.go:31.36,36.2 4 1
github.com/ekhvalov/bank-chat-service/internal/usecases/manager/get-chat-history/usecase_options.gen.go:38.55,39.97 1 1
github.com/ekhvalov/bank-chat-service/internal/usecases/manager/get-chat-history/usecase_options.gen.go:39.97,41.3 1 0
github.com/ekhvalov/bank-chat-service/internal/usecases/manager/get-chat-history/usecase_options.gen.go:42.2,42.12 1 1
github.com/ekhvalov/bank-chat-service/internal/usecases/manager/get-chat-history/usecase_options.gen.go:45.55,46.97 1 1
github.com/ekhvalov/bank-chat-service/internal/usecases/manager/get-chat-history/usecase_options.gen.go:46.97,48.3 1 0
github.com/ekhvalov/bank-chat-service/internal/usecases/manager/get-chat-history/usecase_options.gen.go:49.2,49.12 1 1
github.com/ekhvalov/bank-chat-service/internal/usecases/manager/get-chats/dto.go:13.35,15.2 1 1
github.com/ekhvalov/bank-chat-service/internal/usecases/manager/get-chats/usecase.go:26.41,27.40 1 1
github.com/ekhvalov/bank-chat-service/internal/usecases/manager/get-chats/usecase.go:27.40,29.3 1 0
github.com/ekhvalov/bank-chat-service/internal/usecases/manager/get-chats/usecase.go:30.2,30.36 1 1
github.com/ekhvalov/bank-chat-service/internal/usecases/manager/get-chats/usecase.go:33.81,34.43 1 1
github.com/ekhvalov/bank-chat-service/internal/usecases/manager/get-chats/usecase.go:34.43,36.3 1 1
github.com/ekhvalov/bank-chat-service/internal/usecases/manager/get-chats/usecase.go:38.2,39.16 2 1
github.com/ekhvalov/bank-chat-service/internal/usecases/manager/get-chats/usecase.go:39.16,41.3 1 1
github.com/ekhvalov/bank-chat-service/internal/usecases/manager/get-chats/usecase.go:43.2,44.29 2 1
github.com/ekhvalov/bank-chat-service/internal/usecases/manager/get-chats/usecase.go:44.29,46.3 1 1
github.com/ekhvalov/bank-chat-service/internal/usecases/manager/get-chats/usecase.go:48.2,48.22 1 1
github.com/ekhvalov/bank-chat-service/internal/usecases/manager/get-chats/usecase_options.gen.go:16.11,23.30 3 1
github.com/ekhvalov/bank-chat-service/internal/usecases/manager/get-chats/usecase_options.gen.go:23.30,25.3 1 0
github.com/ekhvalov/bank-chat-service/internal/usecases/manager/get-chats/usecase_options.gen.go:26.2,26.10 1 1
github.com/ekhvalov/bank-chat-service/internal/usecases/manager/get-chats/usecase_options.gen.go:29.36,33.2 3 1
github.com/ekhvalov/bank-chat-service/internal/usecases/manager/get-chats/usecase_options.gen.go:35.52,36.94 1 1
github.com/ekhvalov/bank-chat-service/internal/usecases/manager/get-chats/usecase_options.gen.go:36.94,38.3 1 0
github.com/ekhvalov/bank-chat-service/internal/usecases/manager/get-chats/usecase_options.gen.go:39.2,39.12 1 1
github.com/ekhvalov/bank-chat-service/internal/usecases/manager/send-message/dto.go:17.35,19.2 1 1
github.com/ekhvalov/bank-chat-service/internal/usecases/manager/send-message/usecase.go:52.41,53.40 1 1
github.com/ekhvalov/bank-chat-service/internal/usecases/manager/send-message/usecase.go:53.40,55.3 1 0
github.com/ekhvalov/bank-chat-service/internal/usecases/manager/send-message/usecase.go:56.2,56.36 1 1
github.com/ekhvalov/bank-chat-service/internal/usecases/manager/send-message/usecase.go:59.77,60.56 1 1
github.com/ekhvalov/bank-chat-service/internal/usecases/manager/send-message/usecase.go:60.56,62.3 1 1
github.com/ekhvalov/bank-chat-service/internal/usecases/manager/send-message/usecase.go:64.2,65.16 2 1
github.com/ekhvalov/bank-chat-service/internal/usecases/manager/send-message/usecase.go:65.16,67.3 1 1
github.com/ekhvalov/bank-chat-service/internal/usecases/manager/send-message/usecase.go:69.2,70.40 2 1
github.com/ekhvalov/bank-chat-service/internal/usecases/manager/send-message/usecase.go:70.40,72.17 2 1
github.com/ekhvalov/bank-chat-service/internal/usecases/manager/send-message/usecase.go:72.17,74.4 1 1
github.com/ekhvalov/bank-chat-service/internal/usecases/manager/send-message/usecase.go:76.3,77.60 2 1
github.com/ekhvalov/bank-chat-service/internal/usecases/manager/send-message/usecase.go:77.60,79.4 1 0
github.com/ekhvalov/bank-chat-service/internal/usecases/manager/send-message/usecase.go:80.3,81.17 2 1
github.com/ekhvalov/bank-chat-service/internal/usecases/manager/send-message/usecase.go:81.17,83.4 1 1
github.com/ekhvalov/bank-chat-service/internal/usecases/manager/send-message/usecase.go:85.3,85.13 1 1
github.com/ekhvalov/bank-chat-service/internal/usecases/manager/send-message/usecase.go:88.2,88.54 1 1
github.com/ekhvalov/bank-chat-service/internal/usecases/manager/send-message/usecase.go:88.54,90.3 1 1
github.com/ekhvalov/bank-chat-service/internal/usecases/manager/send-message/usecase.go:92.2,92.67 1 1
github.com/ekhvalov/bank-chat-service/internal/usecases/manager/send-message/usecase_options.gen.go:19.11,29.30 6 1
github.com/ekhvalov/bank-chat-service/internal/usecases/manager/send-message/usecase_options.gen.go:29.30,31.3 1 0
github.com/ekhvalov/bank-chat-service/internal/usecases/manager/send-message/usecase_options.gen.go:32.2,32.10 1 1
github.com/ekhvalov/bank-chat-service/internal/usecases/manager/send-message/usecase_options.gen.go:35.36,42.2 6 1
github.com/ekhvalov/bank-chat-service/internal/usecases/manager/send-message/usecase_options.gen.go:44.61,45.103 1 1
github.com/ekhvalov/bank-chat-service/internal/usecases/manager/send-message/usecase_options.gen.go:45.103,47.3 1 0
github.com/ekhvalov/bank-chat-service/internal/usecases/manager/send-message/usecase_options.gen.go:48.2,48.12 1 1
github.com/ekhvalov/bank-chat-service/internal/usecases/manager/send-message/usecase_options.gen.go:51.56,52.98 1 1
github.com/ekhvalov/bank-chat-service/internal/usecases/manager/send-message/usecase_options.gen.go:52.98,54.3 1 0
github.com/ekhvalov/bank-chat-service/internal/usecases/manager/send-message/usecase_options.gen.go:55.2,55.12 1 1
github.com/ekhvalov/bank-chat-service/internal/usecases/manager/send-message/usecase_options.gen.go:58.61,59.103 1 1
github.com/ekhvalov/bank-chat-service/internal/usecases/manager/send-message/usecase_options.gen.go:59.103,61.3 1 0
github.com/ekhvalov/bank-chat-service/internal/usecases/manager/send-message/usecase_options.gen.go:62.2,62.12 1 1
github.com/ekhvalov/bank-chat-service/internal/usecases/manager/send-message/usecase_options.gen.go:65.53,66.95 1 1
github.com/ekhvalov/bank-chat-service/internal/usecases/manager/send-message/usecase_options.gen.go:66.95,68.3 1 0
github.com/ekhvalov/bank-chat-service/internal/usecases/manager/send-message/usecase_options.gen.go:69.2,69.12 1 1
github.com/ekhvalov/bank-chat-service/internal/validator/validator.go:10.13,12.2 1 1
github.com/ekhvalov/bank-chat-service/internal/websocket-stream/closer.go:22.62,28.2 1 1
github.com/ekhvalov/bank-chat-service/internal/websocket-stream/closer.go:30.36,31.19 1 1
github.com/ekhvalov/bank-chat-service/internal/websocket-stream/closer.go:31.19,42.3 4 1
github.com/ekhvalov/bank-chat-service/internal/websocket-stream/event.go:23.62,25.16 2 1
github.com/ekhvalov/bank-chat-service/internal/websocket-stream/event.go:25.16,27.3 1 0
github.com/ekhvalov/bank-chat-service/internal/websocket-stream/event.go:28.2,28.40 1 1
github.com/ekhvalov/bank-chat-service/internal/websocket-stream/event.go:28.40,30.3 1 0
github.com/ekhvalov/bank-chat-service/internal/websocket-stream/event.go:31.2,31.12 1 1
github.com/ekhvalov/bank-chat-service/internal/websocket-stream/handler.go:42.57,43.40 1 1
github.com/ekhvalov/bank-chat-service/internal/websocket-stream/handler.go:43.40,45.3 1 0
github.com/ekhvalov/bank-chat-service/internal/websocket-stream/handler.go:46.2,46.41 1 1
github.com/ekhvalov/bank-chat-service/internal/websocket-stream/handler.go:49.54,51.16 2 1
github.com/ekhvalov/bank-chat-service/internal/websocket-stream/handler.go:51.16,53.3 1 0
github.com/ekhvalov/bank-chat-service/internal/websocket-stream/handler.go:54.2,56.16 3 1
github.com/ekhvalov/bank-chat-service/internal/websocket-stream/handler.go:56.16,58.3 1 0
github.com/ekhvalov/bank-chat-service/internal/websocket-stream/handler.go:59.2,62.21 3 1
github.com/ekhvalov/bank-chat-service/internal/websocket-stream/handler.go:62.21,64.3 1 1
github.com/ekhvalov/bank-chat-service/internal/websocket-stream/handler.go:66.2,66.21 1 1
github.com/ekhvalov/bank-chat-service/internal/websocket-stream/handler.go:66.21,68.3 1 1
github.com/ekhvalov/bank-chat-service/internal/websocket-stream/handler.go:70.2,70.21 1 1
github.com/ekhvalov/bank-chat-service/internal/websocket-stream/handler.go:70.21,75.3 4 1
github.com/ekhvalov/bank-chat-service/internal/websocket-stream/handler.go:77.2,77.18 1 1
github.com/ekhvalov/bank-chat-service/internal/websocket-stream/handler.go:81.71,82.6 1 1
github.com/ekhvalov/bank-chat-service/internal/websocket-stream/handler.go:82.6,85.17 3 1
github.com/ekhvalov/bank-chat-service/internal/websocket-stream/handler.go:85.17,87.4 1 1
github.com/ekhvalov/bank-chat-service/internal/websocket-stream/handler.go:88.3,88.39 1 0
github.com/ekhvalov/bank-chat-service/internal/websocket-stream/handler.go:88.39,91.18 3 0
github.com/ekhvalov/bank-chat-service/internal/websocket-stream/handler.go:91.18,93.5 1 0
github.com/ekhvalov/bank-chat-service/internal/websocket-stream/handler.go:94.4,94.31 1 0
github.com/ekhvalov/bank-chat-service/internal/websocket-stream/handler.go:100.107,103.15 3 1
github.com/ekhvalov/bank-chat-service/internal/websocket-stream/handler.go:103.15,105.3 1 1
github.com/ekhvalov/bank-chat-service/internal/websocket-stream/handler.go:106.2,106.6 1 1
github.com/ekhvalov/bank-chat-service/internal/websocket-stream/handler.go:106.6,107.10 1 1
github.com/ekhvalov/bank-chat-service/internal/websocket-stream/handler.go:108.21,109.14 1 0
github.com/ekhvalov/bank-chat-service/internal/websocket-stream/handler.go:110.19,112.18 2 1
github.com/ekhvalov/bank-chat-service/internal/websocket-stream/handler.go:112.18,114.5 1 1
github.com/ekhvalov/bank-chat-service/internal/websocket-stream/handler.go:115.26,116.11 1 1
github.com/ekhvalov/bank-chat-service/internal/websocket-stream/handler.go:116.11,118.5 1 0
github.com/ekhvalov/bank-chat-service/internal/websocket-stream/handler.go:119.4,120.18 2 1
github.com/ekhvalov/bank-chat-service/internal/websocket-stream/handler.go:120.18,122.5 1 0
github.com/ekhvalov/bank-chat-service/internal/websocket-stream/handler.go:123.4,125.18 3 1
github.com/ekhvalov/bank-chat-service/internal/websocket-stream/handler.go:125.18,127.5 1 0
github.com/ekhvalov/bank-chat-service/internal/websocket-stream/handler.go:128.4,129.18 2 1
github.com/ekhvalov/bank-chat-service/internal/websocket-stream/handler.go:129.18,131.5 1 0
github.com/ekhvalov/bank-chat-service/internal/websocket-stream/handler.go:132.4,133.46 2 1
github.com/ekhvalov/bank-chat-service/internal/websocket-stream/handler.go:133.46,135.5 1 0
github.com/ekhvalov/bank-chat-service/internal/websocket-stream/handler_options.gen.go:23.11,36.30 9 1
github.com/ekhvalov/bank-chat-service/internal/websocket-stream/handler_options.gen.go:36.30,38.3 1 1
github.com/ekhvalov/bank-chat-service/internal/websocket-stream/handler_options.gen.go:39.2,39.10 1 1
github.com/ekhvalov/bank-chat-service/internal/websocket-stream/handler_options.gen.go:42.57,43.26 1 1
github.com/ekhvalov/bank-chat-service/internal/websocket-stream/handler_options.gen.go:43.26,45.3 1 1
github.com/ekhvalov/bank-chat-service/internal/websocket-stream/handler_options.gen.go:48.36,58.2 9 1
github.com/ekhvalov/bank-chat-service/internal/websocket-stream/handler_options.gen.go:60.53,61.114 1 1
github.com/ekhvalov/bank-chat-service/internal/websocket-stream/handler_options.gen.go:61.114,63.3 1 0
github.com/ekhvalov/bank-chat-service/internal/websocket-stream/handler_options.gen.go:64.2,64.12 1 1
github.com/ekhvalov/bank-chat-service/internal/websocket-stream/handler_options.gen.go:67.49,68.91 1 1
github.com/ekhvalov/bank-chat-service/internal/websocket-stream/handler_options.gen.go:68.91,70.3 1 0
github.com/ekhvalov/bank-chat-service/internal/websocket-stream/handler_options.gen.go:71.2,71.12 1 1
github.com/ekhvalov/bank-chat-service/internal/websocket-stream/handler_options.gen.go:74.54,75.96 1 1
github.com/ekhvalov/bank-chat-service/internal/websocket-stream/handler_options.gen.go:75.96,77.3 1 0
github.com/ekhvalov/bank-chat-service/internal/websocket-stream/handler_options.gen.go:78.2,78.12 1 1
github.com/ekhvalov/bank-chat-service/internal/websocket-stream/handler_options.gen.go:81.55,82.97 1 1
github.com/ekhvalov/bank-chat-service/internal/websocket-stream/handler_options.gen.go:82.97,84.3 1 0
github.com/ekhvalov/bank-chat-service/internal/websocket-stream/handler_options.gen.go:85.2,85.12 1 1
github.com/ekhvalov/bank-chat-service/internal/websocket-stream/handler_options.gen.go:88.54,89.96 1 1
github.com/ekhvalov/bank-chat-service/internal/websocket-stream/handler_options.gen.go:89.96,91.3 1 0
github.com/ekhvalov/bank-chat-service/internal/websocket-stream/handler_options.gen.go:92.2,92.12 1 1
github.com/ekhvalov/bank-chat-service/internal/websocket-stream/handler_options.gen.go:95.51,96.93 1 1
github.com/ekhvalov/bank-chat-service/internal/websocket-stream/handler_options.gen.go:96.93,98.3 1 0
github.com/ekhvalov/bank-chat-service/internal/websocket-stream/handler_options.gen.go:99.2,99.12 1 1
github.com/ekhvalov/bank-chat-service/internal/websocket-stream/handler_options.gen.go:102.53,103.95 1 1
github.com/ekhvalov/bank-chat-service/internal/websocket-stream/handler_options.gen.go:103.95,105.3 1 0
github.com/ekhvalov/bank-chat-service/internal/websocket-stream/handler_options.gen.go:106.2,106.12 1 1
github.com/ekhvalov/bank-chat-service/internal/websocket-stream/upgrader.go:33.72,35.43 1 1
github.com/ekhvalov/bank-chat-service/internal/websocket-stream/upgrader.go:35.43,37.40 2 1
github.com/ekhvalov/bank-chat-service/internal/websocket-stream/upgrader.go:37.40,38.20 1 1
github.com/ekhvalov/bank-chat-service/internal/websocket-stream/upgrader.go:38.20,40.6 1 1
github.com/ekhvalov/bank-chat-service/internal/websocket-stream/upgrader.go:42.4,42.16 1 0
github.com/ekhvalov/bank-chat-service/internal/websocket-stream/upgrader.go:46.2,48.3 1 1
github.com/ekhvalov/bank-chat-service/internal/websocket-stream/upgrader.go:51.119,53.2 1 1
github.com/ekhvalov/bank-chat-service/pkg/jobpayload/payload.go:10.57,11.24 1 1
github.com/ekhvalov/bank-chat-service/pkg/jobpayload/payload.go:11.24,13.3 1 1
github.com/ekhvalov/bank-chat-service/pkg/jobpayload/payload.go:14.2,14.32 1 1
github.com/ekhvalov/bank-chat-service/pkg/jobpayload/payload.go:17.57,19.16 2 1
github.com/ekhvalov/bank-chat-service/pkg/jobpayload/payload.go:19.16,21.3 1 1
github.com/ekhvalov/bank-chat-service/pkg/jobpayload/payload.go:22.2,22.20 1 1
github.com/ekhvalov/bank-chat-service/pkg/jobpayload/payload.go:22.20,24.3 1 1
github.com/ekhvalov/bank-chat-service/pkg/jobpayload/payload.go:25.2,25.19 1 1
github.com/ekhvalov/bank-chat-service/pkg/pointer/pointer.go:5.32,6.16 1 1
github.com/ekhvalov/bank-chat-service/pkg/pointer/pointer.go:6.16,8.3 1 1
github.com/ekhvalov/bank-chat-service/pkg/pointer/pointer.go:9.2,9.13 1 1
github.com/ekhvalov/bank-chat-service/pkg/pointer/pointer.go:13.25,15.2 1 1
github.com/ekhvalov/bank-chat-service/pkg/pointer/pointer.go:19.45,21.15 2 1
github.com/ekhvalov/bank-chat-service/pkg/pointer/pointer.go:21.15,23.3 1 1
github.com/ekhvalov/bank-chat-service/pkg/pointer/pointer.go:24.2,24.11 1 1
