mode: set
github.com/ekhvalov/bank-chat-service/cmd/chat-service/main.go:35.13,36.30 1 1
github.com/ekhvalov/bank-chat-service/cmd/chat-service/main.go:36.30,38.3 1 0
github.com/ekhvalov/bank-chat-service/cmd/chat-service/main.go:41.32,48.16 5 1
github.com/ekhvalov/bank-chat-service/cmd/chat-service/main.go:48.16,50.3 1 0
github.com/ekhvalov/bank-chat-service/cmd/chat-service/main.go:52.2,56.16 4 1
github.com/ekhvalov/bank-chat-service/cmd/chat-service/main.go:56.16,58.3 1 0
github.com/ekhvalov/bank-chat-service/cmd/chat-service/main.go:60.2,61.65 2 1
github.com/ekhvalov/bank-chat-service/cmd/chat-service/main.go:61.65,63.3 1 0
github.com/ekhvalov/bank-chat-service/cmd/chat-service/main.go:64.2,64.65 1 1
github.com/ekhvalov/bank-chat-service/cmd/chat-service/main.go:64.65,66.3 1 0
github.com/ekhvalov/bank-chat-service/cmd/chat-service/main.go:67.2,68.16 2 1
github.com/ekhvalov/bank-chat-service/cmd/chat-service/main.go:68.16,70.3 1 0
github.com/ekhvalov/bank-chat-service/cmd/chat-service/main.go:71.2,71.15 1 1
github.com/ekhvalov/bank-chat-service/cmd/chat-service/main.go:71.15,72.45 1 1
github.com/ekhvalov/bank-chat-service/cmd/chat-service/main.go:72.45,74.4 1 0
github.com/ekhvalov/bank-chat-service/cmd/chat-service/main.go:77.2,80.16 3 1
github.com/ekhvalov/bank-chat-service/cmd/chat-service/main.go:80.16,82.3 1 0
github.com/ekhvalov/bank-chat-service/cmd/chat-service/main.go:84.2,85.16 2 1
github.com/ekhvalov/bank-chat-service/cmd/chat-service/main.go:85.16,87.3 1 0
github.com/ekhvalov/bank-chat-service/cmd/chat-service/main.go:89.2,90.16 2 1
github.com/ekhvalov/bank-chat-service/cmd/chat-service/main.go:90.16,92.3 1 0
github.com/ekhvalov/bank-chat-service/cmd/chat-service/main.go:94.2,95.16 2 1
github.com/ekhvalov/bank-chat-service/cmd/chat-service/main.go:95.16,97.3 1 0
github.com/ekhvalov/bank-chat-service/cmd/chat-service/main.go:99.2,102.21 2 1
github.com/ekhvalov/bank-chat-service/cmd/chat-service/main.go:102.21,102.49 1 1
github.com/ekhvalov/bank-chat-service/cmd/chat-service/main.go:103.2,103.21 1 1
github.com/ekhvalov/bank-chat-service/cmd/chat-service/main.go:103.21,103.50 1 1
github.com/ekhvalov/bank-chat-service/cmd/chat-service/main.go:104.2,104.21 1 1
github.com/ekhvalov/bank-chat-service/cmd/chat-service/main.go:104.21,104.51 1 1
github.com/ekhvalov/bank-chat-service/cmd/chat-service/main.go:107.2,107.21 1 1
github.com/ekhvalov/bank-chat-service/cmd/chat-service/main.go:107.21,107.50 1 1
github.com/ekhvalov/bank-chat-service/cmd/chat-service/main.go:109.2,109.70 1 1
github.com/ekhvalov/bank-chat-service/cmd/chat-service/main.go:109.70,111.3 1 0
github.com/ekhvalov/bank-chat-service/cmd/chat-service/main.go:113.2,113.12 1 1
github.com/ekhvalov/bank-chat-service/cmd/chat-service/main.go:116.46,123.2 1 1
github.com/ekhvalov/bank-chat-service/cmd/chat-service/main.go:125.102,133.16 2 1
github.com/ekhvalov/bank-chat-service/cmd/chat-service/main.go:133.16,135.3 1 0
github.com/ekhvalov/bank-chat-service/cmd/chat-service/main.go:137.2,137.49 1 1
github.com/ekhvalov/bank-chat-service/cmd/chat-service/main.go:137.49,139.3 1 0
github.com/ekhvalov/bank-chat-service/cmd/chat-service/main.go:141.2,141.20 1 1
github.com/ekhvalov/bank-chat-service/cmd/chat-service/main.go:148.28,150.16 2 1
github.com/ekhvalov/bank-chat-service/cmd/chat-service/main.go:150.16,152.3 1 0
github.com/ekhvalov/bank-chat-service/cmd/chat-service/main.go:153.2,155.16 3 1
github.com/ekhvalov/bank-chat-service/cmd/chat-service/main.go:155.16,157.3 1 0
github.com/ekhvalov/bank-chat-service/cmd/chat-service/main.go:158.2,159.16 2 1
github.com/ekhvalov/bank-chat-service/cmd/chat-service/main.go:159.16,161.3 1 0
github.com/ekhvalov/bank-chat-service/cmd/chat-service/main.go:163.2,164.16 2 1
github.com/ekhvalov/bank-chat-service/cmd/chat-service/main.go:164.16,166.3 1 0
github.com/ekhvalov/bank-chat-service/cmd/chat-service/main.go:167.2,168.16 2 1
github.com/ekhvalov/bank-chat-service/cmd/chat-service/main.go:168.16,170.3 1 0
github.com/ekhvalov/bank-chat-service/cmd/chat-service/main.go:172.2,172.23 1 1
github.com/ekhvalov/bank-chat-service/cmd/chat-service/main.go:175.96,179.16 4 1
github.com/ekhvalov/bank-chat-service/cmd/chat-service/main.go:179.16,181.3 1 0
github.com/ekhvalov/bank-chat-service/cmd/chat-service/main.go:182.2,182.25 1 1
github.com/ekhvalov/bank-chat-service/cmd/chat-service/server_client.go:32.33,36.16 3 1
github.com/ekhvalov/bank-chat-service/cmd/chat-service/server_client.go:36.16,38.3 1 0
github.com/ekhvalov/bank-chat-service/cmd/chat-service/server_client.go:40.2,41.16 2 1
github.com/ekhvalov/bank-chat-service/cmd/chat-service/server_client.go:41.16,43.3 1 0
github.com/ekhvalov/bank-chat-service/cmd/chat-service/server_client.go:45.2,46.16 2 1
github.com/ekhvalov/bank-chat-service/cmd/chat-service/server_client.go:46.16,48.3 1 0
github.com/ekhvalov/bank-chat-service/cmd/chat-service/server_client.go:50.2,51.16 2 1
github.com/ekhvalov/bank-chat-service/cmd/chat-service/server_client.go:51.16,53.3 1 0
github.com/ekhvalov/bank-chat-service/cmd/chat-service/server_client.go:55.2,66.16 2 1
github.com/ekhvalov/bank-chat-service/cmd/chat-service/server_client.go:66.16,68.3 1 0
github.com/ekhvalov/bank-chat-service/cmd/chat-service/server_client.go:70.2,70.20 1 1
github.com/ekhvalov/bank-chat-service/cmd/chat-service/server_client.go:73.76,82.2 1 1
github.com/ekhvalov/bank-chat-service/cmd/chat-service/server_client.go:84.125,86.16 2 1
github.com/ekhvalov/bank-chat-service/cmd/chat-service/server_client.go:86.16,88.3 1 0
github.com/ekhvalov/bank-chat-service/cmd/chat-service/server_client.go:90.2,91.16 2 1
github.com/ekhvalov/bank-chat-service/cmd/chat-service/server_client.go:91.16,93.3 1 0
github.com/ekhvalov/bank-chat-service/cmd/chat-service/server_client.go:95.2,96.16 2 1
github.com/ekhvalov/bank-chat-service/cmd/chat-service/server_client.go:96.16,98.3 1 0
github.com/ekhvalov/bank-chat-service/cmd/chat-service/server_client.go:100.2,102.16 3 1
github.com/ekhvalov/bank-chat-service/cmd/chat-service/server_client.go:102.16,104.3 1 0
github.com/ekhvalov/bank-chat-service/cmd/chat-service/server_client.go:106.2,107.16 2 1
github.com/ekhvalov/bank-chat-service/cmd/chat-service/server_client.go:107.16,109.3 1 0
github.com/ekhvalov/bank-chat-service/cmd/chat-service/server_client.go:111.2,111.93 1 1
github.com/ekhvalov/bank-chat-service/cmd/chat-service/server_manager.go:28.34,32.16 3 1
github.com/ekhvalov/bank-chat-service/cmd/chat-service/server_manager.go:32.16,34.3 1 0
github.com/ekhvalov/bank-chat-service/cmd/chat-service/server_manager.go:36.2,37.16 2 1
github.com/ekhvalov/bank-chat-service/cmd/chat-service/server_manager.go:37.16,39.3 1 0
github.com/ekhvalov/bank-chat-service/cmd/chat-service/server_manager.go:41.2,42.16 2 1
github.com/ekhvalov/bank-chat-service/cmd/chat-service/server_manager.go:42.16,44.3 1 0
github.com/ekhvalov/bank-chat-service/cmd/chat-service/server_manager.go:46.2,47.16 2 1
github.com/ekhvalov/bank-chat-service/cmd/chat-service/server_manager.go:47.16,49.3 1 0
github.com/ekhvalov/bank-chat-service/cmd/chat-service/server_manager.go:51.2,62.16 2 1
github.com/ekhvalov/bank-chat-service/cmd/chat-service/server_manager.go:62.16,64.3 1 0
github.com/ekhvalov/bank-chat-service/cmd/chat-service/server_manager.go:66.2,66.20 1 1
github.com/ekhvalov/bank-chat-service/cmd/chat-service/server_manager.go:69.128,71.16 2 1
github.com/ekhvalov/bank-chat-service/cmd/chat-service/server_manager.go:71.16,73.3 1 0
github.com/ekhvalov/bank-chat-service/cmd/chat-service/server_manager.go:75.2,78.16 3 1
github.com/ekhvalov/bank-chat-service/cmd/chat-service/server_manager.go:78.16,80.3 1 0
github.com/ekhvalov/bank-chat-service/cmd/chat-service/server_manager.go:82.2,83.16 2 1
github.com/ekhvalov/bank-chat-service/cmd/chat-service/server_manager.go:83.16,85.3 1 0
github.com/ekhvalov/bank-chat-service/cmd/chat-service/server_manager.go:87.2,88.16 2 1
github.com/ekhvalov/bank-chat-service/cmd/chat-service/server_manager.go:88.16,90.3 1 0
github.com/ekhvalov/bank-chat-service/cmd/chat-service/server_manager.go:92.2,92.101 1 1
github.com/ekhvalov/bank-chat-service/internal/buildinfo/build_info.go:7.13,10.9 3 1
github.com/ekhvalov/bank-chat-service/internal/buildinfo/build_info.go:10.9,11.34 1 0
github.com/ekhvalov/bank-chat-service/internal/clients/keycloak/api_auth.go:22.85,36.16 4 1
github.com/ekhvalov/bank-chat-service/internal/clients/keycloak/api_auth.go:36.16,38.3 1 0
github.com/ekhvalov/bank-chat-service/internal/clients/keycloak/api_auth.go:39.2,39.40 1 1
github.com/ekhvalov/bank-chat-service/internal/clients/keycloak/api_auth.go:39.40,41.3 1 0
github.com/ekhvalov/bank-chat-service/internal/clients/keycloak/api_auth.go:43.2,43.20 1 1
github.com/ekhvalov/bank-chat-service/internal/clients/keycloak/api_introspect.go:21.53,23.37 2 1
github.com/ekhvalov/bank-chat-service/internal/clients/keycloak/api_introspect.go:23.37,26.3 2 1
github.com/ekhvalov/bank-chat-service/internal/clients/keycloak/api_introspect.go:27.2,28.50 2 1
github.com/ekhvalov/bank-chat-service/internal/clients/keycloak/api_introspect.go:28.50,30.3 1 0
github.com/ekhvalov/bank-chat-service/internal/clients/keycloak/api_introspect.go:31.2,32.12 2 1
github.com/ekhvalov/bank-chat-service/internal/clients/keycloak/api_introspect.go:37.101,50.16 4 1
github.com/ekhvalov/bank-chat-service/internal/clients/keycloak/api_introspect.go:50.16,52.3 1 0
github.com/ekhvalov/bank-chat-service/internal/clients/keycloak/api_introspect.go:53.2,53.40 1 1
github.com/ekhvalov/bank-chat-service/internal/clients/keycloak/api_introspect.go:53.40,55.3 1 0
github.com/ekhvalov/bank-chat-service/internal/clients/keycloak/api_introspect.go:57.2,57.21 1 1
github.com/ekhvalov/bank-chat-service/internal/clients/keycloak/api_introspect.go:60.59,64.2 1 1
github.com/ekhvalov/bank-chat-service/internal/clients/keycloak/client.go:29.41,30.40 1 1
github.com/ekhvalov/bank-chat-service/internal/clients/keycloak/client.go:30.40,32.3 1 0
github.com/ekhvalov/bank-chat-service/internal/clients/keycloak/client.go:34.2,37.26 4 1
github.com/ekhvalov/bank-chat-service/internal/clients/keycloak/client.go:37.26,39.3 1 1
github.com/ekhvalov/bank-chat-service/internal/clients/keycloak/client.go:41.2,46.8 1 1
github.com/ekhvalov/bank-chat-service/internal/clients/keycloak/client_options.gen.go:19.11,29.30 6 1
github.com/ekhvalov/bank-chat-service/internal/clients/keycloak/client_options.gen.go:29.30,31.3 1 1
github.com/ekhvalov/bank-chat-service/internal/clients/keycloak/client_options.gen.go:32.2,32.10 1 1
github.com/ekhvalov/bank-chat-service/internal/clients/keycloak/client_options.gen.go:35.49,36.26 1 1
github.com/ekhvalov/bank-chat-service/internal/clients/keycloak/client_options.gen.go:36.26,38.3 1 1
github.com/ekhvalov/bank-chat-service/internal/clients/keycloak/client_options.gen.go:41.47,42.26 1 1
github.com/ekhvalov/bank-chat-service/internal/clients/keycloak/client_options.gen.go:42.26,44.3 1 1
github.com/ekhvalov/bank-chat-service/internal/clients/keycloak/client_options.gen.go:47.36,54.2 6 1
github.com/ekhvalov/bank-chat-service/internal/clients/keycloak/client_options.gen.go:56.51,57.102 1 1
github.com/ekhvalov/bank-chat-service/internal/clients/keycloak/client_options.gen.go:57.102,59.3 1 0
github.com/ekhvalov/bank-chat-service/internal/clients/keycloak/client_options.gen.go:60.2,60.12 1 1
github.com/ekhvalov/bank-chat-service/internal/clients/keycloak/client_options.gen.go:63.48,64.90 1 1
github.com/ekhvalov/bank-chat-service/internal/clients/keycloak/client_options.gen.go:64.90,66.3 1 0
github.com/ekhvalov/bank-chat-service/internal/clients/keycloak/client_options.gen.go:67.2,67.12 1 1
github.com/ekhvalov/bank-chat-service/internal/clients/keycloak/client_options.gen.go:70.51,71.93 1 1
github.com/ekhvalov/bank-chat-service/internal/clients/keycloak/client_options.gen.go:71.93,73.3 1 0
github.com/ekhvalov/bank-chat-service/internal/clients/keycloak/client_options.gen.go:74.2,74.12 1 1
github.com/ekhvalov/bank-chat-service/internal/clients/keycloak/client_options.gen.go:77.51,78.93 1 1
github.com/ekhvalov/bank-chat-service/internal/clients/keycloak/client_options.gen.go:78.93,80.3 1 0
github.com/ekhvalov/bank-chat-service/internal/clients/keycloak/client_options.gen.go:81.2,81.12 1 1
github.com/ekhvalov/bank-chat-service/internal/config/config.go:20.44,22.2 1 1
github.com/ekhvalov/bank-chat-service/internal/config/parse.go:11.56,13.62 2 1
github.com/ekhvalov/bank-chat-service/internal/config/parse.go:13.62,15.3 1 0
github.com/ekhvalov/bank-chat-service/internal/config/parse.go:17.2,17.59 1 1
github.com/ekhvalov/bank-chat-service/internal/config/parse.go:17.59,19.3 1 0
github.com/ekhvalov/bank-chat-service/internal/config/parse.go:20.2,20.20 1 1
github.com/ekhvalov/bank-chat-service/internal/cursor/cursor.go:9.39,11.16 2 1
github.com/ekhvalov/bank-chat-service/internal/cursor/cursor.go:11.16,13.3 1 1
github.com/ekhvalov/bank-chat-service/internal/cursor/cursor.go:14.2,14.51 1 1
github.com/ekhvalov/bank-chat-service/internal/cursor/cursor.go:17.38,19.16 2 1
github.com/ekhvalov/bank-chat-service/internal/cursor/cursor.go:19.16,21.3 1 1
github.com/ekhvalov/bank-chat-service/internal/cursor/cursor.go:22.2,22.47 1 1
github.com/ekhvalov/bank-chat-service/internal/cursor/cursor.go:22.47,24.3 1 1
github.com/ekhvalov/bank-chat-service/internal/cursor/cursor.go:25.2,25.12 1 1
github.com/ekhvalov/bank-chat-service/internal/errors/server.go:22.67,24.2 1 1
github.com/ekhvalov/bank-chat-service/internal/errors/server.go:26.38,28.2 1 1
github.com/ekhvalov/bank-chat-service/internal/errors/server.go:30.38,32.2 1 1
github.com/ekhvalov/bank-chat-service/internal/errors/server.go:34.40,37.2 2 1
github.com/ekhvalov/bank-chat-service/internal/errors/server.go:41.75,42.63 1 1
github.com/ekhvalov/bank-chat-service/internal/errors/server.go:42.63,44.3 1 1
github.com/ekhvalov/bank-chat-service/internal/errors/server.go:45.2,45.62 1 1
github.com/ekhvalov/bank-chat-service/internal/errors/server.go:45.62,47.3 1 1
github.com/ekhvalov/bank-chat-service/internal/errors/server.go:49.2,49.49 1 1
github.com/ekhvalov/bank-chat-service/internal/errors/stack_trace.go:14.29,16.2 1 0
github.com/ekhvalov/bank-chat-service/internal/errors/stack_trace.go:18.32,20.15 2 0
github.com/ekhvalov/bank-chat-service/internal/errors/stack_trace.go:20.15,22.3 1 0
github.com/ekhvalov/bank-chat-service/internal/errors/stack_trace.go:23.2,24.92 2 0
github.com/ekhvalov/bank-chat-service/internal/errors/stack_trace.go:29.37,31.26 2 0
github.com/ekhvalov/bank-chat-service/internal/errors/stack_trace.go:31.26,34.3 2 0
github.com/ekhvalov/bank-chat-service/internal/errors/stack_trace.go:35.2,35.20 1 0
github.com/ekhvalov/bank-chat-service/internal/errors/stack_trace.go:40.25,44.25 4 0
github.com/ekhvalov/bank-chat-service/internal/errors/stack_trace.go:44.25,46.3 1 0
github.com/ekhvalov/bank-chat-service/internal/errors/stack_trace.go:47.2,47.11 1 0
github.com/ekhvalov/bank-chat-service/internal/errors/stack_trace.go:50.43,52.2 1 0
github.com/ekhvalov/bank-chat-service/internal/errors/stack_trace.go:54.43,56.2 1 0
github.com/ekhvalov/bank-chat-service/internal/errors/stack_trace.go:58.63,60.11 2 0
github.com/ekhvalov/bank-chat-service/internal/errors/stack_trace.go:60.11,62.3 1 0
github.com/ekhvalov/bank-chat-service/internal/errors/stack_trace.go:63.2,63.19 1 0
github.com/ekhvalov/bank-chat-service/internal/errors/stack_trace.go:66.52,67.35 1 0
github.com/ekhvalov/bank-chat-service/internal/errors/stack_trace.go:67.35,68.16 1 0
github.com/ekhvalov/bank-chat-service/internal/errors/stack_trace.go:68.16,70.16 2 0
github.com/ekhvalov/bank-chat-service/internal/errors/stack_trace.go:70.16,72.5 1 0
github.com/ekhvalov/bank-chat-service/internal/errors/stack_trace.go:75.2,75.11 1 0
github.com/ekhvalov/bank-chat-service/internal/logger/kafka.go:11.60,12.2 0 0
github.com/ekhvalov/bank-chat-service/internal/logger/kafka.go:14.38,16.2 1 1
github.com/ekhvalov/bank-chat-service/internal/logger/kafka.go:18.64,20.2 1 1
github.com/ekhvalov/bank-chat-service/internal/logger/kafka.go:22.50,24.2 1 1
github.com/ekhvalov/bank-chat-service/internal/logger/logger.go:37.29,38.35 1 1
github.com/ekhvalov/bank-chat-service/internal/logger/logger.go:38.35,39.13 1 0
github.com/ekhvalov/bank-chat-service/internal/logger/logger.go:43.31,44.40 1 1
github.com/ekhvalov/bank-chat-service/internal/logger/logger.go:44.40,46.3 1 0
github.com/ekhvalov/bank-chat-service/internal/logger/logger.go:47.2,52.25 6 1
github.com/ekhvalov/bank-chat-service/internal/logger/logger.go:52.25,55.3 2 1
github.com/ekhvalov/bank-chat-service/internal/logger/logger.go:55.8,58.3 2 0
github.com/ekhvalov/bank-chat-service/internal/logger/logger.go:60.2,61.16 2 1
github.com/ekhvalov/bank-chat-service/internal/logger/logger.go:61.16,63.3 1 0
github.com/ekhvalov/bank-chat-service/internal/logger/logger.go:64.2,68.26 3 1
github.com/ekhvalov/bank-chat-service/internal/logger/logger.go:68.26,73.23 3 0
github.com/ekhvalov/bank-chat-service/internal/logger/logger.go:73.23,75.4 1 0
github.com/ekhvalov/bank-chat-service/internal/logger/logger.go:76.3,77.21 2 0
github.com/ekhvalov/bank-chat-service/internal/logger/logger.go:77.21,79.4 1 0
github.com/ekhvalov/bank-chat-service/internal/logger/logger.go:80.3,80.30 1 0
github.com/ekhvalov/bank-chat-service/internal/logger/logger.go:82.2,85.12 3 1
github.com/ekhvalov/bank-chat-service/internal/logger/logger.go:88.13,89.110 1 1
github.com/ekhvalov/bank-chat-service/internal/logger/logger.go:89.110,91.3 1 0
github.com/ekhvalov/bank-chat-service/internal/logger/logger.go:94.38,96.16 2 0
github.com/ekhvalov/bank-chat-service/internal/logger/logger.go:96.16,98.3 1 0
github.com/ekhvalov/bank-chat-service/internal/logger/logger.go:99.2,100.12 2 0
github.com/ekhvalov/bank-chat-service/internal/logger/logger_options.gen.go:17.11,25.30 4 1
github.com/ekhvalov/bank-chat-service/internal/logger/logger_options.gen.go:25.30,27.3 1 1
github.com/ekhvalov/bank-chat-service/internal/logger/logger_options.gen.go:28.2,28.10 1 1
github.com/ekhvalov/bank-chat-service/internal/logger/logger_options.gen.go:31.49,32.26 1 1
github.com/ekhvalov/bank-chat-service/internal/logger/logger_options.gen.go:32.26,34.3 1 1
github.com/ekhvalov/bank-chat-service/internal/logger/logger_options.gen.go:37.52,38.26 1 1
github.com/ekhvalov/bank-chat-service/internal/logger/logger_options.gen.go:38.26,40.3 1 1
github.com/ekhvalov/bank-chat-service/internal/logger/logger_options.gen.go:43.36,49.2 5 1
github.com/ekhvalov/bank-chat-service/internal/logger/logger_options.gen.go:51.48,52.118 1 1
github.com/ekhvalov/bank-chat-service/internal/logger/logger_options.gen.go:52.118,54.3 1 0
github.com/ekhvalov/bank-chat-service/internal/logger/logger_options.gen.go:55.2,55.12 1 1
github.com/ekhvalov/bank-chat-service/internal/logger/logger_options.gen.go:58.46,59.109 1 1
github.com/ekhvalov/bank-chat-service/internal/logger/logger_options.gen.go:59.109,61.3 1 0
github.com/ekhvalov/bank-chat-service/internal/logger/logger_options.gen.go:62.2,62.12 1 1
github.com/ekhvalov/bank-chat-service/internal/logger/logger_options.gen.go:65.52,66.104 1 1
github.com/ekhvalov/bank-chat-service/internal/logger/logger_options.gen.go:66.104,68.3 1 0
github.com/ekhvalov/bank-chat-service/internal/logger/logger_options.gen.go:69.2,69.12 1 1
github.com/ekhvalov/bank-chat-service/internal/logger/sentry.go:10.72,21.2 1 0
github.com/ekhvalov/bank-chat-service/internal/middlewares/keycloak_claims.go:27.65,28.59 1 1
github.com/ekhvalov/bank-chat-service/internal/middlewares/keycloak_claims.go:28.59,30.3 1 0
github.com/ekhvalov/bank-chat-service/internal/middlewares/keycloak_claims.go:31.2,31.45 1 1
github.com/ekhvalov/bank-chat-service/internal/middlewares/keycloak_claims.go:31.45,33.3 1 1
github.com/ekhvalov/bank-chat-service/internal/middlewares/keycloak_claims.go:34.2,34.14 1 1
github.com/ekhvalov/bank-chat-service/internal/middlewares/keycloak_claims.go:41.43,42.31 1 1
github.com/ekhvalov/bank-chat-service/internal/middlewares/keycloak_claims.go:42.31,43.19 1 1
github.com/ekhvalov/bank-chat-service/internal/middlewares/keycloak_claims.go:43.19,45.4 1 1
github.com/ekhvalov/bank-chat-service/internal/middlewares/keycloak_claims.go:47.2,47.14 1 1
github.com/ekhvalov/bank-chat-service/internal/middlewares/keycloak_claims.go:54.31,55.49 1 1
github.com/ekhvalov/bank-chat-service/internal/middlewares/keycloak_claims.go:55.49,57.3 1 1
github.com/ekhvalov/bank-chat-service/internal/middlewares/keycloak_claims.go:58.2,58.59 1 1
github.com/ekhvalov/bank-chat-service/internal/middlewares/keycloak_claims.go:58.59,60.3 1 1
github.com/ekhvalov/bank-chat-service/internal/middlewares/keycloak_claims.go:61.2,61.24 1 1
github.com/ekhvalov/bank-chat-service/internal/middlewares/keycloak_claims.go:61.24,63.3 1 1
github.com/ekhvalov/bank-chat-service/internal/middlewares/keycloak_claims.go:64.2,64.18 1 1
github.com/ekhvalov/bank-chat-service/internal/middlewares/keycloak_claims.go:64.18,66.3 1 0
github.com/ekhvalov/bank-chat-service/internal/middlewares/keycloak_claims.go:67.2,67.12 1 1
github.com/ekhvalov/bank-chat-service/internal/middlewares/keycloak_claims.go:70.39,72.2 1 1
github.com/ekhvalov/bank-chat-service/internal/middlewares/keycloak_claims.go:74.72,77.16 3 1
github.com/ekhvalov/bank-chat-service/internal/middlewares/keycloak_claims.go:77.16,79.3 1 0
github.com/ekhvalov/bank-chat-service/internal/middlewares/keycloak_claims.go:80.2,80.19 1 1
github.com/ekhvalov/bank-chat-service/internal/middlewares/keycloak_token_auth.go:27.97,31.69 1 1
github.com/ekhvalov/bank-chat-service/internal/middlewares/keycloak_token_auth.go:31.69,32.99 1 1
github.com/ekhvalov/bank-chat-service/internal/middlewares/keycloak_token_auth.go:32.99,34.5 1 1
github.com/ekhvalov/bank-chat-service/internal/middlewares/keycloak_token_auth.go:34.10,34.29 1 1
github.com/ekhvalov/bank-chat-service/internal/middlewares/keycloak_token_auth.go:34.29,36.5 1 1
github.com/ekhvalov/bank-chat-service/internal/middlewares/keycloak_token_auth.go:37.4,38.18 2 1
github.com/ekhvalov/bank-chat-service/internal/middlewares/keycloak_token_auth.go:38.18,40.5 1 0
github.com/ekhvalov/bank-chat-service/internal/middlewares/keycloak_token_auth.go:41.4,41.36 1 1
github.com/ekhvalov/bank-chat-service/internal/middlewares/keycloak_token_auth.go:41.36,43.5 1 1
github.com/ekhvalov/bank-chat-service/internal/middlewares/keycloak_token_auth.go:44.4,44.46 1 1
github.com/ekhvalov/bank-chat-service/internal/middlewares/keycloak_token_auth.go:44.46,46.5 1 1
github.com/ekhvalov/bank-chat-service/internal/middlewares/keycloak_token_auth.go:47.4,48.20 2 1
github.com/ekhvalov/bank-chat-service/internal/middlewares/keycloak_token_auth.go:53.49,55.9 2 1
github.com/ekhvalov/bank-chat-service/internal/middlewares/keycloak_token_auth.go:55.9,56.44 1 1
github.com/ekhvalov/bank-chat-service/internal/middlewares/keycloak_token_auth.go:58.2,58.12 1 1
github.com/ekhvalov/bank-chat-service/internal/middlewares/keycloak_token_auth.go:61.53,63.14 2 1
github.com/ekhvalov/bank-chat-service/internal/middlewares/keycloak_token_auth.go:63.14,65.3 1 1
github.com/ekhvalov/bank-chat-service/internal/middlewares/keycloak_token_auth.go:67.2,68.9 2 1
github.com/ekhvalov/bank-chat-service/internal/middlewares/keycloak_token_auth.go:68.9,70.3 1 0
github.com/ekhvalov/bank-chat-service/internal/middlewares/keycloak_token_auth.go:72.2,73.9 2 1
github.com/ekhvalov/bank-chat-service/internal/middlewares/keycloak_token_auth.go:73.9,75.3 1 0
github.com/ekhvalov/bank-chat-service/internal/middlewares/keycloak_token_auth.go:76.2,76.38 1 1
github.com/ekhvalov/bank-chat-service/internal/middlewares/logger.go:18.56,20.38 1 1
github.com/ekhvalov/bank-chat-service/internal/middlewares/logger.go:20.38,22.4 1 1
github.com/ekhvalov/bank-chat-service/internal/middlewares/logger.go:23.79,26.41 3 1
github.com/ekhvalov/bank-chat-service/internal/middlewares/logger.go:26.41,29.5 2 1
github.com/ekhvalov/bank-chat-service/internal/middlewares/logger.go:30.4,31.31 2 1
github.com/ekhvalov/bank-chat-service/internal/middlewares/logger.go:31.31,33.5 1 1
github.com/ekhvalov/bank-chat-service/internal/middlewares/logger.go:34.4,36.14 3 1
github.com/ekhvalov/bank-chat-service/internal/middlewares/logger.go:49.69,51.20 2 1
github.com/ekhvalov/bank-chat-service/internal/middlewares/logger.go:51.20,53.3 1 1
github.com/ekhvalov/bank-chat-service/internal/middlewares/logger.go:54.2,63.3 1 1
github.com/ekhvalov/bank-chat-service/internal/middlewares/recover.go:9.57,12.69 1 1
github.com/ekhvalov/bank-chat-service/internal/middlewares/recover.go:12.69,18.4 2 0
github.com/ekhvalov/bank-chat-service/internal/middlewares/test_api.go:10.49,18.2 1 0
github.com/ekhvalov/bank-chat-service/internal/repositories/chats/api.go:12.98,21.16 2 1
github.com/ekhvalov/bank-chat-service/internal/repositories/chats/api.go:21.16,23.3 1 0
github.com/ekhvalov/bank-chat-service/internal/repositories/chats/api.go:24.2,24.16 1 1
github.com/ekhvalov/bank-chat-service/internal/repositories/chats/repo.go:18.39,19.40 1 1
github.com/ekhvalov/bank-chat-service/internal/repositories/chats/repo.go:19.40,21.3 1 0
github.com/ekhvalov/bank-chat-service/internal/repositories/chats/repo.go:22.2,22.34 1 1
github.com/ekhvalov/bank-chat-service/internal/repositories/chats/repo_options.gen.go:17.11,24.30 3 1
github.com/ekhvalov/bank-chat-service/internal/repositories/chats/repo_options.gen.go:24.30,26.3 1 0
github.com/ekhvalov/bank-chat-service/internal/repositories/chats/repo_options.gen.go:27.2,27.10 1 1
github.com/ekhvalov/bank-chat-service/internal/repositories/chats/repo_options.gen.go:30.36,34.2 3 1
github.com/ekhvalov/bank-chat-service/internal/repositories/chats/repo_options.gen.go:36.45,37.87 1 1
github.com/ekhvalov/bank-chat-service/internal/repositories/chats/repo_options.gen.go:37.87,39.3 1 0
github.com/ekhvalov/bank-chat-service/internal/repositories/chats/repo_options.gen.go:40.2,40.12 1 1
github.com/ekhvalov/bank-chat-service/internal/repositories/jobs/api.go:20.85,23.52 2 1
github.com/ekhvalov/bank-chat-service/internal/repositories/jobs/api.go:23.52,33.17 4 1
github.com/ekhvalov/bank-chat-service/internal/repositories/jobs/api.go:33.17,34.29 1 1
github.com/ekhvalov/bank-chat-service/internal/repositories/jobs/api.go:34.29,36.5 1 1
github.com/ekhvalov/bank-chat-service/internal/repositories/jobs/api.go:37.4,37.42 1 0
github.com/ekhvalov/bank-chat-service/internal/repositories/jobs/api.go:40.3,41.17 2 1
github.com/ekhvalov/bank-chat-service/internal/repositories/jobs/api.go:41.17,43.4 1 0
github.com/ekhvalov/bank-chat-service/internal/repositories/jobs/api.go:44.3,44.13 1 1
github.com/ekhvalov/bank-chat-service/internal/repositories/jobs/api.go:46.2,46.58 1 1
github.com/ekhvalov/bank-chat-service/internal/repositories/jobs/api.go:46.58,48.3 1 1
github.com/ekhvalov/bank-chat-service/internal/repositories/jobs/api.go:50.2,55.8 1 1
github.com/ekhvalov/bank-chat-service/internal/repositories/jobs/api.go:58.113,65.16 2 1
github.com/ekhvalov/bank-chat-service/internal/repositories/jobs/api.go:65.16,67.3 1 0
github.com/ekhvalov/bank-chat-service/internal/repositories/jobs/api.go:68.2,68.18 1 1
github.com/ekhvalov/bank-chat-service/internal/repositories/jobs/api.go:71.89,78.16 2 1
github.com/ekhvalov/bank-chat-service/internal/repositories/jobs/api.go:78.16,80.3 1 0
github.com/ekhvalov/bank-chat-service/internal/repositories/jobs/api.go:81.2,81.12 1 1
github.com/ekhvalov/bank-chat-service/internal/repositories/jobs/api.go:84.72,86.16 2 1
github.com/ekhvalov/bank-chat-service/internal/repositories/jobs/api.go:86.16,88.3 1 0
github.com/ekhvalov/bank-chat-service/internal/repositories/jobs/api.go:89.2,89.16 1 1
github.com/ekhvalov/bank-chat-service/internal/repositories/jobs/api.go:89.16,91.3 1 1
github.com/ekhvalov/bank-chat-service/internal/repositories/jobs/api.go:92.2,92.12 1 1
github.com/ekhvalov/bank-chat-service/internal/repositories/jobs/repo.go:18.39,19.40 1 1
github.com/ekhvalov/bank-chat-service/internal/repositories/jobs/repo.go:19.40,21.3 1 0
github.com/ekhvalov/bank-chat-service/internal/repositories/jobs/repo.go:22.2,22.34 1 1
github.com/ekhvalov/bank-chat-service/internal/repositories/jobs/repo_options.gen.go:17.11,24.30 3 1
github.com/ekhvalov/bank-chat-service/internal/repositories/jobs/repo_options.gen.go:24.30,26.3 1 0
github.com/ekhvalov/bank-chat-service/internal/repositories/jobs/repo_options.gen.go:27.2,27.10 1 1
github.com/ekhvalov/bank-chat-service/internal/repositories/jobs/repo_options.gen.go:30.36,34.2 3 1
github.com/ekhvalov/bank-chat-service/internal/repositories/jobs/repo_options.gen.go:36.45,37.87 1 1
github.com/ekhvalov/bank-chat-service/internal/repositories/jobs/repo_options.gen.go:37.87,39.3 1 0
github.com/ekhvalov/bank-chat-service/internal/repositories/jobs/repo_options.gen.go:40.2,40.12 1 1
github.com/ekhvalov/bank-chat-service/internal/repositories/messages/api.go:16.90,18.16 2 1
github.com/ekhvalov/bank-chat-service/internal/repositories/messages/api.go:18.16,19.28 1 1
github.com/ekhvalov/bank-chat-service/internal/repositories/messages/api.go:19.28,21.4 1 1
github.com/ekhvalov/bank-chat-service/internal/repositories/messages/api.go:22.3,22.49 1 0
github.com/ekhvalov/bank-chat-service/internal/repositories/messages/api.go:24.2,24.49 1 1
github.com/ekhvalov/bank-chat-service/internal/repositories/messages/api.go:27.100,29.16 2 1
github.com/ekhvalov/bank-chat-service/internal/repositories/messages/api.go:29.16,30.28 1 1
github.com/ekhvalov/bank-chat-service/internal/repositories/messages/api.go:30.28,32.4 1 1
github.com/ekhvalov/bank-chat-service/internal/repositories/messages/api.go:33.3,33.57 1 0
github.com/ekhvalov/bank-chat-service/internal/repositories/messages/api.go:35.2,35.49 1 1
github.com/ekhvalov/bank-chat-service/internal/repositories/messages/api.go:46.21,57.16 2 1
github.com/ekhvalov/bank-chat-service/internal/repositories/messages/api.go:57.16,59.3 1 1
github.com/ekhvalov/bank-chat-service/internal/repositories/messages/api.go:60.2,60.49 1 1
github.com/ekhvalov/bank-chat-service/internal/repositories/messages/api_history.go:40.31,43.19 3 1
github.com/ekhvalov/bank-chat-service/internal/repositories/messages/api_history.go:43.19,44.49 1 1
github.com/ekhvalov/bank-chat-service/internal/repositories/messages/api_history.go:44.49,46.4 1 1
github.com/ekhvalov/bank-chat-service/internal/repositories/messages/api_history.go:47.3,48.77 2 1
github.com/ekhvalov/bank-chat-service/internal/repositories/messages/api_history.go:49.8,50.52 1 1
github.com/ekhvalov/bank-chat-service/internal/repositories/messages/api_history.go:50.52,52.4 1 1
github.com/ekhvalov/bank-chat-service/internal/repositories/messages/api_history.go:53.3,53.19 1 1
github.com/ekhvalov/bank-chat-service/internal/repositories/messages/api_history.go:55.2,63.16 2 1
github.com/ekhvalov/bank-chat-service/internal/repositories/messages/api_history.go:63.16,65.3 1 0
github.com/ekhvalov/bank-chat-service/internal/repositories/messages/api_history.go:66.2,67.51 2 1
github.com/ekhvalov/bank-chat-service/internal/repositories/messages/api_history.go:67.51,69.3 1 1
github.com/ekhvalov/bank-chat-service/internal/repositories/messages/api_history.go:70.2,71.48 2 1
github.com/ekhvalov/bank-chat-service/internal/repositories/messages/api_history.go:71.48,72.23 1 1
github.com/ekhvalov/bank-chat-service/internal/repositories/messages/api_history.go:72.23,74.4 1 1
github.com/ekhvalov/bank-chat-service/internal/repositories/messages/api_history.go:76.2,76.27 1 1
github.com/ekhvalov/bank-chat-service/internal/repositories/messages/api_history.go:79.43,80.64 1 1
github.com/ekhvalov/bank-chat-service/internal/repositories/messages/api_history.go:80.64,82.3 1 1
github.com/ekhvalov/bank-chat-service/internal/repositories/messages/api_history.go:83.2,83.12 1 1
github.com/ekhvalov/bank-chat-service/internal/repositories/messages/api_history.go:86.42,87.58 1 1
github.com/ekhvalov/bank-chat-service/internal/repositories/messages/api_history.go:87.58,89.3 1 1
github.com/ekhvalov/bank-chat-service/internal/repositories/messages/api_history.go:90.2,90.59 1 1
github.com/ekhvalov/bank-chat-service/internal/repositories/messages/api_history.go:90.59,92.3 1 1
github.com/ekhvalov/bank-chat-service/internal/repositories/messages/api_history.go:93.2,93.12 1 1
github.com/ekhvalov/bank-chat-service/internal/repositories/messages/api_history_cursor_matcher.go:17.47,19.2 1 0
github.com/ekhvalov/bank-chat-service/internal/repositories/messages/api_history_cursor_matcher.go:21.53,23.9 2 0
github.com/ekhvalov/bank-chat-service/internal/repositories/messages/api_history_cursor_matcher.go:23.9,25.3 1 0
github.com/ekhvalov/bank-chat-service/internal/repositories/messages/api_history_cursor_matcher.go:27.2,28.92 1 0
github.com/ekhvalov/bank-chat-service/internal/repositories/messages/api_history_cursor_matcher.go:31.41,33.2 1 0
github.com/ekhvalov/bank-chat-service/internal/repositories/messages/api_history_cursor_matcher.go:35.52,37.2 1 0
github.com/ekhvalov/bank-chat-service/internal/repositories/messages/message.go:22.50,34.2 1 1
github.com/ekhvalov/bank-chat-service/internal/repositories/messages/repo.go:18.39,19.40 1 1
github.com/ekhvalov/bank-chat-service/internal/repositories/messages/repo.go:19.40,21.3 1 0
github.com/ekhvalov/bank-chat-service/internal/repositories/messages/repo.go:22.2,22.34 1 1
github.com/ekhvalov/bank-chat-service/internal/repositories/messages/repo_options.gen.go:17.11,24.30 3 1
github.com/ekhvalov/bank-chat-service/internal/repositories/messages/repo_options.gen.go:24.30,26.3 1 0
github.com/ekhvalov/bank-chat-service/internal/repositories/messages/repo_options.gen.go:27.2,27.10 1 1
github.com/ekhvalov/bank-chat-service/internal/repositories/messages/repo_options.gen.go:30.36,34.2 3 1
github.com/ekhvalov/bank-chat-service/internal/repositories/messages/repo_options.gen.go:36.45,37.87 1 1
github.com/ekhvalov/bank-chat-service/internal/repositories/messages/repo_options.gen.go:37.87,39.3 1 0
github.com/ekhvalov/bank-chat-service/internal/repositories/messages/repo_options.gen.go:40.2,40.12 1 1
github.com/ekhvalov/bank-chat-service/internal/repositories/problems/api.go:13.101,15.16 2 1
github.com/ekhvalov/bank-chat-service/internal/repositories/problems/api.go:15.16,17.3 1 1
github.com/ekhvalov/bank-chat-service/internal/repositories/problems/api.go:19.2,19.28 1 1
github.com/ekhvalov/bank-chat-service/internal/repositories/problems/api.go:19.28,21.3 1 0
github.com/ekhvalov/bank-chat-service/internal/repositories/problems/api.go:23.2,24.16 2 1
github.com/ekhvalov/bank-chat-service/internal/repositories/problems/api.go:24.16,26.3 1 0
github.com/ekhvalov/bank-chat-service/internal/repositories/problems/api.go:27.2,27.18 1 1
github.com/ekhvalov/bank-chat-service/internal/repositories/problems/api.go:30.99,33.16 3 1
github.com/ekhvalov/bank-chat-service/internal/repositories/problems/api.go:33.16,35.3 1 0
github.com/ekhvalov/bank-chat-service/internal/repositories/problems/api.go:36.2,36.19 1 1
github.com/ekhvalov/bank-chat-service/internal/repositories/problems/repo.go:18.39,19.40 1 1
github.com/ekhvalov/bank-chat-service/internal/repositories/problems/repo.go:19.40,21.3 1 0
github.com/ekhvalov/bank-chat-service/internal/repositories/problems/repo.go:22.2,22.34 1 1
github.com/ekhvalov/bank-chat-service/internal/repositories/problems/repo_options.gen.go:17.11,24.30 3 1
github.com/ekhvalov/bank-chat-service/internal/repositories/problems/repo_options.gen.go:24.30,26.3 1 0
github.com/ekhvalov/bank-chat-service/internal/repositories/problems/repo_options.gen.go:27.2,27.10 1 1
github.com/ekhvalov/bank-chat-service/internal/repositories/problems/repo_options.gen.go:30.36,34.2 3 1
github.com/ekhvalov/bank-chat-service/internal/repositories/problems/repo_options.gen.go:36.45,37.87 1 1
github.com/ekhvalov/bank-chat-service/internal/repositories/problems/repo_options.gen.go:37.87,39.3 1 0
github.com/ekhvalov/bank-chat-service/internal/repositories/problems/repo_options.gen.go:40.2,40.12 1 1
github.com/ekhvalov/bank-chat-service/internal/server/server.go:44.41,45.40 1 1
github.com/ekhvalov/bank-chat-service/internal/server/server.go:45.40,47.3 1 0
github.com/ekhvalov/bank-chat-service/internal/server/server.go:49.2,75.15 6 1
github.com/ekhvalov/bank-chat-service/internal/server/server.go:78.49,81.21 2 1
github.com/ekhvalov/bank-chat-service/internal/server/server.go:81.21,88.3 4 1
github.com/ekhvalov/bank-chat-service/internal/server/server.go:90.2,90.21 1 1
github.com/ekhvalov/bank-chat-service/internal/server/server.go:90.21,93.89 2 1
github.com/ekhvalov/bank-chat-service/internal/server/server.go:93.89,95.4 1 0
github.com/ekhvalov/bank-chat-service/internal/server/server.go:96.3,96.13 1 1
github.com/ekhvalov/bank-chat-service/internal/server/server.go:99.2,99.18 1 1
github.com/ekhvalov/bank-chat-service/internal/server/server_options.gen.go:28.11,43.30 11 1
github.com/ekhvalov/bank-chat-service/internal/server/server_options.gen.go:43.30,45.3 1 0
github.com/ekhvalov/bank-chat-service/internal/server/server_options.gen.go:46.2,46.10 1 1
github.com/ekhvalov/bank-chat-service/internal/server/server_options.gen.go:49.36,61.2 11 1
github.com/ekhvalov/bank-chat-service/internal/server/server_options.gen.go:63.47,64.103 1 1
github.com/ekhvalov/bank-chat-service/internal/server/server_options.gen.go:64.103,66.3 1 0
github.com/ekhvalov/bank-chat-service/internal/server/server_options.gen.go:67.2,67.12 1 1
github.com/ekhvalov/bank-chat-service/internal/server/server_options.gen.go:70.55,71.94 1 1
github.com/ekhvalov/bank-chat-service/internal/server/server_options.gen.go:71.94,73.3 1 0
github.com/ekhvalov/bank-chat-service/internal/server/server_options.gen.go:74.2,74.12 1 1
github.com/ekhvalov/bank-chat-service/internal/server/server_options.gen.go:77.57,78.99 1 1
github.com/ekhvalov/bank-chat-service/internal/server/server_options.gen.go:78.99,80.3 1 0
github.com/ekhvalov/bank-chat-service/internal/server/server_options.gen.go:81.2,81.12 1 1
github.com/ekhvalov/bank-chat-service/internal/server/server_options.gen.go:84.53,85.95 1 1
github.com/ekhvalov/bank-chat-service/internal/server/server_options.gen.go:85.95,87.3 1 0
github.com/ekhvalov/bank-chat-service/internal/server/server_options.gen.go:88.2,88.12 1 1
github.com/ekhvalov/bank-chat-service/internal/server/server_options.gen.go:91.49,92.91 1 1
github.com/ekhvalov/bank-chat-service/internal/server/server_options.gen.go:92.91,94.3 1 0
github.com/ekhvalov/bank-chat-service/internal/server/server_options.gen.go:95.2,95.12 1 1
github.com/ekhvalov/bank-chat-service/internal/server/server_options.gen.go:98.52,99.94 1 1
github.com/ekhvalov/bank-chat-service/internal/server/server_options.gen.go:99.94,101.3 1 0
github.com/ekhvalov/bank-chat-service/internal/server/server_options.gen.go:102.2,102.12 1 1
github.com/ekhvalov/bank-chat-service/internal/server/server_options.gen.go:105.55,106.97 1 1
github.com/ekhvalov/bank-chat-service/internal/server/server_options.gen.go:106.97,108.3 1 0
github.com/ekhvalov/bank-chat-service/internal/server/server_options.gen.go:109.2,109.12 1 1
github.com/ekhvalov/bank-chat-service/internal/server/server_options.gen.go:112.55,113.97 1 1
github.com/ekhvalov/bank-chat-service/internal/server/server_options.gen.go:113.97,115.3 1 0
github.com/ekhvalov/bank-chat-service/internal/server/server_options.gen.go:116.2,116.12 1 1
github.com/ekhvalov/bank-chat-service/internal/server/server_options.gen.go:119.60,120.102 1 1
github.com/ekhvalov/bank-chat-service/internal/server/server_options.gen.go:120.102,122.3 1 0
github.com/ekhvalov/bank-chat-service/internal/server/server_options.gen.go:123.2,123.12 1 1
github.com/ekhvalov/bank-chat-service/internal/server-client/server.go:35.41,36.40 1 1
github.com/ekhvalov/bank-chat-service/internal/server-client/server.go:36.40,38.3 1 0
github.com/ekhvalov/bank-chat-service/internal/server-client/server.go:40.2,40.42 1 1
github.com/ekhvalov/bank-chat-service/internal/server-client/server.go:40.42,49.3 2 1
github.com/ekhvalov/bank-chat-service/internal/server-client/server.go:50.2,61.16 2 1
github.com/ekhvalov/bank-chat-service/internal/server-client/server.go:61.16,63.3 1 0
github.com/ekhvalov/bank-chat-service/internal/server-client/server.go:65.2,65.31 1 1
github.com/ekhvalov/bank-chat-service/internal/server-client/server.go:68.49,70.2 1 1
github.com/ekhvalov/bank-chat-service/internal/server-client/server_options.gen.go:29.11,44.30 11 1
github.com/ekhvalov/bank-chat-service/internal/server-client/server_options.gen.go:44.30,46.3 1 0
github.com/ekhvalov/bank-chat-service/internal/server-client/server_options.gen.go:47.2,47.10 1 1
github.com/ekhvalov/bank-chat-service/internal/server-client/server_options.gen.go:50.36,62.2 11 1
github.com/ekhvalov/bank-chat-service/internal/server-client/server_options.gen.go:64.47,65.103 1 1
github.com/ekhvalov/bank-chat-service/internal/server-client/server_options.gen.go:65.103,67.3 1 0
github.com/ekhvalov/bank-chat-service/internal/server-client/server_options.gen.go:68.2,68.12 1 1
github.com/ekhvalov/bank-chat-service/internal/server-client/server_options.gen.go:71.55,72.94 1 1
github.com/ekhvalov/bank-chat-service/internal/server-client/server_options.gen.go:72.94,74.3 1 0
github.com/ekhvalov/bank-chat-service/internal/server-client/server_options.gen.go:75.2,75.12 1 1
github.com/ekhvalov/bank-chat-service/internal/server-client/server_options.gen.go:78.57,79.99 1 1
github.com/ekhvalov/bank-chat-service/internal/server-client/server_options.gen.go:79.99,81.3 1 0
github.com/ekhvalov/bank-chat-service/internal/server-client/server_options.gen.go:82.2,82.12 1 1
github.com/ekhvalov/bank-chat-service/internal/server-client/server_options.gen.go:85.53,86.95 1 1
github.com/ekhvalov/bank-chat-service/internal/server-client/server_options.gen.go:86.95,88.3 1 0
github.com/ekhvalov/bank-chat-service/internal/server-client/server_options.gen.go:89.2,89.12 1 1
github.com/ekhvalov/bank-chat-service/internal/server-client/server_options.gen.go:92.49,93.91 1 1
github.com/ekhvalov/bank-chat-service/internal/server-client/server_options.gen.go:93.91,95.3 1 0
github.com/ekhvalov/bank-chat-service/internal/server-client/server_options.gen.go:96.2,96.12 1 1
github.com/ekhvalov/bank-chat-service/internal/server-client/server_options.gen.go:99.52,100.94 1 1
github.com/ekhvalov/bank-chat-service/internal/server-client/server_options.gen.go:100.94,102.3 1 0
github.com/ekhvalov/bank-chat-service/internal/server-client/server_options.gen.go:103.2,103.12 1 1
github.com/ekhvalov/bank-chat-service/internal/server-client/server_options.gen.go:106.53,107.95 1 1
github.com/ekhvalov/bank-chat-service/internal/server-client/server_options.gen.go:107.95,109.3 1 0
github.com/ekhvalov/bank-chat-service/internal/server-client/server_options.gen.go:110.2,110.12 1 1
github.com/ekhvalov/bank-chat-service/internal/server-client/server_options.gen.go:113.55,114.97 1 1
github.com/ekhvalov/bank-chat-service/internal/server-client/server_options.gen.go:114.97,116.3 1 0
github.com/ekhvalov/bank-chat-service/internal/server-client/server_options.gen.go:117.2,117.12 1 1
github.com/ekhvalov/bank-chat-service/internal/server-client/server_options.gen.go:120.55,121.97 1 1
github.com/ekhvalov/bank-chat-service/internal/server-client/server_options.gen.go:121.97,123.3 1 0
github.com/ekhvalov/bank-chat-service/internal/server-client/server_options.gen.go:124.2,124.12 1 1
github.com/ekhvalov/bank-chat-service/internal/server-client/errhandler/response_builder.go:12.70,18.2 1 1
github.com/ekhvalov/bank-chat-service/internal/server-client/v1/handlers.go:36.50,37.40 1 1
github.com/ekhvalov/bank-chat-service/internal/server-client/v1/handlers.go:37.40,39.3 1 0
github.com/ekhvalov/bank-chat-service/internal/server-client/v1/handlers.go:40.2,40.37 1 1
github.com/ekhvalov/bank-chat-service/internal/server-client/v1/handlers_get_history.go:17.88,21.40 4 1
github.com/ekhvalov/bank-chat-service/internal/server-client/v1/handlers_get_history.go:21.40,23.3 1 1
github.com/ekhvalov/bank-chat-service/internal/server-client/v1/handlers_get_history.go:25.2,32.16 3 1
github.com/ekhvalov/bank-chat-service/internal/server-client/v1/handlers_get_history.go:32.16,33.10 1 1
github.com/ekhvalov/bank-chat-service/internal/server-client/v1/handlers_get_history.go:34.53,35.87 1 1
github.com/ekhvalov/bank-chat-service/internal/server-client/v1/handlers_get_history.go:36.52,37.86 1 1
github.com/ekhvalov/bank-chat-service/internal/server-client/v1/handlers_get_history.go:39.3,39.64 1 1
github.com/ekhvalov/bank-chat-service/internal/server-client/v1/handlers_get_history.go:42.2,43.38 2 1
github.com/ekhvalov/bank-chat-service/internal/server-client/v1/handlers_get_history.go:43.38,53.3 1 1
github.com/ekhvalov/bank-chat-service/internal/server-client/v1/handlers_get_history.go:54.2,58.16 2 1
github.com/ekhvalov/bank-chat-service/internal/server-client/v1/handlers_get_history.go:58.16,60.3 1 0
github.com/ekhvalov/bank-chat-service/internal/server-client/v1/handlers_get_history.go:61.2,61.12 1 1
github.com/ekhvalov/bank-chat-service/internal/server-client/v1/handlers_options.gen.go:19.11,28.30 5 1
github.com/ekhvalov/bank-chat-service/internal/server-client/v1/handlers_options.gen.go:28.30,30.3 1 0
github.com/ekhvalov/bank-chat-service/internal/server-client/v1/handlers_options.gen.go:31.2,31.10 1 1
github.com/ekhvalov/bank-chat-service/internal/server-client/v1/handlers_options.gen.go:34.36,40.2 5 1
github.com/ekhvalov/bank-chat-service/internal/server-client/v1/handlers_options.gen.go:42.49,43.91 1 1
github.com/ekhvalov/bank-chat-service/internal/server-client/v1/handlers_options.gen.go:43.91,45.3 1 0
github.com/ekhvalov/bank-chat-service/internal/server-client/v1/handlers_options.gen.go:46.2,46.12 1 1
github.com/ekhvalov/bank-chat-service/internal/server-client/v1/handlers_options.gen.go:49.55,50.97 1 1
github.com/ekhvalov/bank-chat-service/internal/server-client/v1/handlers_options.gen.go:50.97,52.3 1 0
github.com/ekhvalov/bank-chat-service/internal/server-client/v1/handlers_options.gen.go:53.2,53.12 1 1
github.com/ekhvalov/bank-chat-service/internal/server-client/v1/handlers_options.gen.go:56.56,57.98 1 1
github.com/ekhvalov/bank-chat-service/internal/server-client/v1/handlers_options.gen.go:57.98,59.3 1 0
github.com/ekhvalov/bank-chat-service/internal/server-client/v1/handlers_options.gen.go:60.2,60.12 1 1
github.com/ekhvalov/bank-chat-service/internal/server-client/v1/handlers_send_message.go:17.90,21.48 4 1
github.com/ekhvalov/bank-chat-service/internal/server-client/v1/handlers_send_message.go:21.48,23.3 1 1
github.com/ekhvalov/bank-chat-service/internal/server-client/v1/handlers_send_message.go:25.2,31.16 3 1
github.com/ekhvalov/bank-chat-service/internal/server-client/v1/handlers_send_message.go:31.16,32.10 1 1
github.com/ekhvalov/bank-chat-service/internal/server-client/v1/handlers_send_message.go:33.54,34.64 1 1
github.com/ekhvalov/bank-chat-service/internal/server-client/v1/handlers_send_message.go:35.54,36.87 1 1
github.com/ekhvalov/bank-chat-service/internal/server-client/v1/handlers_send_message.go:37.57,38.93 1 1
github.com/ekhvalov/bank-chat-service/internal/server-client/v1/handlers_send_message.go:40.3,40.72 1 0
github.com/ekhvalov/bank-chat-service/internal/server-client/v1/handlers_send_message.go:43.2,51.16 2 1
github.com/ekhvalov/bank-chat-service/internal/server-client/v1/handlers_send_message.go:51.16,53.3 1 0
github.com/ekhvalov/bank-chat-service/internal/server-client/v1/handlers_send_message.go:55.2,55.12 1 1
github.com/ekhvalov/bank-chat-service/internal/server-client/v1/server.gen.go:126.73,136.81 5 1
github.com/ekhvalov/bank-chat-service/internal/server-client/v1/server.gen.go:136.81,139.13 3 1
github.com/ekhvalov/bank-chat-service/internal/server-client/v1/server.gen.go:139.13,141.4 1 0
github.com/ekhvalov/bank-chat-service/internal/server-client/v1/server.gen.go:143.3,144.17 2 1
github.com/ekhvalov/bank-chat-service/internal/server-client/v1/server.gen.go:144.17,146.4 1 0
github.com/ekhvalov/bank-chat-service/internal/server-client/v1/server.gen.go:148.3,148.33 1 1
github.com/ekhvalov/bank-chat-service/internal/server-client/v1/server.gen.go:149.8,151.3 1 0
github.com/ekhvalov/bank-chat-service/internal/server-client/v1/server.gen.go:154.2,155.12 2 1
github.com/ekhvalov/bank-chat-service/internal/server-client/v1/server.gen.go:159.74,169.81 5 1
github.com/ekhvalov/bank-chat-service/internal/server-client/v1/server.gen.go:169.81,172.13 3 1
github.com/ekhvalov/bank-chat-service/internal/server-client/v1/server.gen.go:172.13,174.4 1 0
github.com/ekhvalov/bank-chat-service/internal/server-client/v1/server.gen.go:176.3,177.17 2 1
github.com/ekhvalov/bank-chat-service/internal/server-client/v1/server.gen.go:177.17,179.4 1 0
github.com/ekhvalov/bank-chat-service/internal/server-client/v1/server.gen.go:181.3,181.33 1 1
github.com/ekhvalov/bank-chat-service/internal/server-client/v1/server.gen.go:182.8,184.3 1 0
github.com/ekhvalov/bank-chat-service/internal/server-client/v1/server.gen.go:187.2,188.12 2 1
github.com/ekhvalov/bank-chat-service/internal/server-client/v1/server.gen.go:207.62,209.2 1 1
github.com/ekhvalov/bank-chat-service/internal/server-client/v1/server.gen.go:213.89,222.2 3 1
github.com/ekhvalov/bank-chat-service/internal/server-client/v1/server.gen.go:248.35,250.16 2 1
github.com/ekhvalov/bank-chat-service/internal/server-client/v1/server.gen.go:250.16,252.3 1 0
github.com/ekhvalov/bank-chat-service/internal/server-client/v1/server.gen.go:253.2,254.16 2 1
github.com/ekhvalov/bank-chat-service/internal/server-client/v1/server.gen.go:254.16,256.3 1 0
github.com/ekhvalov/bank-chat-service/internal/server-client/v1/server.gen.go:257.2,259.16 3 1
github.com/ekhvalov/bank-chat-service/internal/server-client/v1/server.gen.go:259.16,261.3 1 0
github.com/ekhvalov/bank-chat-service/internal/server-client/v1/server.gen.go:263.2,263.25 1 1
github.com/ekhvalov/bank-chat-service/internal/server-client/v1/server.gen.go:269.48,271.32 2 1
github.com/ekhvalov/bank-chat-service/internal/server-client/v1/server.gen.go:271.32,273.3 1 1
github.com/ekhvalov/bank-chat-service/internal/server-client/v1/server.gen.go:277.73,279.25 2 1
github.com/ekhvalov/bank-chat-service/internal/server-client/v1/server.gen.go:279.25,281.3 1 0
github.com/ekhvalov/bank-chat-service/internal/server-client/v1/server.gen.go:283.2,283.12 1 1
github.com/ekhvalov/bank-chat-service/internal/server-client/v1/server.gen.go:291.52,296.87 4 1
github.com/ekhvalov/bank-chat-service/internal/server-client/v1/server.gen.go:296.87,300.10 4 0
github.com/ekhvalov/bank-chat-service/internal/server-client/v1/server.gen.go:300.10,303.4 2 0
github.com/ekhvalov/bank-chat-service/internal/server-client/v1/server.gen.go:304.3,304.19 1 0
github.com/ekhvalov/bank-chat-service/internal/server-client/v1/server.gen.go:306.2,308.16 3 1
github.com/ekhvalov/bank-chat-service/internal/server-client/v1/server.gen.go:308.16,310.3 1 0
github.com/ekhvalov/bank-chat-service/internal/server-client/v1/server.gen.go:311.2,312.16 2 1
github.com/ekhvalov/bank-chat-service/internal/server-client/v1/server.gen.go:312.16,314.3 1 0
github.com/ekhvalov/bank-chat-service/internal/server-client/v1/server.gen.go:315.2,315.8 1 1
github.com/ekhvalov/bank-chat-service/internal/server-debug/index.go:22.32,24.2 1 1
github.com/ekhvalov/bank-chat-service/internal/server-debug/index.go:26.62,31.2 1 1
github.com/ekhvalov/bank-chat-service/internal/server-debug/index.go:33.54,80.2 1 0
github.com/ekhvalov/bank-chat-service/internal/server-debug/index.go:82.24,84.2 1 0
github.com/ekhvalov/bank-chat-service/internal/server-debug/server.go:38.41,39.40 1 1
github.com/ekhvalov/bank-chat-service/internal/server-debug/server.go:39.40,41.3 1 0
github.com/ekhvalov/bank-chat-service/internal/server-debug/server.go:43.2,77.15 19 1
github.com/ekhvalov/bank-chat-service/internal/server-debug/server.go:80.49,83.21 2 1
github.com/ekhvalov/bank-chat-service/internal/server-debug/server.go:83.21,90.3 4 1
github.com/ekhvalov/bank-chat-service/internal/server-debug/server.go:92.2,92.21 1 1
github.com/ekhvalov/bank-chat-service/internal/server-debug/server.go:92.21,95.89 2 1
github.com/ekhvalov/bank-chat-service/internal/server-debug/server.go:95.89,97.4 1 0
github.com/ekhvalov/bank-chat-service/internal/server-debug/server.go:98.3,98.13 1 1
github.com/ekhvalov/bank-chat-service/internal/server-debug/server.go:101.2,101.18 1 1
github.com/ekhvalov/bank-chat-service/internal/server-debug/server.go:104.51,106.2 1 0
github.com/ekhvalov/bank-chat-service/internal/server-debug/server.go:108.52,110.21 2 0
github.com/ekhvalov/bank-chat-service/internal/server-debug/server.go:110.21,112.3 1 0
github.com/ekhvalov/bank-chat-service/internal/server-debug/server.go:113.2,113.50 1 0
github.com/ekhvalov/bank-chat-service/internal/server-debug/server.go:113.50,115.3 1 0
github.com/ekhvalov/bank-chat-service/internal/server-debug/server.go:116.2,116.41 1 0
github.com/ekhvalov/bank-chat-service/internal/server-debug/server.go:119.44,120.47 1 1
github.com/ekhvalov/bank-chat-service/internal/server-debug/server.go:120.47,123.3 2 0
github.com/ekhvalov/bank-chat-service/internal/server-debug/server.go:124.2,130.49 7 1
github.com/ekhvalov/bank-chat-service/internal/server-debug/server.go:130.49,133.3 2 0
github.com/ekhvalov/bank-chat-service/internal/server-debug/server.go:134.2,134.49 1 1
github.com/ekhvalov/bank-chat-service/internal/server-debug/server.go:134.49,137.3 2 0
github.com/ekhvalov/bank-chat-service/internal/server-debug/server.go:138.2,138.48 1 1
github.com/ekhvalov/bank-chat-service/internal/server-debug/server.go:138.48,141.3 2 0
github.com/ekhvalov/bank-chat-service/internal/server-debug/server.go:142.2,144.47 3 1
github.com/ekhvalov/bank-chat-service/internal/server-debug/server.go:144.47,147.3 2 0
github.com/ekhvalov/bank-chat-service/internal/server-debug/server.go:148.2,148.59 1 1
github.com/ekhvalov/bank-chat-service/internal/server-debug/server.go:151.54,154.2 2 0
github.com/ekhvalov/bank-chat-service/internal/server-debug/server.go:156.56,158.16 2 0
github.com/ekhvalov/bank-chat-service/internal/server-debug/server.go:158.16,160.3 1 0
github.com/ekhvalov/bank-chat-service/internal/server-debug/server.go:161.2,161.37 1 0
github.com/ekhvalov/bank-chat-service/internal/server-debug/server.go:164.57,166.16 2 0
github.com/ekhvalov/bank-chat-service/internal/server-debug/server.go:166.16,168.3 1 0
github.com/ekhvalov/bank-chat-service/internal/server-debug/server.go:169.2,169.37 1 0
github.com/ekhvalov/bank-chat-service/internal/server-debug/server_options.gen.go:16.11,23.30 3 1
github.com/ekhvalov/bank-chat-service/internal/server-debug/server_options.gen.go:23.30,25.3 1 0
github.com/ekhvalov/bank-chat-service/internal/server-debug/server_options.gen.go:26.2,26.10 1 1
github.com/ekhvalov/bank-chat-service/internal/server-debug/server_options.gen.go:29.36,33.2 3 1
github.com/ekhvalov/bank-chat-service/internal/server-debug/server_options.gen.go:35.47,36.103 1 1
github.com/ekhvalov/bank-chat-service/internal/server-debug/server_options.gen.go:36.103,38.3 1 0
github.com/ekhvalov/bank-chat-service/internal/server-debug/server_options.gen.go:39.2,39.12 1 1
github.com/ekhvalov/bank-chat-service/internal/server-manager/server.go:35.41,36.40 1 1
github.com/ekhvalov/bank-chat-service/internal/server-manager/server.go:36.40,38.3 1 0
github.com/ekhvalov/bank-chat-service/internal/server-manager/server.go:40.2,40.42 1 1
github.com/ekhvalov/bank-chat-service/internal/server-manager/server.go:40.42,49.3 2 1
github.com/ekhvalov/bank-chat-service/internal/server-manager/server.go:50.2,61.16 2 1
github.com/ekhvalov/bank-chat-service/internal/server-manager/server.go:61.16,63.3 1 0
github.com/ekhvalov/bank-chat-service/internal/server-manager/server.go:65.2,65.31 1 1
github.com/ekhvalov/bank-chat-service/internal/server-manager/server.go:68.49,70.2 1 1
github.com/ekhvalov/bank-chat-service/internal/server-manager/server_options.gen.go:29.11,44.30 11 1
github.com/ekhvalov/bank-chat-service/internal/server-manager/server_options.gen.go:44.30,46.3 1 0
github.com/ekhvalov/bank-chat-service/internal/server-manager/server_options.gen.go:47.2,47.10 1 1
github.com/ekhvalov/bank-chat-service/internal/server-manager/server_options.gen.go:50.36,62.2 11 1
github.com/ekhvalov/bank-chat-service/internal/server-manager/server_options.gen.go:64.47,65.103 1 1
github.com/ekhvalov/bank-chat-service/internal/server-manager/server_options.gen.go:65.103,67.3 1 0
github.com/ekhvalov/bank-chat-service/internal/server-manager/server_options.gen.go:68.2,68.12 1 1
github.com/ekhvalov/bank-chat-service/internal/server-manager/server_options.gen.go:71.55,72.94 1 1
github.com/ekhvalov/bank-chat-service/internal/server-manager/server_options.gen.go:72.94,74.3 1 0
github.com/ekhvalov/bank-chat-service/internal/server-manager/server_options.gen.go:75.2,75.12 1 1
github.com/ekhvalov/bank-chat-service/internal/server-manager/server_options.gen.go:78.57,79.99 1 1
github.com/ekhvalov/bank-chat-service/internal/server-manager/server_options.gen.go:79.99,81.3 1 0
github.com/ekhvalov/bank-chat-service/internal/server-manager/server_options.gen.go:82.2,82.12 1 1
github.com/ekhvalov/bank-chat-service/internal/server-manager/server_options.gen.go:85.53,86.95 1 1
github.com/ekhvalov/bank-chat-service/internal/server-manager/server_options.gen.go:86.95,88.3 1 0
github.com/ekhvalov/bank-chat-service/internal/server-manager/server_options.gen.go:89.2,89.12 1 1
github.com/ekhvalov/bank-chat-service/internal/server-manager/server_options.gen.go:92.49,93.91 1 1
github.com/ekhvalov/bank-chat-service/internal/server-manager/server_options.gen.go:93.91,95.3 1 0
github.com/ekhvalov/bank-chat-service/internal/server-manager/server_options.gen.go:96.2,96.12 1 1
github.com/ekhvalov/bank-chat-service/internal/server-manager/server_options.gen.go:99.52,100.94 1 1
github.com/ekhvalov/bank-chat-service/internal/server-manager/server_options.gen.go:100.94,102.3 1 0
github.com/ekhvalov/bank-chat-service/internal/server-manager/server_options.gen.go:103.2,103.12 1 1
github.com/ekhvalov/bank-chat-service/internal/server-manager/server_options.gen.go:106.53,107.95 1 1
github.com/ekhvalov/bank-chat-service/internal/server-manager/server_options.gen.go:107.95,109.3 1 0
github.com/ekhvalov/bank-chat-service/internal/server-manager/server_options.gen.go:110.2,110.12 1 1
github.com/ekhvalov/bank-chat-service/internal/server-manager/server_options.gen.go:113.55,114.97 1 1
github.com/ekhvalov/bank-chat-service/internal/server-manager/server_options.gen.go:114.97,116.3 1 0
github.com/ekhvalov/bank-chat-service/internal/server-manager/server_options.gen.go:117.2,117.12 1 1
github.com/ekhvalov/bank-chat-service/internal/server-manager/server_options.gen.go:120.55,121.97 1 1
github.com/ekhvalov/bank-chat-service/internal/server-manager/server_options.gen.go:121.97,123.3 1 0
github.com/ekhvalov/bank-chat-service/internal/server-manager/server_options.gen.go:124.2,124.12 1 1
github.com/ekhvalov/bank-chat-service/internal/server-manager/errhandler/response_builder.go:12.70,18.2 1 1
github.com/ekhvalov/bank-chat-service/internal/server-manager/v1/handlers.go:36.50,37.40 1 1
github.com/ekhvalov/bank-chat-service/internal/server-manager/v1/handlers.go:37.40,39.3 1 0
github.com/ekhvalov/bank-chat-service/internal/server-manager/v1/handlers.go:40.2,40.37 1 1
github.com/ekhvalov/bank-chat-service/internal/server-manager/v1/handlers_free_hands.go:17.122,24.16 3 1
github.com/ekhvalov/bank-chat-service/internal/server-manager/v1/handlers_free_hands.go:24.16,25.59 1 1
github.com/ekhvalov/bank-chat-service/internal/server-manager/v1/handlers_free_hands.go:25.59,27.4 1 0
github.com/ekhvalov/bank-chat-service/internal/server-manager/v1/handlers_free_hands.go:28.3,28.64 1 1
github.com/ekhvalov/bank-chat-service/internal/server-manager/v1/handlers_free_hands.go:31.2,35.16 2 1
github.com/ekhvalov/bank-chat-service/internal/server-manager/v1/handlers_free_hands.go:35.16,37.3 1 0
github.com/ekhvalov/bank-chat-service/internal/server-manager/v1/handlers_free_hands.go:38.2,38.12 1 1
github.com/ekhvalov/bank-chat-service/internal/server-manager/v1/handlers_free_hands.go:41.86,47.16 3 1
github.com/ekhvalov/bank-chat-service/internal/server-manager/v1/handlers_free_hands.go:47.16,48.10 1 1
github.com/ekhvalov/bank-chat-service/internal/server-manager/v1/handlers_free_hands.go:49.52,50.87 1 1
github.com/ekhvalov/bank-chat-service/internal/server-manager/v1/handlers_free_hands.go:51.55,52.105 1 1
github.com/ekhvalov/bank-chat-service/internal/server-manager/v1/handlers_free_hands.go:54.3,54.64 1 1
github.com/ekhvalov/bank-chat-service/internal/server-manager/v1/handlers_free_hands.go:57.2,58.16 2 1
github.com/ekhvalov/bank-chat-service/internal/server-manager/v1/handlers_free_hands.go:58.16,60.3 1 0
github.com/ekhvalov/bank-chat-service/internal/server-manager/v1/handlers_free_hands.go:61.2,61.12 1 1
github.com/ekhvalov/bank-chat-service/internal/server-manager/v1/handlers_options.gen.go:19.11,28.30 5 1
github.com/ekhvalov/bank-chat-service/internal/server-manager/v1/handlers_options.gen.go:28.30,30.3 1 0
github.com/ekhvalov/bank-chat-service/internal/server-manager/v1/handlers_options.gen.go:31.2,31.10 1 1
github.com/ekhvalov/bank-chat-service/internal/server-manager/v1/handlers_options.gen.go:34.36,40.2 5 1
github.com/ekhvalov/bank-chat-service/internal/server-manager/v1/handlers_options.gen.go:42.45,43.87 1 1
github.com/ekhvalov/bank-chat-service/internal/server-manager/v1/handlers_options.gen.go:43.87,45.3 1 0
github.com/ekhvalov/bank-chat-service/internal/server-manager/v1/handlers_options.gen.go:46.2,46.12 1 1
github.com/ekhvalov/bank-chat-service/internal/server-manager/v1/handlers_options.gen.go:49.63,50.105 1 1
github.com/ekhvalov/bank-chat-service/internal/server-manager/v1/handlers_options.gen.go:50.105,52.3 1 0
github.com/ekhvalov/bank-chat-service/internal/server-manager/v1/handlers_options.gen.go:53.2,53.12 1 1
github.com/ekhvalov/bank-chat-service/internal/server-manager/v1/handlers_options.gen.go:56.54,57.96 1 1
github.com/ekhvalov/bank-chat-service/internal/server-manager/v1/handlers_options.gen.go:57.96,59.3 1 0
github.com/ekhvalov/bank-chat-service/internal/server-manager/v1/handlers_options.gen.go:60.2,60.12 1 1
github.com/ekhvalov/bank-chat-service/internal/server-manager/v1/server.gen.go:88.72,98.81 5 0
github.com/ekhvalov/bank-chat-service/internal/server-manager/v1/server.gen.go:98.81,101.13 3 0
github.com/ekhvalov/bank-chat-service/internal/server-manager/v1/server.gen.go:101.13,103.4 1 0
github.com/ekhvalov/bank-chat-service/internal/server-manager/v1/server.gen.go:105.3,106.17 2 0
github.com/ekhvalov/bank-chat-service/internal/server-manager/v1/server.gen.go:106.17,108.4 1 0
github.com/ekhvalov/bank-chat-service/internal/server-manager/v1/server.gen.go:110.3,110.33 1 0
github.com/ekhvalov/bank-chat-service/internal/server-manager/v1/server.gen.go:111.8,113.3 1 0
github.com/ekhvalov/bank-chat-service/internal/server-manager/v1/server.gen.go:116.2,117.12 2 0
github.com/ekhvalov/bank-chat-service/internal/server-manager/v1/server.gen.go:121.90,131.81 5 0
github.com/ekhvalov/bank-chat-service/internal/server-manager/v1/server.gen.go:131.81,134.13 3 0
github.com/ekhvalov/bank-chat-service/internal/server-manager/v1/server.gen.go:134.13,136.4 1 0
github.com/ekhvalov/bank-chat-service/internal/server-manager/v1/server.gen.go:138.3,139.17 2 0
github.com/ekhvalov/bank-chat-service/internal/server-manager/v1/server.gen.go:139.17,141.4 1 0
github.com/ekhvalov/bank-chat-service/internal/server-manager/v1/server.gen.go:143.3,143.33 1 0
github.com/ekhvalov/bank-chat-service/internal/server-manager/v1/server.gen.go:144.8,146.3 1 0
github.com/ekhvalov/bank-chat-service/internal/server-manager/v1/server.gen.go:149.2,150.12 2 0
github.com/ekhvalov/bank-chat-service/internal/server-manager/v1/server.gen.go:169.62,171.2 1 1
github.com/ekhvalov/bank-chat-service/internal/server-manager/v1/server.gen.go:175.89,184.2 3 1
github.com/ekhvalov/bank-chat-service/internal/server-manager/v1/server.gen.go:207.35,209.16 2 1
github.com/ekhvalov/bank-chat-service/internal/server-manager/v1/server.gen.go:209.16,211.3 1 0
github.com/ekhvalov/bank-chat-service/internal/server-manager/v1/server.gen.go:212.2,213.16 2 1
github.com/ekhvalov/bank-chat-service/internal/server-manager/v1/server.gen.go:213.16,215.3 1 0
github.com/ekhvalov/bank-chat-service/internal/server-manager/v1/server.gen.go:216.2,218.16 3 1
github.com/ekhvalov/bank-chat-service/internal/server-manager/v1/server.gen.go:218.16,220.3 1 0
github.com/ekhvalov/bank-chat-service/internal/server-manager/v1/server.gen.go:222.2,222.25 1 1
github.com/ekhvalov/bank-chat-service/internal/server-manager/v1/server.gen.go:228.48,230.32 2 1
github.com/ekhvalov/bank-chat-service/internal/server-manager/v1/server.gen.go:230.32,232.3 1 1
github.com/ekhvalov/bank-chat-service/internal/server-manager/v1/server.gen.go:236.73,238.25 2 1
github.com/ekhvalov/bank-chat-service/internal/server-manager/v1/server.gen.go:238.25,240.3 1 0
github.com/ekhvalov/bank-chat-service/internal/server-manager/v1/server.gen.go:242.2,242.12 1 1
github.com/ekhvalov/bank-chat-service/internal/server-manager/v1/server.gen.go:250.52,255.87 4 1
github.com/ekhvalov/bank-chat-service/internal/server-manager/v1/server.gen.go:255.87,259.10 4 0
github.com/ekhvalov/bank-chat-service/internal/server-manager/v1/server.gen.go:259.10,262.4 2 0
github.com/ekhvalov/bank-chat-service/internal/server-manager/v1/server.gen.go:263.3,263.19 1 0
github.com/ekhvalov/bank-chat-service/internal/server-manager/v1/server.gen.go:265.2,267.16 3 1
github.com/ekhvalov/bank-chat-service/internal/server-manager/v1/server.gen.go:267.16,269.3 1 0
github.com/ekhvalov/bank-chat-service/internal/server-manager/v1/server.gen.go:270.2,271.16 2 1
github.com/ekhvalov/bank-chat-service/internal/server-manager/v1/server.gen.go:271.16,273.3 1 0
github.com/ekhvalov/bank-chat-service/internal/server-manager/v1/server.gen.go:274.2,274.8 1 1
github.com/ekhvalov/bank-chat-service/internal/server/errhandler/errhandler.go:28.41,29.40 1 1
github.com/ekhvalov/bank-chat-service/internal/server/errhandler/errhandler.go:29.40,31.3 1 0
github.com/ekhvalov/bank-chat-service/internal/server/errhandler/errhandler.go:32.2,32.114 1 1
github.com/ekhvalov/bank-chat-service/internal/server/errhandler/errhandler.go:35.55,37.22 2 1
github.com/ekhvalov/bank-chat-service/internal/server/errhandler/errhandler.go:37.22,39.3 1 1
github.com/ekhvalov/bank-chat-service/internal/server/errhandler/errhandler.go:40.2,40.96 1 1
github.com/ekhvalov/bank-chat-service/internal/server/errhandler/errhandler.go:40.96,42.3 1 0
github.com/ekhvalov/bank-chat-service/internal/server/errhandler/errhandler_options.gen.go:19.11,28.30 5 1
github.com/ekhvalov/bank-chat-service/internal/server/errhandler/errhandler_options.gen.go:28.30,30.3 1 0
github.com/ekhvalov/bank-chat-service/internal/server/errhandler/errhandler_options.gen.go:31.2,31.10 1 1
github.com/ekhvalov/bank-chat-service/internal/server/errhandler/errhandler_options.gen.go:34.36,39.2 4 1
github.com/ekhvalov/bank-chat-service/internal/server/errhandler/errhandler_options.gen.go:41.49,42.91 1 1
github.com/ekhvalov/bank-chat-service/internal/server/errhandler/errhandler_options.gen.go:42.91,44.3 1 0
github.com/ekhvalov/bank-chat-service/internal/server/errhandler/errhandler_options.gen.go:45.2,45.12 1 1
github.com/ekhvalov/bank-chat-service/internal/server/errhandler/errhandler_options.gen.go:48.58,49.100 1 1
github.com/ekhvalov/bank-chat-service/internal/server/errhandler/errhandler_options.gen.go:49.100,51.3 1 0
github.com/ekhvalov/bank-chat-service/internal/server/errhandler/errhandler_options.gen.go:52.2,52.12 1 1
github.com/ekhvalov/bank-chat-service/internal/services/manager-load/api.go:10.100,12.16 2 1
github.com/ekhvalov/bank-chat-service/internal/services/manager-load/api.go:12.16,14.3 1 1
github.com/ekhvalov/bank-chat-service/internal/services/manager-load/api.go:15.2,15.41 1 1
github.com/ekhvalov/bank-chat-service/internal/services/manager-load/service.go:26.42,27.40 1 1
github.com/ekhvalov/bank-chat-service/internal/services/manager-load/service.go:27.40,29.3 1 1
github.com/ekhvalov/bank-chat-service/internal/services/manager-load/service.go:30.2,30.37 1 1
github.com/ekhvalov/bank-chat-service/internal/services/manager-load/service_options.gen.go:17.11,25.30 4 1
github.com/ekhvalov/bank-chat-service/internal/services/manager-load/service_options.gen.go:25.30,27.3 1 0
github.com/ekhvalov/bank-chat-service/internal/services/manager-load/service_options.gen.go:28.2,28.10 1 1
github.com/ekhvalov/bank-chat-service/internal/services/manager-load/service_options.gen.go:31.36,36.2 4 1
github.com/ekhvalov/bank-chat-service/internal/services/manager-load/service_options.gen.go:38.60,39.106 1 1
github.com/ekhvalov/bank-chat-service/internal/services/manager-load/service_options.gen.go:39.106,41.3 1 1
github.com/ekhvalov/bank-chat-service/internal/services/manager-load/service_options.gen.go:42.2,42.12 1 1
github.com/ekhvalov/bank-chat-service/internal/services/manager-load/service_options.gen.go:45.55,46.97 1 1
github.com/ekhvalov/bank-chat-service/internal/services/manager-load/service_options.gen.go:46.97,48.3 1 1
github.com/ekhvalov/bank-chat-service/internal/services/manager-load/service_options.gen.go:49.2,49.12 1 1
github.com/ekhvalov/bank-chat-service/internal/services/manager-pool/in-mem/service.go:16.21,18.2 1 1
github.com/ekhvalov/bank-chat-service/internal/services/manager-pool/in-mem/service.go:33.33,35.2 1 1
github.com/ekhvalov/bank-chat-service/internal/services/manager-pool/in-mem/service.go:37.64,41.20 3 1
github.com/ekhvalov/bank-chat-service/internal/services/manager-pool/in-mem/service.go:41.20,43.3 1 1
github.com/ekhvalov/bank-chat-service/internal/services/manager-pool/in-mem/service.go:45.2,50.17 5 1
github.com/ekhvalov/bank-chat-service/internal/services/manager-pool/in-mem/service.go:50.17,52.3 1 1
github.com/ekhvalov/bank-chat-service/internal/services/manager-pool/in-mem/service.go:53.2,53.18 1 1
github.com/ekhvalov/bank-chat-service/internal/services/manager-pool/in-mem/service.go:56.72,61.12 4 1
github.com/ekhvalov/bank-chat-service/internal/services/manager-pool/in-mem/service.go:61.12,63.3 1 1
github.com/ekhvalov/bank-chat-service/internal/services/manager-pool/in-mem/service.go:65.2,65.28 1 1
github.com/ekhvalov/bank-chat-service/internal/services/manager-pool/in-mem/service.go:65.28,67.3 1 0
github.com/ekhvalov/bank-chat-service/internal/services/manager-pool/in-mem/service.go:69.2,73.19 4 1
github.com/ekhvalov/bank-chat-service/internal/services/manager-pool/in-mem/service.go:73.19,77.3 3 1
github.com/ekhvalov/bank-chat-service/internal/services/manager-pool/in-mem/service.go:79.2,81.12 3 1
github.com/ekhvalov/bank-chat-service/internal/services/manager-pool/in-mem/service.go:84.85,89.2 4 1
github.com/ekhvalov/bank-chat-service/internal/services/manager-pool/in-mem/service.go:91.30,95.2 3 1
github.com/ekhvalov/bank-chat-service/internal/services/msg-producer/api.go:20.74,22.16 2 1
github.com/ekhvalov/bank-chat-service/internal/services/msg-producer/api.go:22.16,24.3 1 0
github.com/ekhvalov/bank-chat-service/internal/services/msg-producer/api.go:25.2,26.16 2 1
github.com/ekhvalov/bank-chat-service/internal/services/msg-producer/api.go:26.16,28.3 1 0
github.com/ekhvalov/bank-chat-service/internal/services/msg-producer/api.go:29.2,33.16 2 1
github.com/ekhvalov/bank-chat-service/internal/services/msg-producer/api.go:33.16,35.3 1 0
github.com/ekhvalov/bank-chat-service/internal/services/msg-producer/api.go:36.2,36.12 1 1
github.com/ekhvalov/bank-chat-service/internal/services/msg-producer/api.go:39.33,40.37 1 1
github.com/ekhvalov/bank-chat-service/internal/services/msg-producer/api.go:40.37,42.3 1 0
github.com/ekhvalov/bank-chat-service/internal/services/msg-producer/api.go:43.2,43.12 1 1
github.com/ekhvalov/bank-chat-service/internal/services/msg-producer/encryptor.go:17.62,19.2 1 1
github.com/ekhvalov/bank-chat-service/internal/services/msg-producer/encryptor.go:21.107,22.25 1 1
github.com/ekhvalov/bank-chat-service/internal/services/msg-producer/encryptor.go:22.25,24.3 1 0
github.com/ekhvalov/bank-chat-service/internal/services/msg-producer/encryptor.go:25.2,26.16 2 1
github.com/ekhvalov/bank-chat-service/internal/services/msg-producer/encryptor.go:26.16,28.3 1 0
github.com/ekhvalov/bank-chat-service/internal/services/msg-producer/encryptor.go:30.2,31.16 2 1
github.com/ekhvalov/bank-chat-service/internal/services/msg-producer/encryptor.go:31.16,33.3 1 0
github.com/ekhvalov/bank-chat-service/internal/services/msg-producer/encryptor.go:35.2,36.16 2 1
github.com/ekhvalov/bank-chat-service/internal/services/msg-producer/encryptor.go:36.16,38.3 1 0
github.com/ekhvalov/bank-chat-service/internal/services/msg-producer/encryptor.go:39.2,42.8 1 1
github.com/ekhvalov/bank-chat-service/internal/services/msg-producer/encryptor.go:50.61,52.16 2 1
github.com/ekhvalov/bank-chat-service/internal/services/msg-producer/encryptor.go:52.16,54.3 1 0
github.com/ekhvalov/bank-chat-service/internal/services/msg-producer/encryptor.go:55.2,59.17 5 1
github.com/ekhvalov/bank-chat-service/internal/services/msg-producer/service.go:26.34,30.2 1 1
github.com/ekhvalov/bank-chat-service/internal/services/msg-producer/service.go:38.42,39.40 1 1
github.com/ekhvalov/bank-chat-service/internal/services/msg-producer/service.go:39.40,41.3 1 0
github.com/ekhvalov/bank-chat-service/internal/services/msg-producer/service.go:43.2,45.30 3 1
github.com/ekhvalov/bank-chat-service/internal/services/msg-producer/service.go:45.30,47.17 2 1
github.com/ekhvalov/bank-chat-service/internal/services/msg-producer/service.go:47.17,49.4 1 0
github.com/ekhvalov/bank-chat-service/internal/services/msg-producer/service.go:50.8,52.3 1 1
github.com/ekhvalov/bank-chat-service/internal/services/msg-producer/service.go:54.2,58.8 1 1
github.com/ekhvalov/bank-chat-service/internal/services/msg-producer/service.go:61.52,65.2 3 1
github.com/ekhvalov/bank-chat-service/internal/services/msg-producer/service_options.gen.go:18.11,31.30 9 1
github.com/ekhvalov/bank-chat-service/internal/services/msg-producer/service_options.gen.go:31.30,33.3 1 1
github.com/ekhvalov/bank-chat-service/internal/services/msg-producer/service_options.gen.go:34.2,34.10 1 1
github.com/ekhvalov/bank-chat-service/internal/services/msg-producer/service_options.gen.go:37.50,38.26 1 1
github.com/ekhvalov/bank-chat-service/internal/services/msg-producer/service_options.gen.go:38.26,40.3 1 1
github.com/ekhvalov/bank-chat-service/internal/services/msg-producer/service_options.gen.go:43.76,44.26 1 1
github.com/ekhvalov/bank-chat-service/internal/services/msg-producer/service_options.gen.go:44.26,46.3 1 1
github.com/ekhvalov/bank-chat-service/internal/services/msg-producer/service_options.gen.go:49.36,55.2 5 1
github.com/ekhvalov/bank-chat-service/internal/services/msg-producer/service_options.gen.go:57.45,58.87 1 1
github.com/ekhvalov/bank-chat-service/internal/services/msg-producer/service_options.gen.go:58.87,60.3 1 0
github.com/ekhvalov/bank-chat-service/internal/services/msg-producer/service_options.gen.go:61.2,61.12 1 1
github.com/ekhvalov/bank-chat-service/internal/services/msg-producer/service_options.gen.go:64.49,65.91 1 1
github.com/ekhvalov/bank-chat-service/internal/services/msg-producer/service_options.gen.go:65.91,67.3 1 0
github.com/ekhvalov/bank-chat-service/internal/services/msg-producer/service_options.gen.go:68.2,68.12 1 1
github.com/ekhvalov/bank-chat-service/internal/services/msg-producer/service_options.gen.go:71.53,72.108 1 1
github.com/ekhvalov/bank-chat-service/internal/services/msg-producer/service_options.gen.go:72.108,74.3 1 0
github.com/ekhvalov/bank-chat-service/internal/services/msg-producer/service_options.gen.go:75.2,75.12 1 1
github.com/ekhvalov/bank-chat-service/internal/services/msg-producer/writer.go:11.80,22.2 1 1
github.com/ekhvalov/bank-chat-service/internal/services/outbox/api.go:11.110,13.16 2 1
github.com/ekhvalov/bank-chat-service/internal/services/outbox/api.go:13.16,15.3 1 0
github.com/ekhvalov/bank-chat-service/internal/services/outbox/api.go:17.2,17.19 1 1
github.com/ekhvalov/bank-chat-service/internal/services/outbox/job.go:32.54,34.2 1 0
github.com/ekhvalov/bank-chat-service/internal/services/outbox/job.go:36.39,38.2 1 0
github.com/ekhvalov/bank-chat-service/internal/services/outbox/service.go:44.42,45.40 1 1
github.com/ekhvalov/bank-chat-service/internal/services/outbox/service.go:45.40,47.3 1 0
github.com/ekhvalov/bank-chat-service/internal/services/outbox/service.go:48.2,52.8 1 1
github.com/ekhvalov/bank-chat-service/internal/services/outbox/service.go:55.46,60.12 4 1
github.com/ekhvalov/bank-chat-service/internal/services/outbox/service.go:60.12,62.3 1 1
github.com/ekhvalov/bank-chat-service/internal/services/outbox/service.go:64.2,66.12 2 1
github.com/ekhvalov/bank-chat-service/internal/services/outbox/service.go:69.44,70.43 1 1
github.com/ekhvalov/bank-chat-service/internal/services/outbox/service.go:70.43,71.45 1 1
github.com/ekhvalov/bank-chat-service/internal/services/outbox/service.go:75.50,77.33 2 1
github.com/ekhvalov/bank-chat-service/internal/services/outbox/service.go:77.33,78.22 1 1
github.com/ekhvalov/bank-chat-service/internal/services/outbox/service.go:78.22,78.50 1 1
github.com/ekhvalov/bank-chat-service/internal/services/outbox/service.go:80.2,80.70 1 1
github.com/ekhvalov/bank-chat-service/internal/services/outbox/service.go:80.70,82.3 1 0
github.com/ekhvalov/bank-chat-service/internal/services/outbox/service.go:83.2,83.12 1 1
github.com/ekhvalov/bank-chat-service/internal/services/outbox/service.go:86.57,87.23 1 1
github.com/ekhvalov/bank-chat-service/internal/services/outbox/service.go:87.23,89.17 2 1
github.com/ekhvalov/bank-chat-service/internal/services/outbox/service.go:89.17,90.42 1 1
github.com/ekhvalov/bank-chat-service/internal/services/outbox/service.go:90.42,92.13 2 1
github.com/ekhvalov/bank-chat-service/internal/services/outbox/service.go:94.4,94.50 1 0
github.com/ekhvalov/bank-chat-service/internal/services/outbox/service.go:96.3,96.46 1 1
github.com/ekhvalov/bank-chat-service/internal/services/outbox/service.go:96.46,98.4 1 0
github.com/ekhvalov/bank-chat-service/internal/services/outbox/service.go:100.2,100.12 1 1
github.com/ekhvalov/bank-chat-service/internal/services/outbox/service.go:103.74,108.9 4 1
github.com/ekhvalov/bank-chat-service/internal/services/outbox/service.go:108.9,109.77 1 1
github.com/ekhvalov/bank-chat-service/internal/services/outbox/service.go:109.77,111.4 1 0
github.com/ekhvalov/bank-chat-service/internal/services/outbox/service.go:112.3,112.13 1 1
github.com/ekhvalov/bank-chat-service/internal/services/outbox/service.go:115.2,118.16 4 1
github.com/ekhvalov/bank-chat-service/internal/services/outbox/service.go:118.16,119.55 1 1
github.com/ekhvalov/bank-chat-service/internal/services/outbox/service.go:119.55,121.4 1 0
github.com/ekhvalov/bank-chat-service/internal/services/outbox/service.go:122.3,122.13 1 1
github.com/ekhvalov/bank-chat-service/internal/services/outbox/service.go:125.2,126.43 2 1
github.com/ekhvalov/bank-chat-service/internal/services/outbox/service.go:126.43,127.80 1 1
github.com/ekhvalov/bank-chat-service/internal/services/outbox/service.go:127.80,129.4 1 0
github.com/ekhvalov/bank-chat-service/internal/services/outbox/service.go:131.2,131.12 1 1
github.com/ekhvalov/bank-chat-service/internal/services/outbox/service.go:134.95,135.59 1 1
github.com/ekhvalov/bank-chat-service/internal/services/outbox/service.go:135.59,136.55 1 1
github.com/ekhvalov/bank-chat-service/internal/services/outbox/service.go:136.55,138.4 1 0
github.com/ekhvalov/bank-chat-service/internal/services/outbox/service.go:139.3,139.84 1 1
github.com/ekhvalov/bank-chat-service/internal/services/outbox/service.go:139.84,141.4 1 0
github.com/ekhvalov/bank-chat-service/internal/services/outbox/service.go:142.3,142.13 1 1
[...]
github.com/ekhvalov/bank-chat-service/internal/types/types.gen.go:55.2,55.12 1 1
github.com/ekhvalov/bank-chat-service/internal/types/types.gen.go:58.45,60.2 1 1
github.com/ekhvalov/bank-chat-service/internal/types/types.gen.go:63.33,65.2 1 1
github.com/ekhvalov/bank-chat-service/internal/types/types.gen.go:67.31,69.2 1 1
github.com/ekhvalov/bank-chat-service/internal/types/types.gen.go:75.35,77.2 1 0
github.com/ekhvalov/bank-chat-service/internal/types/types.gen.go:79.61,81.2 1 0
github.com/ekhvalov/bank-chat-service/internal/types/types.gen.go:83.56,85.2 1 0
github.com/ekhvalov/bank-chat-service/internal/types/types.gen.go:87.52,89.2 1 0
github.com/ekhvalov/bank-chat-service/internal/types/types.gen.go:91.43,93.2 1 0
github.com/ekhvalov/bank-chat-service/internal/types/types.gen.go:95.39,96.16 1 0
github.com/ekhvalov/bank-chat-service/internal/types/types.gen.go:96.16,98.3 1 0
github.com/ekhvalov/bank-chat-service/internal/types/types.gen.go:99.2,99.12 1 0
github.com/ekhvalov/bank-chat-service/internal/types/types.gen.go:102.50,104.2 1 0
github.com/ekhvalov/bank-chat-service/internal/types/types.gen.go:107.38,109.2 1 0
github.com/ekhvalov/bank-chat-service/internal/types/types.gen.go:111.36,113.2 1 0
github.com/ekhvalov/bank-chat-service/internal/types/types.gen.go:119.23,121.2 1 1
github.com/ekhvalov/bank-chat-service/internal/types/types.gen.go:123.55,125.2 1 0
github.com/ekhvalov/bank-chat-service/internal/types/types.gen.go:127.50,129.2 1 0
github.com/ekhvalov/bank-chat-service/internal/types/types.gen.go:131.46,133.2 1 1
github.com/ekhvalov/bank-chat-service/internal/types/types.gen.go:135.37,137.2 1 0
github.com/ekhvalov/bank-chat-service/internal/types/types.gen.go:139.33,140.16 1 1
github.com/ekhvalov/bank-chat-service/internal/types/types.gen.go:140.16,142.3 1 0
github.com/ekhvalov/bank-chat-service/internal/types/types.gen.go:143.2,143.12 1 1
github.com/ekhvalov/bank-chat-service/internal/types/types.gen.go:146.44,148.2 1 0
github.com/ekhvalov/bank-chat-service/internal/types/types.gen.go:151.32,153.2 1 1
github.com/ekhvalov/bank-chat-service/internal/types/types.gen.go:155.30,157.2 1 1
github.com/ekhvalov/bank-chat-service/internal/types/types.gen.go:163.31,165.2 1 1
github.com/ekhvalov/bank-chat-service/internal/types/types.gen.go:167.59,169.2 1 1
github.com/ekhvalov/bank-chat-service/internal/types/types.gen.go:171.54,173.2 1 0
github.com/ekhvalov/bank-chat-service/internal/types/types.gen.go:175.50,177.2 1 1
github.com/ekhvalov/bank-chat-service/internal/types/types.gen.go:179.41,181.2 1 1
github.com/ekhvalov/bank-chat-service/internal/types/types.gen.go:183.37,184.16 1 1
github.com/ekhvalov/bank-chat-service/internal/types/types.gen.go:184.16,186.3 1 0
github.com/ekhvalov/bank-chat-service/internal/types/types.gen.go:187.2,187.12 1 1
github.com/ekhvalov/bank-chat-service/internal/types/types.gen.go:190.48,192.2 1 0
github.com/ekhvalov/bank-chat-service/internal/types/types.gen.go:195.36,197.2 1 1
github.com/ekhvalov/bank-chat-service/internal/types/types.gen.go:199.34,201.2 1 1
github.com/ekhvalov/bank-chat-service/internal/types/types.gen.go:207.31,209.2 1 1
github.com/ekhvalov/bank-chat-service/internal/types/types.gen.go:211.59,213.2 1 0
github.com/ekhvalov/bank-chat-service/internal/types/types.gen.go:215.54,217.2 1 0
github.com/ekhvalov/bank-chat-service/internal/types/types.gen.go:219.50,221.2 1 1
github.com/ekhvalov/bank-chat-service/internal/types/types.gen.go:223.41,225.2 1 1
github.com/ekhvalov/bank-chat-service/internal/types/types.gen.go:227.37,228.16 1 1
github.com/ekhvalov/bank-chat-service/internal/types/types.gen.go:228.16,230.3 1 0
github.com/ekhvalov/bank-chat-service/internal/types/types.gen.go:231.2,231.12 1 1
github.com/ekhvalov/bank-chat-service/internal/types/types.gen.go:234.48,236.2 1 0
github.com/ekhvalov/bank-chat-service/internal/types/types.gen.go:239.36,241.2 1 1
github.com/ekhvalov/bank-chat-service/internal/types/types.gen.go:243.34,245.2 1 1
github.com/ekhvalov/bank-chat-service/internal/types/types.gen.go:251.25,253.2 1 0
github.com/ekhvalov/bank-chat-service/internal/types/types.gen.go:255.56,257.2 1 1
github.com/ekhvalov/bank-chat-service/internal/types/types.gen.go:259.51,261.2 1 1
github.com/ekhvalov/bank-chat-service/internal/types/types.gen.go:263.47,265.2 1 1
github.com/ekhvalov/bank-chat-service/internal/types/types.gen.go:267.38,269.2 1 1
github.com/ekhvalov/bank-chat-service/internal/types/types.gen.go:271.34,272.16 1 1
github.com/ekhvalov/bank-chat-service/internal/types/types.gen.go:272.16,274.3 1 0
github.com/ekhvalov/bank-chat-service/internal/types/types.gen.go:275.2,275.12 1 1
github.com/ekhvalov/bank-chat-service/internal/types/types.gen.go:278.45,280.2 1 0
github.com/ekhvalov/bank-chat-service/internal/types/types.gen.go:283.33,285.2 1 1
github.com/ekhvalov/bank-chat-service/internal/types/types.gen.go:287.31,289.2 1 1
github.com/ekhvalov/bank-chat-service/internal/types/types.gen.go:295.31,297.2 1 0
github.com/ekhvalov/bank-chat-service/internal/types/types.gen.go:299.59,301.2 1 0
github.com/ekhvalov/bank-chat-service/internal/types/types.gen.go:303.54,305.2 1 1
github.com/ekhvalov/bank-chat-service/internal/types/types.gen.go:307.50,309.2 1 1
github.com/ekhvalov/bank-chat-service/internal/types/types.gen.go:311.41,313.2 1 1
github.com/ekhvalov/bank-chat-service/internal/types/types.gen.go:315.37,316.16 1 1
github.com/ekhvalov/bank-chat-service/internal/types/types.gen.go:316.16,318.3 1 0
github.com/ekhvalov/bank-chat-service/internal/types/types.gen.go:319.2,319.12 1 1
github.com/ekhvalov/bank-chat-service/internal/types/types.gen.go:322.48,324.2 1 0
github.com/ekhvalov/bank-chat-service/internal/types/types.gen.go:327.36,329.2 1 1
github.com/ekhvalov/bank-chat-service/internal/types/types.gen.go:331.34,333.2 1 1
github.com/ekhvalov/bank-chat-service/internal/usecases/client/get-history/dto.go:18.35,19.39 1 1
github.com/ekhvalov/bank-chat-service/internal/usecases/client/get-history/dto.go:19.39,21.3 1 1
github.com/ekhvalov/bank-chat-service/internal/usecases/client/get-history/dto.go:21.8,21.46 1 1
github.com/ekhvalov/bank-chat-service/internal/usecases/client/get-history/dto.go:21.46,23.3 1 1
github.com/ekhvalov/bank-chat-service/internal/usecases/client/get-history/dto.go:24.2,24.38 1 1
github.com/ekhvalov/bank-chat-service/internal/usecases/client/get-history/usecase.go:38.41,39.40 1 1
github.com/ekhvalov/bank-chat-service/internal/usecases/client/get-history/usecase.go:39.40,41.3 1 0
github.com/ekhvalov/bank-chat-service/internal/usecases/client/get-history/usecase.go:42.2,42.36 1 1
github.com/ekhvalov/bank-chat-service/internal/usecases/client/get-history/usecase.go:45.77,46.39 1 1
github.com/ekhvalov/bank-chat-service/internal/usecases/client/get-history/usecase.go:46.39,48.3 1 1
github.com/ekhvalov/bank-chat-service/internal/usecases/client/get-history/usecase.go:49.2,50.22 2 1
github.com/ekhvalov/bank-chat-service/internal/usecases/client/get-history/usecase.go:50.22,51.57 1 1
github.com/ekhvalov/bank-chat-service/internal/usecases/client/get-history/usecase.go:51.57,53.4 1 1
github.com/ekhvalov/bank-chat-service/internal/usecases/client/get-history/usecase.go:55.2,56.16 2 1
github.com/ekhvalov/bank-chat-service/internal/usecases/client/get-history/usecase.go:56.16,57.52 1 1
github.com/ekhvalov/bank-chat-service/internal/usecases/client/get-history/usecase.go:57.52,59.4 1 1
github.com/ekhvalov/bank-chat-service/internal/usecases/client/get-history/usecase.go:60.3,60.66 1 1
github.com/ekhvalov/bank-chat-service/internal/usecases/client/get-history/usecase.go:62.2,63.20 2 1
github.com/ekhvalov/bank-chat-service/internal/usecases/client/get-history/usecase.go:63.20,64.64 1 1
github.com/ekhvalov/bank-chat-service/internal/usecases/client/get-history/usecase.go:64.64,66.4 1 0
github.com/ekhvalov/bank-chat-service/internal/usecases/client/get-history/usecase.go:68.2,69.29 2 1
github.com/ekhvalov/bank-chat-service/internal/usecases/client/get-history/usecase.go:69.29,79.3 1 1
github.com/ekhvalov/bank-chat-service/internal/usecases/client/get-history/usecase.go:80.2,80.18 1 1
github.com/ekhvalov/bank-chat-service/internal/usecases/client/get-history/usecase_options.gen.go:16.11,23.30 3 1
github.com/ekhvalov/bank-chat-service/internal/usecases/client/get-history/usecase_options.gen.go:23.30,25.3 1 0
github.com/ekhvalov/bank-chat-service/internal/usecases/client/get-history/usecase_options.gen.go:26.2,26.10 1 1
github.com/ekhvalov/bank-chat-service/internal/usecases/client/get-history/usecase_options.gen.go:29.36,33.2 3 1
github.com/ekhvalov/bank-chat-service/internal/usecases/client/get-history/usecase_options.gen.go:35.50,36.92 1 1
github.com/ekhvalov/bank-chat-service/internal/usecases/client/get-history/usecase_options.gen.go:36.92,38.3 1 0
github.com/ekhvalov/bank-chat-service/internal/usecases/client/get-history/usecase_options.gen.go:39.2,39.12 1 1
github.com/ekhvalov/bank-chat-service/internal/usecases/client/send-message/dto.go:17.35,18.54 1 1
github.com/ekhvalov/bank-chat-service/internal/usecases/client/send-message/dto.go:18.54,20.3 1 1
github.com/ekhvalov/bank-chat-service/internal/usecases/client/send-message/dto.go:21.2,21.12 1 1
github.com/ekhvalov/bank-chat-service/internal/usecases/client/send-message/usecase.go:64.41,66.2 1 1
github.com/ekhvalov/bank-chat-service/internal/usecases/client/send-message/usecase.go:68.77,69.39 1 1
github.com/ekhvalov/bank-chat-service/internal/usecases/client/send-message/usecase.go:69.39,71.3 1 1
github.com/ekhvalov/bank-chat-service/internal/usecases/client/send-message/usecase.go:73.2,74.40 2 1
github.com/ekhvalov/bank-chat-service/internal/usecases/client/send-message/usecase.go:74.40,77.17 3 1
github.com/ekhvalov/bank-chat-service/internal/usecases/client/send-message/usecase.go:77.17,79.4 1 1
github.com/ekhvalov/bank-chat-service/internal/usecases/client/send-message/usecase.go:80.3,80.51 1 1
github.com/ekhvalov/bank-chat-service/internal/usecases/client/send-message/usecase.go:80.51,82.4 1 1
github.com/ekhvalov/bank-chat-service/internal/usecases/client/send-message/usecase.go:83.3,85.17 3 1
github.com/ekhvalov/bank-chat-service/internal/usecases/client/send-message/usecase.go:85.17,87.4 1 1
github.com/ekhvalov/bank-chat-service/internal/usecases/client/send-message/usecase.go:88.3,90.17 3 1
github.com/ekhvalov/bank-chat-service/internal/usecases/client/send-message/usecase.go:90.17,92.4 1 1
github.com/ekhvalov/bank-chat-service/internal/usecases/client/send-message/usecase.go:93.3,94.17 2 1
github.com/ekhvalov/bank-chat-service/internal/usecases/client/send-message/usecase.go:94.17,96.4 1 1
github.com/ekhvalov/bank-chat-service/internal/usecases/client/send-message/usecase.go:97.3,98.17 2 1
github.com/ekhvalov/bank-chat-service/internal/usecases/client/send-message/usecase.go:98.17,100.4 1 1
github.com/ekhvalov/bank-chat-service/internal/usecases/client/send-message/usecase.go:101.3,101.13 1 1
github.com/ekhvalov/bank-chat-service/internal/usecases/client/send-message/usecase.go:103.2,103.47 1 1
github.com/ekhvalov/bank-chat-service/internal/usecases/client/send-message/usecase.go:103.47,105.3 1 1
github.com/ekhvalov/bank-chat-service/internal/usecases/client/send-message/usecase.go:107.2,111.8 1 1
github.com/ekhvalov/bank-chat-service/internal/usecases/client/send-message/usecase_options.gen.go:20.11,31.30 7 1
github.com/ekhvalov/bank-chat-service/internal/usecases/client/send-message/usecase_options.gen.go:31.30,33.3 1 0
github.com/ekhvalov/bank-chat-service/internal/usecases/client/send-message/usecase_options.gen.go:34.2,34.10 1 1
github.com/ekhvalov/bank-chat-service/internal/usecases/client/send-message/usecase_options.gen.go:37.36,45.2 7 1
github.com/ekhvalov/bank-chat-service/internal/usecases/client/send-message/usecase_options.gen.go:47.52,48.94 1 1
github.com/ekhvalov/bank-chat-service/internal/usecases/client/send-message/usecase_options.gen.go:48.94,50.3 1 0
github.com/ekhvalov/bank-chat-service/internal/usecases/client/send-message/usecase_options.gen.go:51.2,51.12 1 1
github.com/ekhvalov/bank-chat-service/internal/usecases/client/send-message/usecase_options.gen.go:54.55,55.97 1 1
github.com/ekhvalov/bank-chat-service/internal/usecases/client/send-message/usecase_options.gen.go:55.97,57.3 1 0
github.com/ekhvalov/bank-chat-service/internal/usecases/client/send-message/usecase_options.gen.go:58.2,58.12 1 1
github.com/ekhvalov/bank-chat-service/internal/usecases/client/send-message/usecase_options.gen.go:61.52,62.94 1 1
github.com/ekhvalov/bank-chat-service/internal/usecases/client/send-message/usecase_options.gen.go:62.94,64.3 1 0
github.com/ekhvalov/bank-chat-service/internal/usecases/client/send-message/usecase_options.gen.go:65.2,65.12 1 1
github.com/ekhvalov/bank-chat-service/internal/usecases/client/send-message/usecase_options.gen.go:68.55,69.97 1 1
github.com/ekhvalov/bank-chat-service/internal/usecases/client/send-message/usecase_options.gen.go:69.97,71.3 1 0
github.com/ekhvalov/bank-chat-service/internal/usecases/client/send-message/usecase_options.gen.go:72.2,72.12 1 1
github.com/ekhvalov/bank-chat-service/internal/usecases/client/send-message/usecase_options.gen.go:75.46,76.88 1 1
github.com/ekhvalov/bank-chat-service/internal/usecases/client/send-message/usecase_options.gen.go:76.88,78.3 1 0
github.com/ekhvalov/bank-chat-service/internal/usecases/client/send-message/usecase_options.gen.go:79.2,79.12 1 1
github.com/ekhvalov/bank-chat-service/internal/usecases/manager/can-receive-problems/dto.go:15.35,16.54 1 1
github.com/ekhvalov/bank-chat-service/internal/usecases/manager/can-receive-problems/dto.go:16.54,18.3 1 1
github.com/ekhvalov/bank-chat-service/internal/usecases/manager/can-receive-problems/dto.go:19.2,19.12 1 1
github.com/ekhvalov/bank-chat-service/internal/usecases/manager/can-receive-problems/usecase.go:33.41,34.40 1 1
github.com/ekhvalov/bank-chat-service/internal/usecases/manager/can-receive-problems/usecase.go:34.40,36.3 1 1
github.com/ekhvalov/bank-chat-service/internal/usecases/manager/can-receive-problems/usecase.go:37.2,37.36 1 1
github.com/ekhvalov/bank-chat-service/internal/usecases/manager/can-receive-problems/usecase.go:44.77,45.39 1 1
github.com/ekhvalov/bank-chat-service/internal/usecases/manager/can-receive-problems/usecase.go:45.39,47.3 1 1
github.com/ekhvalov/bank-chat-service/internal/usecases/manager/can-receive-problems/usecase.go:49.2,50.16 2 1
github.com/ekhvalov/bank-chat-service/internal/usecases/manager/can-receive-problems/usecase.go:50.16,52.3 1 1
github.com/ekhvalov/bank-chat-service/internal/usecases/manager/can-receive-problems/usecase.go:53.2,53.17 1 1
github.com/ekhvalov/bank-chat-service/internal/usecases/manager/can-receive-problems/usecase.go:53.17,55.3 1 1
github.com/ekhvalov/bank-chat-service/internal/usecases/manager/can-receive-problems/usecase.go:57.2,58.16 2 1
github.com/ekhvalov/bank-chat-service/internal/usecases/manager/can-receive-problems/usecase.go:58.16,60.3 1 1
github.com/ekhvalov/bank-chat-service/internal/usecases/manager/can-receive-problems/usecase.go:61.2,61.46 1 1
github.com/ekhvalov/bank-chat-service/internal/usecases/manager/can-receive-problems/usecase_options.gen.go:17.11,25.30 4 1
github.com/ekhvalov/bank-chat-service/internal/usecases/manager/can-receive-problems/usecase_options.gen.go:25.30,27.3 1 0
github.com/ekhvalov/bank-chat-service/internal/usecases/manager/can-receive-problems/usecase_options.gen.go:28.2,28.10 1 1
github.com/ekhvalov/bank-chat-service/internal/usecases/manager/can-receive-problems/usecase_options.gen.go:31.36,36.2 4 1
github.com/ekhvalov/bank-chat-service/internal/usecases/manager/can-receive-problems/usecase_options.gen.go:38.54,39.96 1 1
github.com/ekhvalov/bank-chat-service/internal/usecases/manager/can-receive-problems/usecase_options.gen.go:39.96,41.3 1 1
github.com/ekhvalov/bank-chat-service/internal/usecases/manager/can-receive-problems/usecase_options.gen.go:42.2,42.12 1 1
github.com/ekhvalov/bank-chat-service/internal/usecases/manager/can-receive-problems/usecase_options.gen.go:45.47,46.89 1 1
github.com/ekhvalov/bank-chat-service/internal/usecases/manager/can-receive-problems/usecase_options.gen.go:46.89,48.3 1 1
github.com/ekhvalov/bank-chat-service/internal/usecases/manager/can-receive-problems/usecase_options.gen.go:49.2,49.12 1 1
github.com/ekhvalov/bank-chat-service/internal/usecases/manager/free-hands/dto.go:15.35,16.54 1 1
github.com/ekhvalov/bank-chat-service/internal/usecases/manager/free-hands/dto.go:16.54,18.3 1 1
github.com/ekhvalov/bank-chat-service/internal/usecases/manager/free-hands/dto.go:19.2,19.12 1 1
github.com/ekhvalov/bank-chat-service/internal/usecases/manager/free-hands/usecase.go:33.41,34.40 1 1
github.com/ekhvalov/bank-chat-service/internal/usecases/manager/free-hands/usecase.go:34.40,36.3 1 1
github.com/ekhvalov/bank-chat-service/internal/usecases/manager/free-hands/usecase.go:37.2,37.36 1 1
github.com/ekhvalov/bank-chat-service/internal/usecases/manager/free-hands/usecase.go:44.65,45.39 1 1
github.com/ekhvalov/bank-chat-service/internal/usecases/manager/free-hands/usecase.go:45.39,47.3 1 1
github.com/ekhvalov/bank-chat-service/internal/usecases/manager/free-hands/usecase.go:49.2,50.16 2 1
github.com/ekhvalov/bank-chat-service/internal/usecases/manager/free-hands/usecase.go:50.16,52.3 1 1
github.com/ekhvalov/bank-chat-service/internal/usecases/manager/free-hands/usecase.go:53.2,53.17 1 1
github.com/ekhvalov/bank-chat-service/internal/usecases/manager/free-hands/usecase.go:53.17,55.3 1 1
github.com/ekhvalov/bank-chat-service/internal/usecases/manager/free-hands/usecase.go:57.2,58.16 2 1
github.com/ekhvalov/bank-chat-service/internal/usecases/manager/free-hands/usecase.go:58.16,60.3 1 1
github.com/ekhvalov/bank-chat-service/internal/usecases/manager/free-hands/usecase.go:61.2,61.21 1 1
github.com/ekhvalov/bank-chat-service/internal/usecases/manager/free-hands/usecase.go:61.21,63.3 1 1
github.com/ekhvalov/bank-chat-service/internal/usecases/manager/free-hands/usecase.go:65.2,65.54 1 1
github.com/ekhvalov/bank-chat-service/internal/usecases/manager/free-hands/usecase.go:65.54,67.3 1 1
github.com/ekhvalov/bank-chat-service/internal/usecases/manager/free-hands/usecase.go:68.2,68.12 1 1
github.com/ekhvalov/bank-chat-service/internal/usecases/manager/free-hands/usecase_options.gen.go:17.11,25.30 4 1
github.com/ekhvalov/bank-chat-service/internal/usecases/manager/free-hands/usecase_options.gen.go:25.30,27.3 1 0
github.com/ekhvalov/bank-chat-service/internal/usecases/manager/free-hands/usecase_options.gen.go:28.2,28.10 1 1
github.com/ekhvalov/bank-chat-service/internal/usecases/manager/free-hands/usecase_options.gen.go:31.36,36.2 4 1
github.com/ekhvalov/bank-chat-service/internal/usecases/manager/free-hands/usecase_options.gen.go:38.54,39.96 1 1
github.com/ekhvalov/bank-chat-service/internal/usecases/manager/free-hands/usecase_options.gen.go:39.96,41.3 1 1
github.com/ekhvalov/bank-chat-service/internal/usecases/manager/free-hands/usecase_options.gen.go:42.2,42.12 1 1
github.com/ekhvalov/bank-chat-service/internal/usecases/manager/free-hands/usecase_options.gen.go:45.47,46.89 1 1
github.com/ekhvalov/bank-chat-service/internal/usecases/manager/free-hands/usecase_options.gen.go:46.89,48.3 1 1
github.com/ekhvalov/bank-chat-service/internal/usecases/manager/free-hands/usecase_options.gen.go:49.2,49.12 1 1
github.com/ekhvalov/bank-chat-service/internal/validator/validator.go:10.13,12.2 1 1
github.com/ekhvalov/bank-chat-service/pkg/pointer/pointer.go:5.32,6.16 1 1
github.com/ekhvalov/bank-chat-service/pkg/pointer/pointer.go:6.16,8.3 1 1
github.com/ekhvalov/bank-chat-service/pkg/pointer/pointer.go:9.2,9.13 1 1
github.com/ekhvalov/bank-chat-service/pkg/pointer/pointer.go:13.25,15.2 1 1
github.com/ekhvalov/bank-chat-service/pkg/pointer/pointer.go:19.45,21.15 2 1
github.com/ekhvalov/bank-chat-service/pkg/pointer/pointer.go:21.15,23.3 1 1
github.com/ekhvalov/bank-chat-service/pkg/pointer/pointer.go:24.2,24.11 1 1
